[2025-04-03T11:24:16.496+0000] {processor.py:157} INFO - Started process (PID=178) to work on /opt/airflow/dags/fetch_tweets_dagV0.py
[2025-04-03T11:24:16.497+0000] {processor.py:829} INFO - Processing file /opt/airflow/dags/fetch_tweets_dagV0.py for tasks to queue
[2025-04-03T11:24:16.498+0000] {logging_mixin.py:151} INFO - [2025-04-03T11:24:16.497+0000] {dagbag.py:539} INFO - Filling up the DagBag from /opt/airflow/dags/fetch_tweets_dagV0.py
[2025-04-03T11:24:16.604+0000] {processor.py:839} INFO - DAG(s) dict_keys(['fetch_tweets']) retrieved from /opt/airflow/dags/fetch_tweets_dagV0.py
[2025-04-03T11:24:16.709+0000] {logging_mixin.py:151} INFO - [2025-04-03T11:24:16.709+0000] {manager.py:501} INFO - Created Permission View: can edit on DAG:fetch_tweets
[2025-04-03T11:24:16.717+0000] {logging_mixin.py:151} INFO - [2025-04-03T11:24:16.717+0000] {manager.py:501} INFO - Created Permission View: can read on DAG:fetch_tweets
[2025-04-03T11:24:16.723+0000] {logging_mixin.py:151} INFO - [2025-04-03T11:24:16.723+0000] {manager.py:501} INFO - Created Permission View: can delete on DAG:fetch_tweets
[2025-04-03T11:24:16.734+0000] {logging_mixin.py:151} INFO - [2025-04-03T11:24:16.734+0000] {dag.py:2907} INFO - Sync 1 DAGs
[2025-04-03T11:24:16.744+0000] {logging_mixin.py:151} INFO - [2025-04-03T11:24:16.744+0000] {dag.py:2929} INFO - Creating ORM DAG for fetch_tweets
[2025-04-03T11:24:16.842+0000] {logging_mixin.py:151} INFO - [2025-04-03T11:24:16.842+0000] {dag.py:3677} INFO - Setting next_dagrun for fetch_tweets to 2025-04-03T10:24:16.842124+00:00, run_after=2025-04-03T11:24:16.842124+00:00
[2025-04-03T11:24:16.857+0000] {processor.py:179} INFO - Processing /opt/airflow/dags/fetch_tweets_dagV0.py took 0.365 seconds
[2025-04-03T11:24:47.191+0000] {processor.py:157} INFO - Started process (PID=193) to work on /opt/airflow/dags/fetch_tweets_dagV0.py
[2025-04-03T11:24:47.191+0000] {processor.py:829} INFO - Processing file /opt/airflow/dags/fetch_tweets_dagV0.py for tasks to queue
[2025-04-03T11:24:47.192+0000] {logging_mixin.py:151} INFO - [2025-04-03T11:24:47.192+0000] {dagbag.py:539} INFO - Filling up the DagBag from /opt/airflow/dags/fetch_tweets_dagV0.py
[2025-04-03T11:24:47.234+0000] {processor.py:839} INFO - DAG(s) dict_keys(['fetch_tweets']) retrieved from /opt/airflow/dags/fetch_tweets_dagV0.py
[2025-04-03T11:24:47.257+0000] {logging_mixin.py:151} INFO - [2025-04-03T11:24:47.257+0000] {dag.py:2907} INFO - Sync 1 DAGs
[2025-04-03T11:24:47.276+0000] {logging_mixin.py:151} INFO - [2025-04-03T11:24:47.276+0000] {dag.py:3677} INFO - Setting next_dagrun for fetch_tweets to 2025-04-03T10:24:47.276131+00:00, run_after=2025-04-03T11:24:47.276131+00:00
[2025-04-03T11:24:47.290+0000] {processor.py:179} INFO - Processing /opt/airflow/dags/fetch_tweets_dagV0.py took 0.103 seconds
[2025-04-03T11:25:17.726+0000] {processor.py:157} INFO - Started process (PID=208) to work on /opt/airflow/dags/fetch_tweets_dagV0.py
[2025-04-03T11:25:17.727+0000] {processor.py:829} INFO - Processing file /opt/airflow/dags/fetch_tweets_dagV0.py for tasks to queue
[2025-04-03T11:25:17.727+0000] {logging_mixin.py:151} INFO - [2025-04-03T11:25:17.727+0000] {dagbag.py:539} INFO - Filling up the DagBag from /opt/airflow/dags/fetch_tweets_dagV0.py
[2025-04-03T11:25:17.768+0000] {processor.py:839} INFO - DAG(s) dict_keys(['fetch_tweets']) retrieved from /opt/airflow/dags/fetch_tweets_dagV0.py
[2025-04-03T11:25:17.792+0000] {logging_mixin.py:151} INFO - [2025-04-03T11:25:17.792+0000] {dag.py:2907} INFO - Sync 1 DAGs
[2025-04-03T11:25:17.812+0000] {logging_mixin.py:151} INFO - [2025-04-03T11:25:17.812+0000] {dag.py:3677} INFO - Setting next_dagrun for fetch_tweets to 2025-04-03T10:25:17.812279+00:00, run_after=2025-04-03T11:25:17.812279+00:00
[2025-04-03T11:25:17.827+0000] {processor.py:179} INFO - Processing /opt/airflow/dags/fetch_tweets_dagV0.py took 0.105 seconds
[2025-04-03T11:25:48.202+0000] {processor.py:157} INFO - Started process (PID=223) to work on /opt/airflow/dags/fetch_tweets_dagV0.py
[2025-04-03T11:25:48.203+0000] {processor.py:829} INFO - Processing file /opt/airflow/dags/fetch_tweets_dagV0.py for tasks to queue
[2025-04-03T11:25:48.204+0000] {logging_mixin.py:151} INFO - [2025-04-03T11:25:48.203+0000] {dagbag.py:539} INFO - Filling up the DagBag from /opt/airflow/dags/fetch_tweets_dagV0.py
[2025-04-03T11:25:48.241+0000] {processor.py:839} INFO - DAG(s) dict_keys(['fetch_tweets']) retrieved from /opt/airflow/dags/fetch_tweets_dagV0.py
[2025-04-03T11:25:48.265+0000] {logging_mixin.py:151} INFO - [2025-04-03T11:25:48.264+0000] {dag.py:2907} INFO - Sync 1 DAGs
[2025-04-03T11:25:48.283+0000] {logging_mixin.py:151} INFO - [2025-04-03T11:25:48.283+0000] {dag.py:3677} INFO - Setting next_dagrun for fetch_tweets to 2025-04-03T10:25:48.283537+00:00, run_after=2025-04-03T11:25:48.283537+00:00
[2025-04-03T11:25:48.297+0000] {processor.py:179} INFO - Processing /opt/airflow/dags/fetch_tweets_dagV0.py took 0.097 seconds
[2025-04-03T11:26:18.713+0000] {processor.py:157} INFO - Started process (PID=238) to work on /opt/airflow/dags/fetch_tweets_dagV0.py
[2025-04-03T11:26:18.713+0000] {processor.py:829} INFO - Processing file /opt/airflow/dags/fetch_tweets_dagV0.py for tasks to queue
[2025-04-03T11:26:18.714+0000] {logging_mixin.py:151} INFO - [2025-04-03T11:26:18.714+0000] {dagbag.py:539} INFO - Filling up the DagBag from /opt/airflow/dags/fetch_tweets_dagV0.py
[2025-04-03T11:26:18.752+0000] {processor.py:839} INFO - DAG(s) dict_keys(['fetch_tweets']) retrieved from /opt/airflow/dags/fetch_tweets_dagV0.py
[2025-04-03T11:26:18.775+0000] {logging_mixin.py:151} INFO - [2025-04-03T11:26:18.774+0000] {dag.py:2907} INFO - Sync 1 DAGs
[2025-04-03T11:26:18.793+0000] {logging_mixin.py:151} INFO - [2025-04-03T11:26:18.793+0000] {dag.py:3677} INFO - Setting next_dagrun for fetch_tweets to 2025-04-03T10:26:18.792968+00:00, run_after=2025-04-03T11:26:18.792968+00:00
[2025-04-03T11:26:18.808+0000] {processor.py:179} INFO - Processing /opt/airflow/dags/fetch_tweets_dagV0.py took 0.097 seconds
[2025-04-03T11:26:49.260+0000] {processor.py:157} INFO - Started process (PID=253) to work on /opt/airflow/dags/fetch_tweets_dagV0.py
[2025-04-03T11:26:49.261+0000] {processor.py:829} INFO - Processing file /opt/airflow/dags/fetch_tweets_dagV0.py for tasks to queue
[2025-04-03T11:26:49.261+0000] {logging_mixin.py:151} INFO - [2025-04-03T11:26:49.261+0000] {dagbag.py:539} INFO - Filling up the DagBag from /opt/airflow/dags/fetch_tweets_dagV0.py
[2025-04-03T11:26:49.299+0000] {processor.py:839} INFO - DAG(s) dict_keys(['fetch_tweets']) retrieved from /opt/airflow/dags/fetch_tweets_dagV0.py
[2025-04-03T11:26:49.324+0000] {logging_mixin.py:151} INFO - [2025-04-03T11:26:49.324+0000] {dag.py:2907} INFO - Sync 1 DAGs
[2025-04-03T11:26:49.348+0000] {logging_mixin.py:151} INFO - [2025-04-03T11:26:49.348+0000] {dag.py:3677} INFO - Setting next_dagrun for fetch_tweets to 2025-04-03T10:26:49.348181+00:00, run_after=2025-04-03T11:26:49.348181+00:00
[2025-04-03T11:26:49.463+0000] {processor.py:179} INFO - Processing /opt/airflow/dags/fetch_tweets_dagV0.py took 0.206 seconds
[2025-04-03T11:27:19.872+0000] {processor.py:157} INFO - Started process (PID=268) to work on /opt/airflow/dags/fetch_tweets_dagV0.py
[2025-04-03T11:27:19.873+0000] {processor.py:829} INFO - Processing file /opt/airflow/dags/fetch_tweets_dagV0.py for tasks to queue
[2025-04-03T11:27:19.874+0000] {logging_mixin.py:151} INFO - [2025-04-03T11:27:19.873+0000] {dagbag.py:539} INFO - Filling up the DagBag from /opt/airflow/dags/fetch_tweets_dagV0.py
[2025-04-03T11:27:19.916+0000] {processor.py:839} INFO - DAG(s) dict_keys(['fetch_tweets']) retrieved from /opt/airflow/dags/fetch_tweets_dagV0.py
[2025-04-03T11:27:19.938+0000] {logging_mixin.py:151} INFO - [2025-04-03T11:27:19.938+0000] {dag.py:2907} INFO - Sync 1 DAGs
[2025-04-03T11:27:20.053+0000] {logging_mixin.py:151} INFO - [2025-04-03T11:27:20.053+0000] {dag.py:3677} INFO - Setting next_dagrun for fetch_tweets to 2025-04-03T10:27:20.053487+00:00, run_after=2025-04-03T11:27:20.053487+00:00
[2025-04-03T11:27:20.068+0000] {processor.py:179} INFO - Processing /opt/airflow/dags/fetch_tweets_dagV0.py took 0.199 seconds
[2025-04-03T11:27:52.337+0000] {processor.py:157} INFO - Started process (PID=289) to work on /opt/airflow/dags/fetch_tweets_dagV0.py
[2025-04-03T11:27:52.337+0000] {processor.py:829} INFO - Processing file /opt/airflow/dags/fetch_tweets_dagV0.py for tasks to queue
[2025-04-03T11:27:52.338+0000] {logging_mixin.py:151} INFO - [2025-04-03T11:27:52.338+0000] {dagbag.py:539} INFO - Filling up the DagBag from /opt/airflow/dags/fetch_tweets_dagV0.py
[2025-04-03T11:27:52.376+0000] {processor.py:839} INFO - DAG(s) dict_keys(['fetch_tweets']) retrieved from /opt/airflow/dags/fetch_tweets_dagV0.py
[2025-04-03T11:27:52.397+0000] {logging_mixin.py:151} INFO - [2025-04-03T11:27:52.397+0000] {dag.py:2907} INFO - Sync 1 DAGs
[2025-04-03T11:27:52.499+0000] {logging_mixin.py:151} INFO - [2025-04-03T11:27:52.499+0000] {dag.py:3677} INFO - Setting next_dagrun for fetch_tweets to 2025-04-03T10:27:52.499047+00:00, run_after=2025-04-03T11:27:52.499047+00:00
[2025-04-03T11:27:52.514+0000] {processor.py:179} INFO - Processing /opt/airflow/dags/fetch_tweets_dagV0.py took 0.180 seconds
[2025-04-03T11:28:22.596+0000] {processor.py:157} INFO - Started process (PID=310) to work on /opt/airflow/dags/fetch_tweets_dagV0.py
[2025-04-03T11:28:22.597+0000] {processor.py:829} INFO - Processing file /opt/airflow/dags/fetch_tweets_dagV0.py for tasks to queue
[2025-04-03T11:28:22.598+0000] {logging_mixin.py:151} INFO - [2025-04-03T11:28:22.598+0000] {dagbag.py:539} INFO - Filling up the DagBag from /opt/airflow/dags/fetch_tweets_dagV0.py
[2025-04-03T11:28:22.638+0000] {processor.py:839} INFO - DAG(s) dict_keys(['fetch_tweets']) retrieved from /opt/airflow/dags/fetch_tweets_dagV0.py
[2025-04-03T11:28:22.777+0000] {logging_mixin.py:151} INFO - [2025-04-03T11:28:22.777+0000] {dag.py:2907} INFO - Sync 1 DAGs
[2025-04-03T11:28:22.796+0000] {logging_mixin.py:151} INFO - [2025-04-03T11:28:22.796+0000] {dag.py:3677} INFO - Setting next_dagrun for fetch_tweets to 2025-04-03T10:28:22.796117+00:00, run_after=2025-04-03T11:28:22.796117+00:00
[2025-04-03T11:28:22.815+0000] {processor.py:179} INFO - Processing /opt/airflow/dags/fetch_tweets_dagV0.py took 0.221 seconds
[2025-04-03T11:28:52.999+0000] {processor.py:157} INFO - Started process (PID=325) to work on /opt/airflow/dags/fetch_tweets_dagV0.py
[2025-04-03T11:28:53.000+0000] {processor.py:829} INFO - Processing file /opt/airflow/dags/fetch_tweets_dagV0.py for tasks to queue
[2025-04-03T11:28:53.001+0000] {logging_mixin.py:151} INFO - [2025-04-03T11:28:53.001+0000] {dagbag.py:539} INFO - Filling up the DagBag from /opt/airflow/dags/fetch_tweets_dagV0.py
[2025-04-03T11:28:53.133+0000] {processor.py:839} INFO - DAG(s) dict_keys(['fetch_tweets']) retrieved from /opt/airflow/dags/fetch_tweets_dagV0.py
[2025-04-03T11:28:53.153+0000] {logging_mixin.py:151} INFO - [2025-04-03T11:28:53.153+0000] {dag.py:2907} INFO - Sync 1 DAGs
[2025-04-03T11:28:53.172+0000] {logging_mixin.py:151} INFO - [2025-04-03T11:28:53.172+0000] {dag.py:3677} INFO - Setting next_dagrun for fetch_tweets to 2025-04-03T10:28:53.171782+00:00, run_after=2025-04-03T11:28:53.171782+00:00
[2025-04-03T11:28:53.232+0000] {processor.py:179} INFO - Processing /opt/airflow/dags/fetch_tweets_dagV0.py took 0.236 seconds
[2025-04-03T11:29:23.517+0000] {processor.py:157} INFO - Started process (PID=340) to work on /opt/airflow/dags/fetch_tweets_dagV0.py
[2025-04-03T11:29:23.518+0000] {processor.py:829} INFO - Processing file /opt/airflow/dags/fetch_tweets_dagV0.py for tasks to queue
[2025-04-03T11:29:23.519+0000] {logging_mixin.py:151} INFO - [2025-04-03T11:29:23.518+0000] {dagbag.py:539} INFO - Filling up the DagBag from /opt/airflow/dags/fetch_tweets_dagV0.py
[2025-04-03T11:29:23.680+0000] {processor.py:839} INFO - DAG(s) dict_keys(['fetch_tweets']) retrieved from /opt/airflow/dags/fetch_tweets_dagV0.py
[2025-04-03T11:29:23.699+0000] {logging_mixin.py:151} INFO - [2025-04-03T11:29:23.699+0000] {dag.py:2907} INFO - Sync 1 DAGs
[2025-04-03T11:29:23.715+0000] {logging_mixin.py:151} INFO - [2025-04-03T11:29:23.715+0000] {dag.py:3677} INFO - Setting next_dagrun for fetch_tweets to 2025-04-03T10:29:23.715106+00:00, run_after=2025-04-03T11:29:23.715106+00:00
[2025-04-03T11:29:23.810+0000] {processor.py:179} INFO - Processing /opt/airflow/dags/fetch_tweets_dagV0.py took 0.296 seconds
[2025-04-03T11:29:54.132+0000] {processor.py:157} INFO - Started process (PID=355) to work on /opt/airflow/dags/fetch_tweets_dagV0.py
[2025-04-03T11:29:54.133+0000] {processor.py:829} INFO - Processing file /opt/airflow/dags/fetch_tweets_dagV0.py for tasks to queue
[2025-04-03T11:29:54.133+0000] {logging_mixin.py:151} INFO - [2025-04-03T11:29:54.133+0000] {dagbag.py:539} INFO - Filling up the DagBag from /opt/airflow/dags/fetch_tweets_dagV0.py
[2025-04-03T11:29:54.277+0000] {processor.py:839} INFO - DAG(s) dict_keys(['fetch_tweets']) retrieved from /opt/airflow/dags/fetch_tweets_dagV0.py
[2025-04-03T11:29:54.296+0000] {logging_mixin.py:151} INFO - [2025-04-03T11:29:54.296+0000] {dag.py:2907} INFO - Sync 1 DAGs
[2025-04-03T11:29:54.314+0000] {logging_mixin.py:151} INFO - [2025-04-03T11:29:54.313+0000] {dag.py:3677} INFO - Setting next_dagrun for fetch_tweets to 2025-04-03T10:29:54.313764+00:00, run_after=2025-04-03T11:29:54.313764+00:00
[2025-04-03T11:29:54.367+0000] {processor.py:179} INFO - Processing /opt/airflow/dags/fetch_tweets_dagV0.py took 0.237 seconds
[2025-04-03T11:30:24.680+0000] {processor.py:157} INFO - Started process (PID=370) to work on /opt/airflow/dags/fetch_tweets_dagV0.py
[2025-04-03T11:30:24.680+0000] {processor.py:829} INFO - Processing file /opt/airflow/dags/fetch_tweets_dagV0.py for tasks to queue
[2025-04-03T11:30:24.681+0000] {logging_mixin.py:151} INFO - [2025-04-03T11:30:24.681+0000] {dagbag.py:539} INFO - Filling up the DagBag from /opt/airflow/dags/fetch_tweets_dagV0.py
[2025-04-03T11:30:24.842+0000] {processor.py:839} INFO - DAG(s) dict_keys(['fetch_tweets']) retrieved from /opt/airflow/dags/fetch_tweets_dagV0.py
[2025-04-03T11:30:24.866+0000] {logging_mixin.py:151} INFO - [2025-04-03T11:30:24.865+0000] {dag.py:2907} INFO - Sync 1 DAGs
[2025-04-03T11:30:24.889+0000] {logging_mixin.py:151} INFO - [2025-04-03T11:30:24.889+0000] {dag.py:3677} INFO - Setting next_dagrun for fetch_tweets to 2025-04-03T10:30:24.889264+00:00, run_after=2025-04-03T11:30:24.889264+00:00
[2025-04-03T11:30:24.946+0000] {processor.py:179} INFO - Processing /opt/airflow/dags/fetch_tweets_dagV0.py took 0.269 seconds
[2025-04-03T11:30:55.293+0000] {processor.py:157} INFO - Started process (PID=385) to work on /opt/airflow/dags/fetch_tweets_dagV0.py
[2025-04-03T11:30:55.293+0000] {processor.py:829} INFO - Processing file /opt/airflow/dags/fetch_tweets_dagV0.py for tasks to queue
[2025-04-03T11:30:55.294+0000] {logging_mixin.py:151} INFO - [2025-04-03T11:30:55.294+0000] {dagbag.py:539} INFO - Filling up the DagBag from /opt/airflow/dags/fetch_tweets_dagV0.py
[2025-04-03T11:30:55.334+0000] {processor.py:839} INFO - DAG(s) dict_keys(['fetch_tweets']) retrieved from /opt/airflow/dags/fetch_tweets_dagV0.py
[2025-04-03T11:30:55.358+0000] {logging_mixin.py:151} INFO - [2025-04-03T11:30:55.358+0000] {dag.py:2907} INFO - Sync 1 DAGs
[2025-04-03T11:30:55.377+0000] {logging_mixin.py:151} INFO - [2025-04-03T11:30:55.377+0000] {dag.py:3677} INFO - Setting next_dagrun for fetch_tweets to 2025-04-03T10:30:55.377051+00:00, run_after=2025-04-03T11:30:55.377051+00:00
[2025-04-03T11:30:55.430+0000] {processor.py:179} INFO - Processing /opt/airflow/dags/fetch_tweets_dagV0.py took 0.139 seconds
[2025-04-03T11:31:25.752+0000] {processor.py:157} INFO - Started process (PID=400) to work on /opt/airflow/dags/fetch_tweets_dagV0.py
[2025-04-03T11:31:25.752+0000] {processor.py:829} INFO - Processing file /opt/airflow/dags/fetch_tweets_dagV0.py for tasks to queue
[2025-04-03T11:31:25.753+0000] {logging_mixin.py:151} INFO - [2025-04-03T11:31:25.753+0000] {dagbag.py:539} INFO - Filling up the DagBag from /opt/airflow/dags/fetch_tweets_dagV0.py
[2025-04-03T11:31:25.794+0000] {processor.py:839} INFO - DAG(s) dict_keys(['fetch_tweets']) retrieved from /opt/airflow/dags/fetch_tweets_dagV0.py
[2025-04-03T11:31:25.817+0000] {logging_mixin.py:151} INFO - [2025-04-03T11:31:25.817+0000] {dag.py:2907} INFO - Sync 1 DAGs
[2025-04-03T11:31:25.837+0000] {logging_mixin.py:151} INFO - [2025-04-03T11:31:25.837+0000] {dag.py:3677} INFO - Setting next_dagrun for fetch_tweets to 2025-04-03T10:31:25.837183+00:00, run_after=2025-04-03T11:31:25.837183+00:00
[2025-04-03T11:31:25.851+0000] {processor.py:179} INFO - Processing /opt/airflow/dags/fetch_tweets_dagV0.py took 0.102 seconds
[2025-04-03T11:31:56.149+0000] {processor.py:157} INFO - Started process (PID=415) to work on /opt/airflow/dags/fetch_tweets_dagV0.py
[2025-04-03T11:31:56.150+0000] {processor.py:829} INFO - Processing file /opt/airflow/dags/fetch_tweets_dagV0.py for tasks to queue
[2025-04-03T11:31:56.151+0000] {logging_mixin.py:151} INFO - [2025-04-03T11:31:56.150+0000] {dagbag.py:539} INFO - Filling up the DagBag from /opt/airflow/dags/fetch_tweets_dagV0.py
[2025-04-03T11:31:56.195+0000] {processor.py:839} INFO - DAG(s) dict_keys(['fetch_tweets']) retrieved from /opt/airflow/dags/fetch_tweets_dagV0.py
[2025-04-03T11:31:56.219+0000] {logging_mixin.py:151} INFO - [2025-04-03T11:31:56.219+0000] {dag.py:2907} INFO - Sync 1 DAGs
[2025-04-03T11:31:56.242+0000] {logging_mixin.py:151} INFO - [2025-04-03T11:31:56.242+0000] {dag.py:3677} INFO - Setting next_dagrun for fetch_tweets to 2025-04-03T10:31:56.241864+00:00, run_after=2025-04-03T11:31:56.241864+00:00
[2025-04-03T11:31:56.261+0000] {processor.py:179} INFO - Processing /opt/airflow/dags/fetch_tweets_dagV0.py took 0.116 seconds
[2025-04-03T11:32:26.527+0000] {processor.py:157} INFO - Started process (PID=430) to work on /opt/airflow/dags/fetch_tweets_dagV0.py
[2025-04-03T11:32:26.528+0000] {processor.py:829} INFO - Processing file /opt/airflow/dags/fetch_tweets_dagV0.py for tasks to queue
[2025-04-03T11:32:26.528+0000] {logging_mixin.py:151} INFO - [2025-04-03T11:32:26.528+0000] {dagbag.py:539} INFO - Filling up the DagBag from /opt/airflow/dags/fetch_tweets_dagV0.py
[2025-04-03T11:32:26.571+0000] {processor.py:839} INFO - DAG(s) dict_keys(['fetch_tweets']) retrieved from /opt/airflow/dags/fetch_tweets_dagV0.py
[2025-04-03T11:32:26.591+0000] {logging_mixin.py:151} INFO - [2025-04-03T11:32:26.591+0000] {dag.py:2907} INFO - Sync 1 DAGs
[2025-04-03T11:32:26.611+0000] {logging_mixin.py:151} INFO - [2025-04-03T11:32:26.610+0000] {dag.py:3677} INFO - Setting next_dagrun for fetch_tweets to 2025-04-03T10:32:26.610669+00:00, run_after=2025-04-03T11:32:26.610669+00:00
[2025-04-03T11:32:26.627+0000] {processor.py:179} INFO - Processing /opt/airflow/dags/fetch_tweets_dagV0.py took 0.102 seconds
[2025-04-03T11:32:56.918+0000] {processor.py:157} INFO - Started process (PID=448) to work on /opt/airflow/dags/fetch_tweets_dagV0.py
[2025-04-03T11:32:56.919+0000] {processor.py:829} INFO - Processing file /opt/airflow/dags/fetch_tweets_dagV0.py for tasks to queue
[2025-04-03T11:32:56.919+0000] {logging_mixin.py:151} INFO - [2025-04-03T11:32:56.919+0000] {dagbag.py:539} INFO - Filling up the DagBag from /opt/airflow/dags/fetch_tweets_dagV0.py
[2025-04-03T11:32:56.956+0000] {processor.py:839} INFO - DAG(s) dict_keys(['fetch_tweets']) retrieved from /opt/airflow/dags/fetch_tweets_dagV0.py
[2025-04-03T11:32:56.976+0000] {logging_mixin.py:151} INFO - [2025-04-03T11:32:56.975+0000] {dag.py:2907} INFO - Sync 1 DAGs
[2025-04-03T11:32:56.994+0000] {logging_mixin.py:151} INFO - [2025-04-03T11:32:56.994+0000] {dag.py:3677} INFO - Setting next_dagrun for fetch_tweets to 2025-04-03T10:32:56.994031+00:00, run_after=2025-04-03T11:32:56.994031+00:00
[2025-04-03T11:32:57.010+0000] {processor.py:179} INFO - Processing /opt/airflow/dags/fetch_tweets_dagV0.py took 0.094 seconds
[2025-04-03T11:35:55.170+0000] {processor.py:157} INFO - Started process (PID=178) to work on /opt/airflow/dags/fetch_tweets_dagV0.py
[2025-04-03T11:35:55.170+0000] {processor.py:829} INFO - Processing file /opt/airflow/dags/fetch_tweets_dagV0.py for tasks to queue
[2025-04-03T11:35:55.171+0000] {logging_mixin.py:151} INFO - [2025-04-03T11:35:55.171+0000] {dagbag.py:539} INFO - Filling up the DagBag from /opt/airflow/dags/fetch_tweets_dagV0.py
[2025-04-03T11:35:55.248+0000] {processor.py:839} INFO - DAG(s) dict_keys(['fetch_tweets']) retrieved from /opt/airflow/dags/fetch_tweets_dagV0.py
[2025-04-03T11:35:55.280+0000] {logging_mixin.py:151} INFO - [2025-04-03T11:35:55.280+0000] {dag.py:2907} INFO - Sync 1 DAGs
[2025-04-03T11:35:55.298+0000] {logging_mixin.py:151} INFO - [2025-04-03T11:35:55.298+0000] {dag.py:3677} INFO - Setting next_dagrun for fetch_tweets to 2025-04-03T10:35:55.298498+00:00, run_after=2025-04-03T11:35:55.298498+00:00
[2025-04-03T11:35:55.317+0000] {processor.py:179} INFO - Processing /opt/airflow/dags/fetch_tweets_dagV0.py took 0.151 seconds
[2025-04-03T11:36:30.899+0000] {processor.py:157} INFO - Started process (PID=177) to work on /opt/airflow/dags/fetch_tweets_dagV0.py
[2025-04-03T11:36:30.900+0000] {processor.py:829} INFO - Processing file /opt/airflow/dags/fetch_tweets_dagV0.py for tasks to queue
[2025-04-03T11:36:30.901+0000] {logging_mixin.py:151} INFO - [2025-04-03T11:36:30.901+0000] {dagbag.py:539} INFO - Filling up the DagBag from /opt/airflow/dags/fetch_tweets_dagV0.py
[2025-04-03T11:36:30.970+0000] {processor.py:839} INFO - DAG(s) dict_keys(['fetch_tweets']) retrieved from /opt/airflow/dags/fetch_tweets_dagV0.py
[2025-04-03T11:36:31.000+0000] {logging_mixin.py:151} INFO - [2025-04-03T11:36:31.000+0000] {dag.py:2907} INFO - Sync 1 DAGs
[2025-04-03T11:36:31.018+0000] {logging_mixin.py:151} INFO - [2025-04-03T11:36:31.017+0000] {dag.py:3677} INFO - Setting next_dagrun for fetch_tweets to 2025-04-03T10:36:31.017748+00:00, run_after=2025-04-03T11:36:31.017748+00:00
[2025-04-03T11:36:31.037+0000] {processor.py:179} INFO - Processing /opt/airflow/dags/fetch_tweets_dagV0.py took 0.140 seconds
[2025-04-03T11:37:01.340+0000] {processor.py:157} INFO - Started process (PID=193) to work on /opt/airflow/dags/fetch_tweets_dagV0.py
[2025-04-03T11:37:01.340+0000] {processor.py:829} INFO - Processing file /opt/airflow/dags/fetch_tweets_dagV0.py for tasks to queue
[2025-04-03T11:37:01.341+0000] {logging_mixin.py:151} INFO - [2025-04-03T11:37:01.341+0000] {dagbag.py:539} INFO - Filling up the DagBag from /opt/airflow/dags/fetch_tweets_dagV0.py
[2025-04-03T11:37:01.385+0000] {processor.py:839} INFO - DAG(s) dict_keys(['fetch_tweets']) retrieved from /opt/airflow/dags/fetch_tweets_dagV0.py
[2025-04-03T11:37:01.407+0000] {logging_mixin.py:151} INFO - [2025-04-03T11:37:01.407+0000] {dag.py:2907} INFO - Sync 1 DAGs
[2025-04-03T11:37:01.427+0000] {logging_mixin.py:151} INFO - [2025-04-03T11:37:01.426+0000] {dag.py:3677} INFO - Setting next_dagrun for fetch_tweets to 2025-04-03T10:37:01.426719+00:00, run_after=2025-04-03T11:37:01.426719+00:00
[2025-04-03T11:37:01.441+0000] {processor.py:179} INFO - Processing /opt/airflow/dags/fetch_tweets_dagV0.py took 0.104 seconds
[2025-04-03T11:37:31.805+0000] {processor.py:157} INFO - Started process (PID=216) to work on /opt/airflow/dags/fetch_tweets_dagV0.py
[2025-04-03T11:37:31.806+0000] {processor.py:829} INFO - Processing file /opt/airflow/dags/fetch_tweets_dagV0.py for tasks to queue
[2025-04-03T11:37:31.807+0000] {logging_mixin.py:151} INFO - [2025-04-03T11:37:31.806+0000] {dagbag.py:539} INFO - Filling up the DagBag from /opt/airflow/dags/fetch_tweets_dagV0.py
[2025-04-03T11:37:31.842+0000] {processor.py:839} INFO - DAG(s) dict_keys(['fetch_tweets']) retrieved from /opt/airflow/dags/fetch_tweets_dagV0.py
[2025-04-03T11:37:31.863+0000] {logging_mixin.py:151} INFO - [2025-04-03T11:37:31.863+0000] {dag.py:2907} INFO - Sync 1 DAGs
[2025-04-03T11:37:31.882+0000] {logging_mixin.py:151} INFO - [2025-04-03T11:37:31.882+0000] {dag.py:3677} INFO - Setting next_dagrun for fetch_tweets to 2025-04-03T11:37:01.426719+00:00, run_after=2025-04-03T12:37:01.426719+00:00
[2025-04-03T11:37:31.897+0000] {processor.py:179} INFO - Processing /opt/airflow/dags/fetch_tweets_dagV0.py took 0.094 seconds
[2025-04-03T11:38:02.229+0000] {processor.py:157} INFO - Started process (PID=234) to work on /opt/airflow/dags/fetch_tweets_dagV0.py
[2025-04-03T11:38:02.229+0000] {processor.py:829} INFO - Processing file /opt/airflow/dags/fetch_tweets_dagV0.py for tasks to queue
[2025-04-03T11:38:02.230+0000] {logging_mixin.py:151} INFO - [2025-04-03T11:38:02.230+0000] {dagbag.py:539} INFO - Filling up the DagBag from /opt/airflow/dags/fetch_tweets_dagV0.py
[2025-04-03T11:38:02.268+0000] {processor.py:839} INFO - DAG(s) dict_keys(['fetch_tweets']) retrieved from /opt/airflow/dags/fetch_tweets_dagV0.py
[2025-04-03T11:38:02.288+0000] {logging_mixin.py:151} INFO - [2025-04-03T11:38:02.288+0000] {dag.py:2907} INFO - Sync 1 DAGs
[2025-04-03T11:38:02.306+0000] {logging_mixin.py:151} INFO - [2025-04-03T11:38:02.306+0000] {dag.py:3677} INFO - Setting next_dagrun for fetch_tweets to 2025-04-03T11:37:01.426719+00:00, run_after=2025-04-03T12:37:01.426719+00:00
[2025-04-03T11:38:02.321+0000] {processor.py:179} INFO - Processing /opt/airflow/dags/fetch_tweets_dagV0.py took 0.094 seconds
