[2025-04-03T11:24:16.792+0000] {processor.py:157} INFO - Started process (PID=183) to work on /opt/airflow/dags/realtime_pipeline.py
[2025-04-03T11:24:16.793+0000] {processor.py:829} INFO - Processing file /opt/airflow/dags/realtime_pipeline.py for tasks to queue
[2025-04-03T11:24:16.794+0000] {logging_mixin.py:151} INFO - [2025-04-03T11:24:16.794+0000] {dagbag.py:539} INFO - Filling up the DagBag from /opt/airflow/dags/realtime_pipeline.py
[2025-04-03T11:24:16.811+0000] {processor.py:839} INFO - DAG(s) dict_keys(['realtime_pipeline']) retrieved from /opt/airflow/dags/realtime_pipeline.py
[2025-04-03T11:24:16.834+0000] {logging_mixin.py:151} INFO - [2025-04-03T11:24:16.834+0000] {dag.py:2907} INFO - Sync 1 DAGs
[2025-04-03T11:24:16.858+0000] {logging_mixin.py:151} INFO - [2025-04-03T11:24:16.857+0000] {dag.py:3677} INFO - Setting next_dagrun for realtime_pipeline to 2024-03-31T00:00:00+00:00, run_after=2024-03-31T00:30:00+00:00
[2025-04-03T11:24:16.873+0000] {processor.py:179} INFO - Processing /opt/airflow/dags/realtime_pipeline.py took 0.083 seconds
[2025-04-03T11:24:47.288+0000] {processor.py:157} INFO - Started process (PID=198) to work on /opt/airflow/dags/realtime_pipeline.py
[2025-04-03T11:24:47.289+0000] {processor.py:829} INFO - Processing file /opt/airflow/dags/realtime_pipeline.py for tasks to queue
[2025-04-03T11:24:47.290+0000] {logging_mixin.py:151} INFO - [2025-04-03T11:24:47.290+0000] {dagbag.py:539} INFO - Filling up the DagBag from /opt/airflow/dags/realtime_pipeline.py
[2025-04-03T11:24:47.306+0000] {processor.py:839} INFO - DAG(s) dict_keys(['realtime_pipeline']) retrieved from /opt/airflow/dags/realtime_pipeline.py
[2025-04-03T11:24:47.326+0000] {logging_mixin.py:151} INFO - [2025-04-03T11:24:47.326+0000] {dag.py:2907} INFO - Sync 1 DAGs
[2025-04-03T11:24:47.343+0000] {logging_mixin.py:151} INFO - [2025-04-03T11:24:47.342+0000] {dag.py:3677} INFO - Setting next_dagrun for realtime_pipeline to 2024-03-31T00:00:00+00:00, run_after=2024-03-31T00:30:00+00:00
[2025-04-03T11:24:47.357+0000] {processor.py:179} INFO - Processing /opt/airflow/dags/realtime_pipeline.py took 0.071 seconds
[2025-04-03T11:25:17.831+0000] {processor.py:157} INFO - Started process (PID=213) to work on /opt/airflow/dags/realtime_pipeline.py
[2025-04-03T11:25:17.832+0000] {processor.py:829} INFO - Processing file /opt/airflow/dags/realtime_pipeline.py for tasks to queue
[2025-04-03T11:25:17.833+0000] {logging_mixin.py:151} INFO - [2025-04-03T11:25:17.833+0000] {dagbag.py:539} INFO - Filling up the DagBag from /opt/airflow/dags/realtime_pipeline.py
[2025-04-03T11:25:17.849+0000] {processor.py:839} INFO - DAG(s) dict_keys(['realtime_pipeline']) retrieved from /opt/airflow/dags/realtime_pipeline.py
[2025-04-03T11:25:17.868+0000] {logging_mixin.py:151} INFO - [2025-04-03T11:25:17.868+0000] {dag.py:2907} INFO - Sync 1 DAGs
[2025-04-03T11:25:17.885+0000] {logging_mixin.py:151} INFO - [2025-04-03T11:25:17.885+0000] {dag.py:3677} INFO - Setting next_dagrun for realtime_pipeline to 2024-03-31T00:00:00+00:00, run_after=2024-03-31T00:30:00+00:00
[2025-04-03T11:25:17.898+0000] {processor.py:179} INFO - Processing /opt/airflow/dags/realtime_pipeline.py took 0.070 seconds
[2025-04-03T11:25:48.295+0000] {processor.py:157} INFO - Started process (PID=228) to work on /opt/airflow/dags/realtime_pipeline.py
[2025-04-03T11:25:48.296+0000] {processor.py:829} INFO - Processing file /opt/airflow/dags/realtime_pipeline.py for tasks to queue
[2025-04-03T11:25:48.297+0000] {logging_mixin.py:151} INFO - [2025-04-03T11:25:48.296+0000] {dagbag.py:539} INFO - Filling up the DagBag from /opt/airflow/dags/realtime_pipeline.py
[2025-04-03T11:25:48.313+0000] {processor.py:839} INFO - DAG(s) dict_keys(['realtime_pipeline']) retrieved from /opt/airflow/dags/realtime_pipeline.py
[2025-04-03T11:25:48.332+0000] {logging_mixin.py:151} INFO - [2025-04-03T11:25:48.332+0000] {dag.py:2907} INFO - Sync 1 DAGs
[2025-04-03T11:25:48.350+0000] {logging_mixin.py:151} INFO - [2025-04-03T11:25:48.349+0000] {dag.py:3677} INFO - Setting next_dagrun for realtime_pipeline to 2024-03-31T00:00:00+00:00, run_after=2024-03-31T00:30:00+00:00
[2025-04-03T11:25:48.365+0000] {processor.py:179} INFO - Processing /opt/airflow/dags/realtime_pipeline.py took 0.073 seconds
[2025-04-03T11:26:18.806+0000] {processor.py:157} INFO - Started process (PID=243) to work on /opt/airflow/dags/realtime_pipeline.py
[2025-04-03T11:26:18.807+0000] {processor.py:829} INFO - Processing file /opt/airflow/dags/realtime_pipeline.py for tasks to queue
[2025-04-03T11:26:18.808+0000] {logging_mixin.py:151} INFO - [2025-04-03T11:26:18.807+0000] {dagbag.py:539} INFO - Filling up the DagBag from /opt/airflow/dags/realtime_pipeline.py
[2025-04-03T11:26:18.823+0000] {processor.py:839} INFO - DAG(s) dict_keys(['realtime_pipeline']) retrieved from /opt/airflow/dags/realtime_pipeline.py
[2025-04-03T11:26:18.843+0000] {logging_mixin.py:151} INFO - [2025-04-03T11:26:18.842+0000] {dag.py:2907} INFO - Sync 1 DAGs
[2025-04-03T11:26:18.860+0000] {logging_mixin.py:151} INFO - [2025-04-03T11:26:18.860+0000] {dag.py:3677} INFO - Setting next_dagrun for realtime_pipeline to 2024-03-31T00:00:00+00:00, run_after=2024-03-31T00:30:00+00:00
[2025-04-03T11:26:18.874+0000] {processor.py:179} INFO - Processing /opt/airflow/dags/realtime_pipeline.py took 0.070 seconds
[2025-04-03T11:26:49.366+0000] {processor.py:157} INFO - Started process (PID=258) to work on /opt/airflow/dags/realtime_pipeline.py
[2025-04-03T11:26:49.367+0000] {processor.py:829} INFO - Processing file /opt/airflow/dags/realtime_pipeline.py for tasks to queue
[2025-04-03T11:26:49.368+0000] {logging_mixin.py:151} INFO - [2025-04-03T11:26:49.367+0000] {dagbag.py:539} INFO - Filling up the DagBag from /opt/airflow/dags/realtime_pipeline.py
[2025-04-03T11:26:49.387+0000] {processor.py:839} INFO - DAG(s) dict_keys(['realtime_pipeline']) retrieved from /opt/airflow/dags/realtime_pipeline.py
[2025-04-03T11:26:49.415+0000] {logging_mixin.py:151} INFO - [2025-04-03T11:26:49.415+0000] {dag.py:2907} INFO - Sync 1 DAGs
[2025-04-03T11:26:49.438+0000] {logging_mixin.py:151} INFO - [2025-04-03T11:26:49.438+0000] {dag.py:3677} INFO - Setting next_dagrun for realtime_pipeline to 2024-03-31T00:00:00+00:00, run_after=2024-03-31T00:30:00+00:00
[2025-04-03T11:26:49.456+0000] {processor.py:179} INFO - Processing /opt/airflow/dags/realtime_pipeline.py took 0.093 seconds
[2025-04-03T11:27:19.970+0000] {processor.py:157} INFO - Started process (PID=273) to work on /opt/airflow/dags/realtime_pipeline.py
[2025-04-03T11:27:19.971+0000] {processor.py:829} INFO - Processing file /opt/airflow/dags/realtime_pipeline.py for tasks to queue
[2025-04-03T11:27:19.972+0000] {logging_mixin.py:151} INFO - [2025-04-03T11:27:19.972+0000] {dagbag.py:539} INFO - Filling up the DagBag from /opt/airflow/dags/realtime_pipeline.py
[2025-04-03T11:27:19.991+0000] {processor.py:839} INFO - DAG(s) dict_keys(['realtime_pipeline']) retrieved from /opt/airflow/dags/realtime_pipeline.py
[2025-04-03T11:27:20.018+0000] {logging_mixin.py:151} INFO - [2025-04-03T11:27:20.018+0000] {dag.py:2907} INFO - Sync 1 DAGs
[2025-04-03T11:27:20.039+0000] {logging_mixin.py:151} INFO - [2025-04-03T11:27:20.039+0000] {dag.py:3677} INFO - Setting next_dagrun for realtime_pipeline to 2024-03-31T00:00:00+00:00, run_after=2024-03-31T00:30:00+00:00
[2025-04-03T11:27:20.055+0000] {processor.py:179} INFO - Processing /opt/airflow/dags/realtime_pipeline.py took 0.087 seconds
[2025-04-03T11:27:52.426+0000] {processor.py:157} INFO - Started process (PID=294) to work on /opt/airflow/dags/realtime_pipeline.py
[2025-04-03T11:27:52.427+0000] {processor.py:829} INFO - Processing file /opt/airflow/dags/realtime_pipeline.py for tasks to queue
[2025-04-03T11:27:52.428+0000] {logging_mixin.py:151} INFO - [2025-04-03T11:27:52.428+0000] {dagbag.py:539} INFO - Filling up the DagBag from /opt/airflow/dags/realtime_pipeline.py
[2025-04-03T11:27:52.449+0000] {processor.py:839} INFO - DAG(s) dict_keys(['realtime_pipeline']) retrieved from /opt/airflow/dags/realtime_pipeline.py
[2025-04-03T11:27:52.477+0000] {logging_mixin.py:151} INFO - [2025-04-03T11:27:52.477+0000] {dag.py:2907} INFO - Sync 1 DAGs
[2025-04-03T11:27:52.498+0000] {logging_mixin.py:151} INFO - [2025-04-03T11:27:52.498+0000] {dag.py:3677} INFO - Setting next_dagrun for realtime_pipeline to 2024-03-31T00:00:00+00:00, run_after=2024-03-31T00:30:00+00:00
[2025-04-03T11:27:52.516+0000] {processor.py:179} INFO - Processing /opt/airflow/dags/realtime_pipeline.py took 0.094 seconds
[2025-04-03T11:28:22.703+0000] {processor.py:157} INFO - Started process (PID=315) to work on /opt/airflow/dags/realtime_pipeline.py
[2025-04-03T11:28:22.704+0000] {processor.py:829} INFO - Processing file /opt/airflow/dags/realtime_pipeline.py for tasks to queue
[2025-04-03T11:28:22.705+0000] {logging_mixin.py:151} INFO - [2025-04-03T11:28:22.705+0000] {dagbag.py:539} INFO - Filling up the DagBag from /opt/airflow/dags/realtime_pipeline.py
[2025-04-03T11:28:22.724+0000] {processor.py:839} INFO - DAG(s) dict_keys(['realtime_pipeline']) retrieved from /opt/airflow/dags/realtime_pipeline.py
[2025-04-03T11:28:22.751+0000] {logging_mixin.py:151} INFO - [2025-04-03T11:28:22.751+0000] {dag.py:2907} INFO - Sync 1 DAGs
[2025-04-03T11:28:22.774+0000] {logging_mixin.py:151} INFO - [2025-04-03T11:28:22.773+0000] {dag.py:3677} INFO - Setting next_dagrun for realtime_pipeline to 2024-03-31T00:00:00+00:00, run_after=2024-03-31T00:30:00+00:00
[2025-04-03T11:28:22.794+0000] {processor.py:179} INFO - Processing /opt/airflow/dags/realtime_pipeline.py took 0.094 seconds
[2025-04-03T11:28:53.246+0000] {processor.py:157} INFO - Started process (PID=332) to work on /opt/airflow/dags/realtime_pipeline.py
[2025-04-03T11:28:53.247+0000] {processor.py:829} INFO - Processing file /opt/airflow/dags/realtime_pipeline.py for tasks to queue
[2025-04-03T11:28:53.247+0000] {logging_mixin.py:151} INFO - [2025-04-03T11:28:53.247+0000] {dagbag.py:539} INFO - Filling up the DagBag from /opt/airflow/dags/realtime_pipeline.py
[2025-04-03T11:28:53.263+0000] {processor.py:839} INFO - DAG(s) dict_keys(['realtime_pipeline']) retrieved from /opt/airflow/dags/realtime_pipeline.py
[2025-04-03T11:28:53.284+0000] {logging_mixin.py:151} INFO - [2025-04-03T11:28:53.283+0000] {dag.py:2907} INFO - Sync 1 DAGs
[2025-04-03T11:28:53.303+0000] {logging_mixin.py:151} INFO - [2025-04-03T11:28:53.302+0000] {dag.py:3677} INFO - Setting next_dagrun for realtime_pipeline to 2024-03-31T00:00:00+00:00, run_after=2024-03-31T00:30:00+00:00
[2025-04-03T11:28:53.442+0000] {processor.py:179} INFO - Processing /opt/airflow/dags/realtime_pipeline.py took 0.198 seconds
[2025-04-03T11:29:23.786+0000] {processor.py:157} INFO - Started process (PID=345) to work on /opt/airflow/dags/realtime_pipeline.py
[2025-04-03T11:29:23.787+0000] {processor.py:829} INFO - Processing file /opt/airflow/dags/realtime_pipeline.py for tasks to queue
[2025-04-03T11:29:23.788+0000] {logging_mixin.py:151} INFO - [2025-04-03T11:29:23.788+0000] {dagbag.py:539} INFO - Filling up the DagBag from /opt/airflow/dags/realtime_pipeline.py
[2025-04-03T11:29:23.803+0000] {processor.py:839} INFO - DAG(s) dict_keys(['realtime_pipeline']) retrieved from /opt/airflow/dags/realtime_pipeline.py
[2025-04-03T11:29:23.824+0000] {logging_mixin.py:151} INFO - [2025-04-03T11:29:23.824+0000] {dag.py:2907} INFO - Sync 1 DAGs
[2025-04-03T11:29:23.918+0000] {logging_mixin.py:151} INFO - [2025-04-03T11:29:23.918+0000] {dag.py:3677} INFO - Setting next_dagrun for realtime_pipeline to 2024-03-31T00:00:00+00:00, run_after=2024-03-31T00:30:00+00:00
[2025-04-03T11:29:23.983+0000] {processor.py:179} INFO - Processing /opt/airflow/dags/realtime_pipeline.py took 0.199 seconds
[2025-04-03T11:29:54.365+0000] {processor.py:157} INFO - Started process (PID=360) to work on /opt/airflow/dags/realtime_pipeline.py
[2025-04-03T11:29:54.365+0000] {processor.py:829} INFO - Processing file /opt/airflow/dags/realtime_pipeline.py for tasks to queue
[2025-04-03T11:29:54.366+0000] {logging_mixin.py:151} INFO - [2025-04-03T11:29:54.366+0000] {dagbag.py:539} INFO - Filling up the DagBag from /opt/airflow/dags/realtime_pipeline.py
[2025-04-03T11:29:54.382+0000] {processor.py:839} INFO - DAG(s) dict_keys(['realtime_pipeline']) retrieved from /opt/airflow/dags/realtime_pipeline.py
[2025-04-03T11:29:54.481+0000] {logging_mixin.py:151} INFO - [2025-04-03T11:29:54.481+0000] {dag.py:2907} INFO - Sync 1 DAGs
[2025-04-03T11:29:54.497+0000] {logging_mixin.py:151} INFO - [2025-04-03T11:29:54.497+0000] {dag.py:3677} INFO - Setting next_dagrun for realtime_pipeline to 2024-03-31T00:00:00+00:00, run_after=2024-03-31T00:30:00+00:00
[2025-04-03T11:29:54.539+0000] {processor.py:179} INFO - Processing /opt/airflow/dags/realtime_pipeline.py took 0.177 seconds
[2025-04-03T11:30:24.913+0000] {processor.py:157} INFO - Started process (PID=375) to work on /opt/airflow/dags/realtime_pipeline.py
[2025-04-03T11:30:24.914+0000] {processor.py:829} INFO - Processing file /opt/airflow/dags/realtime_pipeline.py for tasks to queue
[2025-04-03T11:30:24.914+0000] {logging_mixin.py:151} INFO - [2025-04-03T11:30:24.914+0000] {dagbag.py:539} INFO - Filling up the DagBag from /opt/airflow/dags/realtime_pipeline.py
[2025-04-03T11:30:25.010+0000] {processor.py:839} INFO - DAG(s) dict_keys(['realtime_pipeline']) retrieved from /opt/airflow/dags/realtime_pipeline.py
[2025-04-03T11:30:25.027+0000] {logging_mixin.py:151} INFO - [2025-04-03T11:30:25.027+0000] {dag.py:2907} INFO - Sync 1 DAGs
[2025-04-03T11:30:25.041+0000] {logging_mixin.py:151} INFO - [2025-04-03T11:30:25.041+0000] {dag.py:3677} INFO - Setting next_dagrun for realtime_pipeline to 2024-03-31T00:00:00+00:00, run_after=2024-03-31T00:30:00+00:00
[2025-04-03T11:30:25.080+0000] {processor.py:179} INFO - Processing /opt/airflow/dags/realtime_pipeline.py took 0.169 seconds
[2025-04-03T11:30:55.406+0000] {processor.py:157} INFO - Started process (PID=390) to work on /opt/airflow/dags/realtime_pipeline.py
[2025-04-03T11:30:55.406+0000] {processor.py:829} INFO - Processing file /opt/airflow/dags/realtime_pipeline.py for tasks to queue
[2025-04-03T11:30:55.407+0000] {logging_mixin.py:151} INFO - [2025-04-03T11:30:55.407+0000] {dagbag.py:539} INFO - Filling up the DagBag from /opt/airflow/dags/realtime_pipeline.py
[2025-04-03T11:30:55.422+0000] {processor.py:839} INFO - DAG(s) dict_keys(['realtime_pipeline']) retrieved from /opt/airflow/dags/realtime_pipeline.py
[2025-04-03T11:30:55.443+0000] {logging_mixin.py:151} INFO - [2025-04-03T11:30:55.443+0000] {dag.py:2907} INFO - Sync 1 DAGs
[2025-04-03T11:30:55.460+0000] {logging_mixin.py:151} INFO - [2025-04-03T11:30:55.460+0000] {dag.py:3677} INFO - Setting next_dagrun for realtime_pipeline to 2024-03-31T00:00:00+00:00, run_after=2024-03-31T00:30:00+00:00
[2025-04-03T11:30:55.513+0000] {processor.py:179} INFO - Processing /opt/airflow/dags/realtime_pipeline.py took 0.110 seconds
[2025-04-03T11:31:25.854+0000] {processor.py:157} INFO - Started process (PID=405) to work on /opt/airflow/dags/realtime_pipeline.py
[2025-04-03T11:31:25.855+0000] {processor.py:829} INFO - Processing file /opt/airflow/dags/realtime_pipeline.py for tasks to queue
[2025-04-03T11:31:25.855+0000] {logging_mixin.py:151} INFO - [2025-04-03T11:31:25.855+0000] {dagbag.py:539} INFO - Filling up the DagBag from /opt/airflow/dags/realtime_pipeline.py
[2025-04-03T11:31:25.872+0000] {processor.py:839} INFO - DAG(s) dict_keys(['realtime_pipeline']) retrieved from /opt/airflow/dags/realtime_pipeline.py
[2025-04-03T11:31:25.892+0000] {logging_mixin.py:151} INFO - [2025-04-03T11:31:25.892+0000] {dag.py:2907} INFO - Sync 1 DAGs
[2025-04-03T11:31:25.909+0000] {logging_mixin.py:151} INFO - [2025-04-03T11:31:25.909+0000] {dag.py:3677} INFO - Setting next_dagrun for realtime_pipeline to 2024-03-31T00:00:00+00:00, run_after=2024-03-31T00:30:00+00:00
[2025-04-03T11:31:25.924+0000] {processor.py:179} INFO - Processing /opt/airflow/dags/realtime_pipeline.py took 0.073 seconds
[2025-04-03T11:31:56.258+0000] {processor.py:157} INFO - Started process (PID=420) to work on /opt/airflow/dags/realtime_pipeline.py
[2025-04-03T11:31:56.259+0000] {processor.py:829} INFO - Processing file /opt/airflow/dags/realtime_pipeline.py for tasks to queue
[2025-04-03T11:31:56.260+0000] {logging_mixin.py:151} INFO - [2025-04-03T11:31:56.260+0000] {dagbag.py:539} INFO - Filling up the DagBag from /opt/airflow/dags/realtime_pipeline.py
[2025-04-03T11:31:56.277+0000] {processor.py:839} INFO - DAG(s) dict_keys(['realtime_pipeline']) retrieved from /opt/airflow/dags/realtime_pipeline.py
[2025-04-03T11:31:56.300+0000] {logging_mixin.py:151} INFO - [2025-04-03T11:31:56.299+0000] {dag.py:2907} INFO - Sync 1 DAGs
[2025-04-03T11:31:56.319+0000] {logging_mixin.py:151} INFO - [2025-04-03T11:31:56.319+0000] {dag.py:3677} INFO - Setting next_dagrun for realtime_pipeline to 2024-03-31T00:00:00+00:00, run_after=2024-03-31T00:30:00+00:00
[2025-04-03T11:31:56.336+0000] {processor.py:179} INFO - Processing /opt/airflow/dags/realtime_pipeline.py took 0.080 seconds
[2025-04-03T11:32:26.632+0000] {processor.py:157} INFO - Started process (PID=435) to work on /opt/airflow/dags/realtime_pipeline.py
[2025-04-03T11:32:26.633+0000] {processor.py:829} INFO - Processing file /opt/airflow/dags/realtime_pipeline.py for tasks to queue
[2025-04-03T11:32:26.634+0000] {logging_mixin.py:151} INFO - [2025-04-03T11:32:26.634+0000] {dagbag.py:539} INFO - Filling up the DagBag from /opt/airflow/dags/realtime_pipeline.py
[2025-04-03T11:32:26.656+0000] {processor.py:839} INFO - DAG(s) dict_keys(['realtime_pipeline']) retrieved from /opt/airflow/dags/realtime_pipeline.py
[2025-04-03T11:32:26.676+0000] {logging_mixin.py:151} INFO - [2025-04-03T11:32:26.676+0000] {dag.py:2907} INFO - Sync 1 DAGs
[2025-04-03T11:32:26.694+0000] {logging_mixin.py:151} INFO - [2025-04-03T11:32:26.694+0000] {dag.py:3677} INFO - Setting next_dagrun for realtime_pipeline to 2024-03-31T00:00:00+00:00, run_after=2024-03-31T00:30:00+00:00
[2025-04-03T11:32:26.709+0000] {processor.py:179} INFO - Processing /opt/airflow/dags/realtime_pipeline.py took 0.080 seconds
[2025-04-03T11:32:57.008+0000] {processor.py:157} INFO - Started process (PID=453) to work on /opt/airflow/dags/realtime_pipeline.py
[2025-04-03T11:32:57.009+0000] {processor.py:829} INFO - Processing file /opt/airflow/dags/realtime_pipeline.py for tasks to queue
[2025-04-03T11:32:57.010+0000] {logging_mixin.py:151} INFO - [2025-04-03T11:32:57.009+0000] {dagbag.py:539} INFO - Filling up the DagBag from /opt/airflow/dags/realtime_pipeline.py
[2025-04-03T11:32:57.026+0000] {processor.py:839} INFO - DAG(s) dict_keys(['realtime_pipeline']) retrieved from /opt/airflow/dags/realtime_pipeline.py
[2025-04-03T11:32:57.046+0000] {logging_mixin.py:151} INFO - [2025-04-03T11:32:57.046+0000] {dag.py:2907} INFO - Sync 1 DAGs
[2025-04-03T11:32:57.063+0000] {logging_mixin.py:151} INFO - [2025-04-03T11:32:57.063+0000] {dag.py:3677} INFO - Setting next_dagrun for realtime_pipeline to 2024-03-31T00:00:00+00:00, run_after=2024-03-31T00:30:00+00:00
[2025-04-03T11:32:57.079+0000] {processor.py:179} INFO - Processing /opt/airflow/dags/realtime_pipeline.py took 0.074 seconds
[2025-04-03T11:35:55.343+0000] {processor.py:157} INFO - Started process (PID=183) to work on /opt/airflow/dags/realtime_pipeline.py
[2025-04-03T11:35:55.344+0000] {processor.py:829} INFO - Processing file /opt/airflow/dags/realtime_pipeline.py for tasks to queue
[2025-04-03T11:35:55.346+0000] {logging_mixin.py:151} INFO - [2025-04-03T11:35:55.345+0000] {dagbag.py:539} INFO - Filling up the DagBag from /opt/airflow/dags/realtime_pipeline.py
[2025-04-03T11:35:55.363+0000] {processor.py:839} INFO - DAG(s) dict_keys(['realtime_pipeline']) retrieved from /opt/airflow/dags/realtime_pipeline.py
[2025-04-03T11:35:55.388+0000] {logging_mixin.py:151} INFO - [2025-04-03T11:35:55.388+0000] {dag.py:2907} INFO - Sync 1 DAGs
[2025-04-03T11:35:55.407+0000] {logging_mixin.py:151} INFO - [2025-04-03T11:35:55.407+0000] {dag.py:3677} INFO - Setting next_dagrun for realtime_pipeline to 2024-03-31T00:00:00+00:00, run_after=2024-03-31T00:30:00+00:00
[2025-04-03T11:35:55.427+0000] {processor.py:179} INFO - Processing /opt/airflow/dags/realtime_pipeline.py took 0.086 seconds
[2025-04-03T11:36:31.015+0000] {processor.py:157} INFO - Started process (PID=183) to work on /opt/airflow/dags/realtime_pipeline.py
[2025-04-03T11:36:31.016+0000] {processor.py:829} INFO - Processing file /opt/airflow/dags/realtime_pipeline.py for tasks to queue
[2025-04-03T11:36:31.017+0000] {logging_mixin.py:151} INFO - [2025-04-03T11:36:31.016+0000] {dagbag.py:539} INFO - Filling up the DagBag from /opt/airflow/dags/realtime_pipeline.py
[2025-04-03T11:36:31.033+0000] {processor.py:839} INFO - DAG(s) dict_keys(['realtime_pipeline']) retrieved from /opt/airflow/dags/realtime_pipeline.py
[2025-04-03T11:36:31.056+0000] {logging_mixin.py:151} INFO - [2025-04-03T11:36:31.055+0000] {dag.py:2907} INFO - Sync 1 DAGs
[2025-04-03T11:36:31.073+0000] {logging_mixin.py:151} INFO - [2025-04-03T11:36:31.073+0000] {dag.py:3677} INFO - Setting next_dagrun for realtime_pipeline to 2024-03-31T00:00:00+00:00, run_after=2024-03-31T00:30:00+00:00
[2025-04-03T11:36:31.088+0000] {processor.py:179} INFO - Processing /opt/airflow/dags/realtime_pipeline.py took 0.076 seconds
[2025-04-03T11:37:01.440+0000] {processor.py:157} INFO - Started process (PID=198) to work on /opt/airflow/dags/realtime_pipeline.py
[2025-04-03T11:37:01.441+0000] {processor.py:829} INFO - Processing file /opt/airflow/dags/realtime_pipeline.py for tasks to queue
[2025-04-03T11:37:01.441+0000] {logging_mixin.py:151} INFO - [2025-04-03T11:37:01.441+0000] {dagbag.py:539} INFO - Filling up the DagBag from /opt/airflow/dags/realtime_pipeline.py
[2025-04-03T11:37:01.458+0000] {processor.py:839} INFO - DAG(s) dict_keys(['realtime_pipeline']) retrieved from /opt/airflow/dags/realtime_pipeline.py
[2025-04-03T11:37:01.478+0000] {logging_mixin.py:151} INFO - [2025-04-03T11:37:01.477+0000] {dag.py:2907} INFO - Sync 1 DAGs
[2025-04-03T11:37:01.494+0000] {logging_mixin.py:151} INFO - [2025-04-03T11:37:01.494+0000] {dag.py:3677} INFO - Setting next_dagrun for realtime_pipeline to 2024-03-31T00:00:00+00:00, run_after=2024-03-31T00:30:00+00:00
[2025-04-03T11:37:01.508+0000] {processor.py:179} INFO - Processing /opt/airflow/dags/realtime_pipeline.py took 0.071 seconds
[2025-04-03T11:37:31.898+0000] {processor.py:157} INFO - Started process (PID=221) to work on /opt/airflow/dags/realtime_pipeline.py
[2025-04-03T11:37:31.899+0000] {processor.py:829} INFO - Processing file /opt/airflow/dags/realtime_pipeline.py for tasks to queue
[2025-04-03T11:37:31.900+0000] {logging_mixin.py:151} INFO - [2025-04-03T11:37:31.900+0000] {dagbag.py:539} INFO - Filling up the DagBag from /opt/airflow/dags/realtime_pipeline.py
[2025-04-03T11:37:31.916+0000] {processor.py:839} INFO - DAG(s) dict_keys(['realtime_pipeline']) retrieved from /opt/airflow/dags/realtime_pipeline.py
[2025-04-03T11:37:31.937+0000] {logging_mixin.py:151} INFO - [2025-04-03T11:37:31.937+0000] {dag.py:2907} INFO - Sync 1 DAGs
[2025-04-03T11:37:31.955+0000] {logging_mixin.py:151} INFO - [2025-04-03T11:37:31.955+0000] {dag.py:3677} INFO - Setting next_dagrun for realtime_pipeline to 2024-03-31T00:00:00+00:00, run_after=2024-03-31T00:30:00+00:00
[2025-04-03T11:37:31.971+0000] {processor.py:179} INFO - Processing /opt/airflow/dags/realtime_pipeline.py took 0.075 seconds
[2025-04-03T11:38:02.323+0000] {processor.py:157} INFO - Started process (PID=239) to work on /opt/airflow/dags/realtime_pipeline.py
[2025-04-03T11:38:02.324+0000] {processor.py:829} INFO - Processing file /opt/airflow/dags/realtime_pipeline.py for tasks to queue
[2025-04-03T11:38:02.325+0000] {logging_mixin.py:151} INFO - [2025-04-03T11:38:02.325+0000] {dagbag.py:539} INFO - Filling up the DagBag from /opt/airflow/dags/realtime_pipeline.py
[2025-04-03T11:38:02.341+0000] {processor.py:839} INFO - DAG(s) dict_keys(['realtime_pipeline']) retrieved from /opt/airflow/dags/realtime_pipeline.py
[2025-04-03T11:38:02.362+0000] {logging_mixin.py:151} INFO - [2025-04-03T11:38:02.361+0000] {dag.py:2907} INFO - Sync 1 DAGs
[2025-04-03T11:38:02.380+0000] {logging_mixin.py:151} INFO - [2025-04-03T11:38:02.380+0000] {dag.py:3677} INFO - Setting next_dagrun for realtime_pipeline to 2024-03-31T00:00:00+00:00, run_after=2024-03-31T00:30:00+00:00
[2025-04-03T11:38:02.397+0000] {processor.py:179} INFO - Processing /opt/airflow/dags/realtime_pipeline.py took 0.076 seconds
[2025-04-03T11:38:32.547+0000] {processor.py:157} INFO - Started process (PID=249) to work on /opt/airflow/dags/realtime_pipeline.py
[2025-04-03T11:38:32.547+0000] {processor.py:829} INFO - Processing file /opt/airflow/dags/realtime_pipeline.py for tasks to queue
[2025-04-03T11:38:32.548+0000] {logging_mixin.py:151} INFO - [2025-04-03T11:38:32.548+0000] {dagbag.py:539} INFO - Filling up the DagBag from /opt/airflow/dags/realtime_pipeline.py
[2025-04-03T11:38:32.563+0000] {processor.py:839} INFO - DAG(s) dict_keys(['realtime_pipeline']) retrieved from /opt/airflow/dags/realtime_pipeline.py
[2025-04-03T11:38:32.585+0000] {logging_mixin.py:151} INFO - [2025-04-03T11:38:32.584+0000] {dag.py:2907} INFO - Sync 1 DAGs
[2025-04-03T11:38:32.605+0000] {logging_mixin.py:151} INFO - [2025-04-03T11:38:32.605+0000] {dag.py:3677} INFO - Setting next_dagrun for realtime_pipeline to 2024-03-31T00:00:00+00:00, run_after=2024-03-31T00:30:00+00:00
[2025-04-03T11:38:32.621+0000] {processor.py:179} INFO - Processing /opt/airflow/dags/realtime_pipeline.py took 0.077 seconds
[2025-04-03T11:39:02.932+0000] {processor.py:157} INFO - Started process (PID=265) to work on /opt/airflow/dags/realtime_pipeline.py
[2025-04-03T11:39:02.932+0000] {processor.py:829} INFO - Processing file /opt/airflow/dags/realtime_pipeline.py for tasks to queue
[2025-04-03T11:39:02.933+0000] {logging_mixin.py:151} INFO - [2025-04-03T11:39:02.933+0000] {dagbag.py:539} INFO - Filling up the DagBag from /opt/airflow/dags/realtime_pipeline.py
[2025-04-03T11:39:02.950+0000] {processor.py:839} INFO - DAG(s) dict_keys(['realtime_pipeline']) retrieved from /opt/airflow/dags/realtime_pipeline.py
[2025-04-03T11:39:02.973+0000] {logging_mixin.py:151} INFO - [2025-04-03T11:39:02.973+0000] {dag.py:2907} INFO - Sync 1 DAGs
[2025-04-03T11:39:02.995+0000] {logging_mixin.py:151} INFO - [2025-04-03T11:39:02.995+0000] {dag.py:3677} INFO - Setting next_dagrun for realtime_pipeline to 2024-03-31T00:00:00+00:00, run_after=2024-03-31T00:30:00+00:00
[2025-04-03T11:39:03.011+0000] {processor.py:179} INFO - Processing /opt/airflow/dags/realtime_pipeline.py took 0.082 seconds
[2025-04-03T11:39:33.418+0000] {processor.py:157} INFO - Started process (PID=278) to work on /opt/airflow/dags/realtime_pipeline.py
[2025-04-03T11:39:33.418+0000] {processor.py:829} INFO - Processing file /opt/airflow/dags/realtime_pipeline.py for tasks to queue
[2025-04-03T11:39:33.419+0000] {logging_mixin.py:151} INFO - [2025-04-03T11:39:33.419+0000] {dagbag.py:539} INFO - Filling up the DagBag from /opt/airflow/dags/realtime_pipeline.py
[2025-04-03T11:39:33.435+0000] {processor.py:839} INFO - DAG(s) dict_keys(['realtime_pipeline']) retrieved from /opt/airflow/dags/realtime_pipeline.py
[2025-04-03T11:39:33.457+0000] {logging_mixin.py:151} INFO - [2025-04-03T11:39:33.457+0000] {dag.py:2907} INFO - Sync 1 DAGs
[2025-04-03T11:39:33.475+0000] {logging_mixin.py:151} INFO - [2025-04-03T11:39:33.475+0000] {dag.py:3677} INFO - Setting next_dagrun for realtime_pipeline to 2024-03-31T00:00:00+00:00, run_after=2024-03-31T00:30:00+00:00
[2025-04-03T11:39:33.489+0000] {processor.py:179} INFO - Processing /opt/airflow/dags/realtime_pipeline.py took 0.074 seconds
[2025-04-03T11:40:03.853+0000] {processor.py:157} INFO - Started process (PID=288) to work on /opt/airflow/dags/realtime_pipeline.py
[2025-04-03T11:40:03.854+0000] {processor.py:829} INFO - Processing file /opt/airflow/dags/realtime_pipeline.py for tasks to queue
[2025-04-03T11:40:03.855+0000] {logging_mixin.py:151} INFO - [2025-04-03T11:40:03.854+0000] {dagbag.py:539} INFO - Filling up the DagBag from /opt/airflow/dags/realtime_pipeline.py
[2025-04-03T11:40:03.870+0000] {processor.py:839} INFO - DAG(s) dict_keys(['realtime_pipeline']) retrieved from /opt/airflow/dags/realtime_pipeline.py
[2025-04-03T11:40:03.890+0000] {logging_mixin.py:151} INFO - [2025-04-03T11:40:03.890+0000] {dag.py:2907} INFO - Sync 1 DAGs
[2025-04-03T11:40:03.907+0000] {logging_mixin.py:151} INFO - [2025-04-03T11:40:03.907+0000] {dag.py:3677} INFO - Setting next_dagrun for realtime_pipeline to 2024-03-31T00:00:00+00:00, run_after=2024-03-31T00:30:00+00:00
[2025-04-03T11:40:03.920+0000] {processor.py:179} INFO - Processing /opt/airflow/dags/realtime_pipeline.py took 0.069 seconds
[2025-04-03T11:40:34.051+0000] {processor.py:157} INFO - Started process (PID=299) to work on /opt/airflow/dags/realtime_pipeline.py
[2025-04-03T11:40:34.052+0000] {processor.py:829} INFO - Processing file /opt/airflow/dags/realtime_pipeline.py for tasks to queue
[2025-04-03T11:40:34.052+0000] {logging_mixin.py:151} INFO - [2025-04-03T11:40:34.052+0000] {dagbag.py:539} INFO - Filling up the DagBag from /opt/airflow/dags/realtime_pipeline.py
[2025-04-03T11:40:34.068+0000] {processor.py:839} INFO - DAG(s) dict_keys(['realtime_pipeline']) retrieved from /opt/airflow/dags/realtime_pipeline.py
[2025-04-03T11:40:34.088+0000] {logging_mixin.py:151} INFO - [2025-04-03T11:40:34.088+0000] {dag.py:2907} INFO - Sync 1 DAGs
[2025-04-03T11:40:34.105+0000] {logging_mixin.py:151} INFO - [2025-04-03T11:40:34.105+0000] {dag.py:3677} INFO - Setting next_dagrun for realtime_pipeline to 2024-03-31T00:00:00+00:00, run_after=2024-03-31T00:30:00+00:00
[2025-04-03T11:40:34.123+0000] {processor.py:179} INFO - Processing /opt/airflow/dags/realtime_pipeline.py took 0.074 seconds
[2025-04-03T11:41:04.358+0000] {processor.py:157} INFO - Started process (PID=309) to work on /opt/airflow/dags/realtime_pipeline.py
[2025-04-03T11:41:04.359+0000] {processor.py:829} INFO - Processing file /opt/airflow/dags/realtime_pipeline.py for tasks to queue
[2025-04-03T11:41:04.360+0000] {logging_mixin.py:151} INFO - [2025-04-03T11:41:04.359+0000] {dagbag.py:539} INFO - Filling up the DagBag from /opt/airflow/dags/realtime_pipeline.py
[2025-04-03T11:41:04.377+0000] {processor.py:839} INFO - DAG(s) dict_keys(['realtime_pipeline']) retrieved from /opt/airflow/dags/realtime_pipeline.py
[2025-04-03T11:41:04.399+0000] {logging_mixin.py:151} INFO - [2025-04-03T11:41:04.399+0000] {dag.py:2907} INFO - Sync 1 DAGs
[2025-04-03T11:41:04.419+0000] {logging_mixin.py:151} INFO - [2025-04-03T11:41:04.419+0000] {dag.py:3677} INFO - Setting next_dagrun for realtime_pipeline to 2024-03-31T00:00:00+00:00, run_after=2024-03-31T00:30:00+00:00
[2025-04-03T11:41:04.539+0000] {processor.py:179} INFO - Processing /opt/airflow/dags/realtime_pipeline.py took 0.183 seconds
[2025-04-03T11:41:34.893+0000] {processor.py:157} INFO - Started process (PID=319) to work on /opt/airflow/dags/realtime_pipeline.py
[2025-04-03T11:41:34.894+0000] {processor.py:829} INFO - Processing file /opt/airflow/dags/realtime_pipeline.py for tasks to queue
[2025-04-03T11:41:34.894+0000] {logging_mixin.py:151} INFO - [2025-04-03T11:41:34.894+0000] {dagbag.py:539} INFO - Filling up the DagBag from /opt/airflow/dags/realtime_pipeline.py
[2025-04-03T11:41:34.910+0000] {processor.py:839} INFO - DAG(s) dict_keys(['realtime_pipeline']) retrieved from /opt/airflow/dags/realtime_pipeline.py
[2025-04-03T11:41:34.929+0000] {logging_mixin.py:151} INFO - [2025-04-03T11:41:34.929+0000] {dag.py:2907} INFO - Sync 1 DAGs
[2025-04-03T11:41:35.046+0000] {logging_mixin.py:151} INFO - [2025-04-03T11:41:35.046+0000] {dag.py:3677} INFO - Setting next_dagrun for realtime_pipeline to 2024-03-31T00:00:00+00:00, run_after=2024-03-31T00:30:00+00:00
[2025-04-03T11:41:35.060+0000] {processor.py:179} INFO - Processing /opt/airflow/dags/realtime_pipeline.py took 0.169 seconds
[2025-04-03T11:42:05.098+0000] {processor.py:157} INFO - Started process (PID=329) to work on /opt/airflow/dags/realtime_pipeline.py
[2025-04-03T11:42:05.098+0000] {processor.py:829} INFO - Processing file /opt/airflow/dags/realtime_pipeline.py for tasks to queue
[2025-04-03T11:42:05.099+0000] {logging_mixin.py:151} INFO - [2025-04-03T11:42:05.099+0000] {dagbag.py:539} INFO - Filling up the DagBag from /opt/airflow/dags/realtime_pipeline.py
[2025-04-03T11:42:05.114+0000] {processor.py:839} INFO - DAG(s) dict_keys(['realtime_pipeline']) retrieved from /opt/airflow/dags/realtime_pipeline.py
[2025-04-03T11:42:05.135+0000] {logging_mixin.py:151} INFO - [2025-04-03T11:42:05.135+0000] {dag.py:2907} INFO - Sync 1 DAGs
[2025-04-03T11:42:05.251+0000] {logging_mixin.py:151} INFO - [2025-04-03T11:42:05.251+0000] {dag.py:3677} INFO - Setting next_dagrun for realtime_pipeline to 2024-03-31T00:00:00+00:00, run_after=2024-03-31T00:30:00+00:00
[2025-04-03T11:42:05.264+0000] {processor.py:179} INFO - Processing /opt/airflow/dags/realtime_pipeline.py took 0.169 seconds
[2025-04-03T11:42:35.521+0000] {processor.py:157} INFO - Started process (PID=360) to work on /opt/airflow/dags/realtime_pipeline.py
[2025-04-03T11:42:35.522+0000] {processor.py:829} INFO - Processing file /opt/airflow/dags/realtime_pipeline.py for tasks to queue
[2025-04-03T11:42:35.522+0000] {logging_mixin.py:151} INFO - [2025-04-03T11:42:35.522+0000] {dagbag.py:539} INFO - Filling up the DagBag from /opt/airflow/dags/realtime_pipeline.py
[2025-04-03T11:42:35.538+0000] {processor.py:839} INFO - DAG(s) dict_keys(['realtime_pipeline']) retrieved from /opt/airflow/dags/realtime_pipeline.py
[2025-04-03T11:42:35.655+0000] {logging_mixin.py:151} INFO - [2025-04-03T11:42:35.655+0000] {dag.py:2907} INFO - Sync 1 DAGs
[2025-04-03T11:42:35.673+0000] {logging_mixin.py:151} INFO - [2025-04-03T11:42:35.673+0000] {dag.py:3677} INFO - Setting next_dagrun for realtime_pipeline to 2024-03-31T00:00:00+00:00, run_after=2024-03-31T00:30:00+00:00
[2025-04-03T11:42:35.687+0000] {processor.py:179} INFO - Processing /opt/airflow/dags/realtime_pipeline.py took 0.169 seconds
[2025-04-03T11:43:05.983+0000] {processor.py:157} INFO - Started process (PID=370) to work on /opt/airflow/dags/realtime_pipeline.py
[2025-04-03T11:43:05.984+0000] {processor.py:829} INFO - Processing file /opt/airflow/dags/realtime_pipeline.py for tasks to queue
[2025-04-03T11:43:05.985+0000] {logging_mixin.py:151} INFO - [2025-04-03T11:43:05.984+0000] {dagbag.py:539} INFO - Filling up the DagBag from /opt/airflow/dags/realtime_pipeline.py
[2025-04-03T11:43:06.000+0000] {processor.py:839} INFO - DAG(s) dict_keys(['realtime_pipeline']) retrieved from /opt/airflow/dags/realtime_pipeline.py
[2025-04-03T11:43:06.023+0000] {logging_mixin.py:151} INFO - [2025-04-03T11:43:06.023+0000] {dag.py:2907} INFO - Sync 1 DAGs
[2025-04-03T11:43:06.042+0000] {logging_mixin.py:151} INFO - [2025-04-03T11:43:06.042+0000] {dag.py:3677} INFO - Setting next_dagrun for realtime_pipeline to 2024-03-31T00:00:00+00:00, run_after=2024-03-31T00:30:00+00:00
[2025-04-03T11:43:06.056+0000] {processor.py:179} INFO - Processing /opt/airflow/dags/realtime_pipeline.py took 0.075 seconds
[2025-04-03T11:43:36.308+0000] {processor.py:157} INFO - Started process (PID=380) to work on /opt/airflow/dags/realtime_pipeline.py
[2025-04-03T11:43:36.308+0000] {processor.py:829} INFO - Processing file /opt/airflow/dags/realtime_pipeline.py for tasks to queue
[2025-04-03T11:43:36.309+0000] {logging_mixin.py:151} INFO - [2025-04-03T11:43:36.309+0000] {dagbag.py:539} INFO - Filling up the DagBag from /opt/airflow/dags/realtime_pipeline.py
[2025-04-03T11:43:36.324+0000] {processor.py:839} INFO - DAG(s) dict_keys(['realtime_pipeline']) retrieved from /opt/airflow/dags/realtime_pipeline.py
[2025-04-03T11:43:36.345+0000] {logging_mixin.py:151} INFO - [2025-04-03T11:43:36.345+0000] {dag.py:2907} INFO - Sync 1 DAGs
[2025-04-03T11:43:36.365+0000] {logging_mixin.py:151} INFO - [2025-04-03T11:43:36.365+0000] {dag.py:3677} INFO - Setting next_dagrun for realtime_pipeline to 2024-03-31T00:00:00+00:00, run_after=2024-03-31T00:30:00+00:00
[2025-04-03T11:43:36.381+0000] {processor.py:179} INFO - Processing /opt/airflow/dags/realtime_pipeline.py took 0.076 seconds
[2025-04-03T11:44:06.745+0000] {processor.py:157} INFO - Started process (PID=390) to work on /opt/airflow/dags/realtime_pipeline.py
[2025-04-03T11:44:06.746+0000] {processor.py:829} INFO - Processing file /opt/airflow/dags/realtime_pipeline.py for tasks to queue
[2025-04-03T11:44:06.747+0000] {logging_mixin.py:151} INFO - [2025-04-03T11:44:06.747+0000] {dagbag.py:539} INFO - Filling up the DagBag from /opt/airflow/dags/realtime_pipeline.py
[2025-04-03T11:44:06.764+0000] {processor.py:839} INFO - DAG(s) dict_keys(['realtime_pipeline']) retrieved from /opt/airflow/dags/realtime_pipeline.py
[2025-04-03T11:44:06.787+0000] {logging_mixin.py:151} INFO - [2025-04-03T11:44:06.787+0000] {dag.py:2907} INFO - Sync 1 DAGs
[2025-04-03T11:44:06.808+0000] {logging_mixin.py:151} INFO - [2025-04-03T11:44:06.808+0000] {dag.py:3677} INFO - Setting next_dagrun for realtime_pipeline to 2024-03-31T00:00:00+00:00, run_after=2024-03-31T00:30:00+00:00
[2025-04-03T11:44:06.823+0000] {processor.py:179} INFO - Processing /opt/airflow/dags/realtime_pipeline.py took 0.080 seconds
[2025-04-03T11:44:37.054+0000] {processor.py:157} INFO - Started process (PID=409) to work on /opt/airflow/dags/realtime_pipeline.py
[2025-04-03T11:44:37.054+0000] {processor.py:829} INFO - Processing file /opt/airflow/dags/realtime_pipeline.py for tasks to queue
[2025-04-03T11:44:37.055+0000] {logging_mixin.py:151} INFO - [2025-04-03T11:44:37.055+0000] {dagbag.py:539} INFO - Filling up the DagBag from /opt/airflow/dags/realtime_pipeline.py
[2025-04-03T11:44:37.073+0000] {processor.py:839} INFO - DAG(s) dict_keys(['realtime_pipeline']) retrieved from /opt/airflow/dags/realtime_pipeline.py
[2025-04-03T11:44:37.095+0000] {logging_mixin.py:151} INFO - [2025-04-03T11:44:37.095+0000] {dag.py:2907} INFO - Sync 1 DAGs
[2025-04-03T11:44:37.115+0000] {logging_mixin.py:151} INFO - [2025-04-03T11:44:37.115+0000] {dag.py:3677} INFO - Setting next_dagrun for realtime_pipeline to 2024-03-31T00:00:00+00:00, run_after=2024-03-31T00:30:00+00:00
[2025-04-03T11:44:37.130+0000] {processor.py:179} INFO - Processing /opt/airflow/dags/realtime_pipeline.py took 0.079 seconds
[2025-04-03T11:45:07.291+0000] {processor.py:157} INFO - Started process (PID=419) to work on /opt/airflow/dags/realtime_pipeline.py
[2025-04-03T11:45:07.291+0000] {processor.py:829} INFO - Processing file /opt/airflow/dags/realtime_pipeline.py for tasks to queue
[2025-04-03T11:45:07.292+0000] {logging_mixin.py:151} INFO - [2025-04-03T11:45:07.292+0000] {dagbag.py:539} INFO - Filling up the DagBag from /opt/airflow/dags/realtime_pipeline.py
[2025-04-03T11:45:07.308+0000] {processor.py:839} INFO - DAG(s) dict_keys(['realtime_pipeline']) retrieved from /opt/airflow/dags/realtime_pipeline.py
[2025-04-03T11:45:07.330+0000] {logging_mixin.py:151} INFO - [2025-04-03T11:45:07.330+0000] {dag.py:2907} INFO - Sync 1 DAGs
[2025-04-03T11:45:07.347+0000] {logging_mixin.py:151} INFO - [2025-04-03T11:45:07.347+0000] {dag.py:3677} INFO - Setting next_dagrun for realtime_pipeline to 2024-03-31T00:00:00+00:00, run_after=2024-03-31T00:30:00+00:00
[2025-04-03T11:45:07.361+0000] {processor.py:179} INFO - Processing /opt/airflow/dags/realtime_pipeline.py took 0.073 seconds
[2025-04-03T11:45:37.566+0000] {processor.py:157} INFO - Started process (PID=435) to work on /opt/airflow/dags/realtime_pipeline.py
[2025-04-03T11:45:37.566+0000] {processor.py:829} INFO - Processing file /opt/airflow/dags/realtime_pipeline.py for tasks to queue
[2025-04-03T11:45:37.567+0000] {logging_mixin.py:151} INFO - [2025-04-03T11:45:37.567+0000] {dagbag.py:539} INFO - Filling up the DagBag from /opt/airflow/dags/realtime_pipeline.py
[2025-04-03T11:45:37.584+0000] {processor.py:839} INFO - DAG(s) dict_keys(['realtime_pipeline']) retrieved from /opt/airflow/dags/realtime_pipeline.py
[2025-04-03T11:45:37.606+0000] {logging_mixin.py:151} INFO - [2025-04-03T11:45:37.605+0000] {dag.py:2907} INFO - Sync 1 DAGs
[2025-04-03T11:45:37.624+0000] {logging_mixin.py:151} INFO - [2025-04-03T11:45:37.624+0000] {dag.py:3677} INFO - Setting next_dagrun for realtime_pipeline to 2024-03-31T00:00:00+00:00, run_after=2024-03-31T00:30:00+00:00
[2025-04-03T11:45:37.637+0000] {processor.py:179} INFO - Processing /opt/airflow/dags/realtime_pipeline.py took 0.074 seconds
[2025-04-03T11:46:07.924+0000] {processor.py:157} INFO - Started process (PID=445) to work on /opt/airflow/dags/realtime_pipeline.py
[2025-04-03T11:46:07.925+0000] {processor.py:829} INFO - Processing file /opt/airflow/dags/realtime_pipeline.py for tasks to queue
[2025-04-03T11:46:07.926+0000] {logging_mixin.py:151} INFO - [2025-04-03T11:46:07.925+0000] {dagbag.py:539} INFO - Filling up the DagBag from /opt/airflow/dags/realtime_pipeline.py
[2025-04-03T11:46:07.941+0000] {processor.py:839} INFO - DAG(s) dict_keys(['realtime_pipeline']) retrieved from /opt/airflow/dags/realtime_pipeline.py
[2025-04-03T11:46:07.960+0000] {logging_mixin.py:151} INFO - [2025-04-03T11:46:07.960+0000] {dag.py:2907} INFO - Sync 1 DAGs
[2025-04-03T11:46:07.977+0000] {logging_mixin.py:151} INFO - [2025-04-03T11:46:07.977+0000] {dag.py:3677} INFO - Setting next_dagrun for realtime_pipeline to 2024-03-31T00:00:00+00:00, run_after=2024-03-31T00:30:00+00:00
[2025-04-03T11:46:07.993+0000] {processor.py:179} INFO - Processing /opt/airflow/dags/realtime_pipeline.py took 0.071 seconds
[2025-04-03T11:46:38.341+0000] {processor.py:157} INFO - Started process (PID=455) to work on /opt/airflow/dags/realtime_pipeline.py
[2025-04-03T11:46:38.342+0000] {processor.py:829} INFO - Processing file /opt/airflow/dags/realtime_pipeline.py for tasks to queue
[2025-04-03T11:46:38.343+0000] {logging_mixin.py:151} INFO - [2025-04-03T11:46:38.343+0000] {dagbag.py:539} INFO - Filling up the DagBag from /opt/airflow/dags/realtime_pipeline.py
[2025-04-03T11:46:38.359+0000] {processor.py:839} INFO - DAG(s) dict_keys(['realtime_pipeline']) retrieved from /opt/airflow/dags/realtime_pipeline.py
[2025-04-03T11:46:38.379+0000] {logging_mixin.py:151} INFO - [2025-04-03T11:46:38.379+0000] {dag.py:2907} INFO - Sync 1 DAGs
[2025-04-03T11:46:38.397+0000] {logging_mixin.py:151} INFO - [2025-04-03T11:46:38.397+0000] {dag.py:3677} INFO - Setting next_dagrun for realtime_pipeline to 2024-03-31T00:00:00+00:00, run_after=2024-03-31T00:30:00+00:00
[2025-04-03T11:46:38.411+0000] {processor.py:179} INFO - Processing /opt/airflow/dags/realtime_pipeline.py took 0.073 seconds
[2025-04-03T11:47:08.584+0000] {processor.py:157} INFO - Started process (PID=465) to work on /opt/airflow/dags/realtime_pipeline.py
[2025-04-03T11:47:08.585+0000] {processor.py:829} INFO - Processing file /opt/airflow/dags/realtime_pipeline.py for tasks to queue
[2025-04-03T11:47:08.586+0000] {logging_mixin.py:151} INFO - [2025-04-03T11:47:08.585+0000] {dagbag.py:539} INFO - Filling up the DagBag from /opt/airflow/dags/realtime_pipeline.py
[2025-04-03T11:47:08.602+0000] {processor.py:839} INFO - DAG(s) dict_keys(['realtime_pipeline']) retrieved from /opt/airflow/dags/realtime_pipeline.py
[2025-04-03T11:47:08.625+0000] {logging_mixin.py:151} INFO - [2025-04-03T11:47:08.625+0000] {dag.py:2907} INFO - Sync 1 DAGs
[2025-04-03T11:47:08.643+0000] {logging_mixin.py:151} INFO - [2025-04-03T11:47:08.643+0000] {dag.py:3677} INFO - Setting next_dagrun for realtime_pipeline to 2024-03-31T00:00:00+00:00, run_after=2024-03-31T00:30:00+00:00
[2025-04-03T11:47:08.657+0000] {processor.py:179} INFO - Processing /opt/airflow/dags/realtime_pipeline.py took 0.076 seconds
[2025-04-03T11:47:38.916+0000] {processor.py:157} INFO - Started process (PID=478) to work on /opt/airflow/dags/realtime_pipeline.py
[2025-04-03T11:47:38.917+0000] {processor.py:829} INFO - Processing file /opt/airflow/dags/realtime_pipeline.py for tasks to queue
[2025-04-03T11:47:38.918+0000] {logging_mixin.py:151} INFO - [2025-04-03T11:47:38.917+0000] {dagbag.py:539} INFO - Filling up the DagBag from /opt/airflow/dags/realtime_pipeline.py
[2025-04-03T11:47:38.933+0000] {processor.py:839} INFO - DAG(s) dict_keys(['realtime_pipeline']) retrieved from /opt/airflow/dags/realtime_pipeline.py
[2025-04-03T11:47:38.953+0000] {logging_mixin.py:151} INFO - [2025-04-03T11:47:38.953+0000] {dag.py:2907} INFO - Sync 1 DAGs
[2025-04-03T11:47:38.970+0000] {logging_mixin.py:151} INFO - [2025-04-03T11:47:38.970+0000] {dag.py:3677} INFO - Setting next_dagrun for realtime_pipeline to 2024-03-31T00:00:00+00:00, run_after=2024-03-31T00:30:00+00:00
[2025-04-03T11:47:38.988+0000] {processor.py:179} INFO - Processing /opt/airflow/dags/realtime_pipeline.py took 0.075 seconds
[2025-04-03T11:48:09.260+0000] {processor.py:157} INFO - Started process (PID=488) to work on /opt/airflow/dags/realtime_pipeline.py
[2025-04-03T11:48:09.261+0000] {processor.py:829} INFO - Processing file /opt/airflow/dags/realtime_pipeline.py for tasks to queue
[2025-04-03T11:48:09.262+0000] {logging_mixin.py:151} INFO - [2025-04-03T11:48:09.261+0000] {dagbag.py:539} INFO - Filling up the DagBag from /opt/airflow/dags/realtime_pipeline.py
[2025-04-03T11:48:09.276+0000] {processor.py:839} INFO - DAG(s) dict_keys(['realtime_pipeline']) retrieved from /opt/airflow/dags/realtime_pipeline.py
[2025-04-03T11:48:09.296+0000] {logging_mixin.py:151} INFO - [2025-04-03T11:48:09.296+0000] {dag.py:2907} INFO - Sync 1 DAGs
[2025-04-03T11:48:09.313+0000] {logging_mixin.py:151} INFO - [2025-04-03T11:48:09.313+0000] {dag.py:3677} INFO - Setting next_dagrun for realtime_pipeline to 2024-03-31T00:00:00+00:00, run_after=2024-03-31T00:30:00+00:00
[2025-04-03T11:48:09.327+0000] {processor.py:179} INFO - Processing /opt/airflow/dags/realtime_pipeline.py took 0.071 seconds
[2025-04-03T11:48:39.567+0000] {processor.py:157} INFO - Started process (PID=504) to work on /opt/airflow/dags/realtime_pipeline.py
[2025-04-03T11:48:39.567+0000] {processor.py:829} INFO - Processing file /opt/airflow/dags/realtime_pipeline.py for tasks to queue
[2025-04-03T11:48:39.568+0000] {logging_mixin.py:151} INFO - [2025-04-03T11:48:39.568+0000] {dagbag.py:539} INFO - Filling up the DagBag from /opt/airflow/dags/realtime_pipeline.py
[2025-04-03T11:48:39.584+0000] {processor.py:839} INFO - DAG(s) dict_keys(['realtime_pipeline']) retrieved from /opt/airflow/dags/realtime_pipeline.py
[2025-04-03T11:48:39.604+0000] {logging_mixin.py:151} INFO - [2025-04-03T11:48:39.604+0000] {dag.py:2907} INFO - Sync 1 DAGs
[2025-04-03T11:48:39.622+0000] {logging_mixin.py:151} INFO - [2025-04-03T11:48:39.621+0000] {dag.py:3677} INFO - Setting next_dagrun for realtime_pipeline to 2024-03-31T00:00:00+00:00, run_after=2024-03-31T00:30:00+00:00
[2025-04-03T11:48:39.636+0000] {processor.py:179} INFO - Processing /opt/airflow/dags/realtime_pipeline.py took 0.072 seconds
[2025-04-03T11:49:09.853+0000] {processor.py:157} INFO - Started process (PID=514) to work on /opt/airflow/dags/realtime_pipeline.py
[2025-04-03T11:49:09.853+0000] {processor.py:829} INFO - Processing file /opt/airflow/dags/realtime_pipeline.py for tasks to queue
[2025-04-03T11:49:09.854+0000] {logging_mixin.py:151} INFO - [2025-04-03T11:49:09.854+0000] {dagbag.py:539} INFO - Filling up the DagBag from /opt/airflow/dags/realtime_pipeline.py
[2025-04-03T11:49:09.870+0000] {processor.py:839} INFO - DAG(s) dict_keys(['realtime_pipeline']) retrieved from /opt/airflow/dags/realtime_pipeline.py
[2025-04-03T11:49:09.890+0000] {logging_mixin.py:151} INFO - [2025-04-03T11:49:09.890+0000] {dag.py:2907} INFO - Sync 1 DAGs
[2025-04-03T11:49:09.907+0000] {logging_mixin.py:151} INFO - [2025-04-03T11:49:09.907+0000] {dag.py:3677} INFO - Setting next_dagrun for realtime_pipeline to 2024-03-31T00:00:00+00:00, run_after=2024-03-31T00:30:00+00:00
[2025-04-03T11:49:09.922+0000] {processor.py:179} INFO - Processing /opt/airflow/dags/realtime_pipeline.py took 0.072 seconds
[2025-04-03T11:49:40.185+0000] {processor.py:157} INFO - Started process (PID=524) to work on /opt/airflow/dags/realtime_pipeline.py
[2025-04-03T11:49:40.185+0000] {processor.py:829} INFO - Processing file /opt/airflow/dags/realtime_pipeline.py for tasks to queue
[2025-04-03T11:49:40.186+0000] {logging_mixin.py:151} INFO - [2025-04-03T11:49:40.186+0000] {dagbag.py:539} INFO - Filling up the DagBag from /opt/airflow/dags/realtime_pipeline.py
[2025-04-03T11:49:40.204+0000] {processor.py:839} INFO - DAG(s) dict_keys(['realtime_pipeline']) retrieved from /opt/airflow/dags/realtime_pipeline.py
[2025-04-03T11:49:40.225+0000] {logging_mixin.py:151} INFO - [2025-04-03T11:49:40.225+0000] {dag.py:2907} INFO - Sync 1 DAGs
[2025-04-03T11:49:40.244+0000] {logging_mixin.py:151} INFO - [2025-04-03T11:49:40.244+0000] {dag.py:3677} INFO - Setting next_dagrun for realtime_pipeline to 2024-03-31T00:00:00+00:00, run_after=2024-03-31T00:30:00+00:00
[2025-04-03T11:49:40.258+0000] {processor.py:179} INFO - Processing /opt/airflow/dags/realtime_pipeline.py took 0.075 seconds
[2025-04-03T11:50:10.535+0000] {processor.py:157} INFO - Started process (PID=534) to work on /opt/airflow/dags/realtime_pipeline.py
[2025-04-03T11:50:10.536+0000] {processor.py:829} INFO - Processing file /opt/airflow/dags/realtime_pipeline.py for tasks to queue
[2025-04-03T11:50:10.536+0000] {logging_mixin.py:151} INFO - [2025-04-03T11:50:10.536+0000] {dagbag.py:539} INFO - Filling up the DagBag from /opt/airflow/dags/realtime_pipeline.py
[2025-04-03T11:50:10.552+0000] {processor.py:839} INFO - DAG(s) dict_keys(['realtime_pipeline']) retrieved from /opt/airflow/dags/realtime_pipeline.py
[2025-04-03T11:50:10.573+0000] {logging_mixin.py:151} INFO - [2025-04-03T11:50:10.573+0000] {dag.py:2907} INFO - Sync 1 DAGs
[2025-04-03T11:50:10.591+0000] {logging_mixin.py:151} INFO - [2025-04-03T11:50:10.591+0000] {dag.py:3677} INFO - Setting next_dagrun for realtime_pipeline to 2024-03-31T00:00:00+00:00, run_after=2024-03-31T00:30:00+00:00
[2025-04-03T11:50:10.606+0000] {processor.py:179} INFO - Processing /opt/airflow/dags/realtime_pipeline.py took 0.073 seconds
[2025-04-03T11:50:40.887+0000] {processor.py:157} INFO - Started process (PID=547) to work on /opt/airflow/dags/realtime_pipeline.py
[2025-04-03T11:50:40.888+0000] {processor.py:829} INFO - Processing file /opt/airflow/dags/realtime_pipeline.py for tasks to queue
[2025-04-03T11:50:40.889+0000] {logging_mixin.py:151} INFO - [2025-04-03T11:50:40.889+0000] {dagbag.py:539} INFO - Filling up the DagBag from /opt/airflow/dags/realtime_pipeline.py
[2025-04-03T11:50:40.904+0000] {processor.py:839} INFO - DAG(s) dict_keys(['realtime_pipeline']) retrieved from /opt/airflow/dags/realtime_pipeline.py
[2025-04-03T11:50:40.925+0000] {logging_mixin.py:151} INFO - [2025-04-03T11:50:40.925+0000] {dag.py:2907} INFO - Sync 1 DAGs
[2025-04-03T11:50:40.942+0000] {logging_mixin.py:151} INFO - [2025-04-03T11:50:40.942+0000] {dag.py:3677} INFO - Setting next_dagrun for realtime_pipeline to 2024-03-31T00:00:00+00:00, run_after=2024-03-31T00:30:00+00:00
[2025-04-03T11:50:40.957+0000] {processor.py:179} INFO - Processing /opt/airflow/dags/realtime_pipeline.py took 0.071 seconds
[2025-04-03T11:51:11.334+0000] {processor.py:157} INFO - Started process (PID=557) to work on /opt/airflow/dags/realtime_pipeline.py
[2025-04-03T11:51:11.335+0000] {processor.py:829} INFO - Processing file /opt/airflow/dags/realtime_pipeline.py for tasks to queue
[2025-04-03T11:51:11.336+0000] {logging_mixin.py:151} INFO - [2025-04-03T11:51:11.335+0000] {dagbag.py:539} INFO - Filling up the DagBag from /opt/airflow/dags/realtime_pipeline.py
[2025-04-03T11:51:11.352+0000] {processor.py:839} INFO - DAG(s) dict_keys(['realtime_pipeline']) retrieved from /opt/airflow/dags/realtime_pipeline.py
[2025-04-03T11:51:11.372+0000] {logging_mixin.py:151} INFO - [2025-04-03T11:51:11.372+0000] {dag.py:2907} INFO - Sync 1 DAGs
[2025-04-03T11:51:11.389+0000] {logging_mixin.py:151} INFO - [2025-04-03T11:51:11.389+0000] {dag.py:3677} INFO - Setting next_dagrun for realtime_pipeline to 2024-03-31T00:00:00+00:00, run_after=2024-03-31T00:30:00+00:00
[2025-04-03T11:51:11.403+0000] {processor.py:179} INFO - Processing /opt/airflow/dags/realtime_pipeline.py took 0.071 seconds
[2025-04-03T11:51:41.715+0000] {processor.py:157} INFO - Started process (PID=573) to work on /opt/airflow/dags/realtime_pipeline.py
[2025-04-03T11:51:41.715+0000] {processor.py:829} INFO - Processing file /opt/airflow/dags/realtime_pipeline.py for tasks to queue
[2025-04-03T11:51:41.716+0000] {logging_mixin.py:151} INFO - [2025-04-03T11:51:41.716+0000] {dagbag.py:539} INFO - Filling up the DagBag from /opt/airflow/dags/realtime_pipeline.py
[2025-04-03T11:51:41.731+0000] {processor.py:839} INFO - DAG(s) dict_keys(['realtime_pipeline']) retrieved from /opt/airflow/dags/realtime_pipeline.py
[2025-04-03T11:51:41.752+0000] {logging_mixin.py:151} INFO - [2025-04-03T11:51:41.751+0000] {dag.py:2907} INFO - Sync 1 DAGs
[2025-04-03T11:51:41.769+0000] {logging_mixin.py:151} INFO - [2025-04-03T11:51:41.769+0000] {dag.py:3677} INFO - Setting next_dagrun for realtime_pipeline to 2024-03-31T00:00:00+00:00, run_after=2024-03-31T00:30:00+00:00
[2025-04-03T11:51:41.783+0000] {processor.py:179} INFO - Processing /opt/airflow/dags/realtime_pipeline.py took 0.071 seconds
[2025-04-03T11:52:12.045+0000] {processor.py:157} INFO - Started process (PID=583) to work on /opt/airflow/dags/realtime_pipeline.py
[2025-04-03T11:52:12.046+0000] {processor.py:829} INFO - Processing file /opt/airflow/dags/realtime_pipeline.py for tasks to queue
[2025-04-03T11:52:12.046+0000] {logging_mixin.py:151} INFO - [2025-04-03T11:52:12.046+0000] {dagbag.py:539} INFO - Filling up the DagBag from /opt/airflow/dags/realtime_pipeline.py
[2025-04-03T11:52:12.063+0000] {processor.py:839} INFO - DAG(s) dict_keys(['realtime_pipeline']) retrieved from /opt/airflow/dags/realtime_pipeline.py
[2025-04-03T11:52:12.084+0000] {logging_mixin.py:151} INFO - [2025-04-03T11:52:12.084+0000] {dag.py:2907} INFO - Sync 1 DAGs
[2025-04-03T11:52:12.102+0000] {logging_mixin.py:151} INFO - [2025-04-03T11:52:12.102+0000] {dag.py:3677} INFO - Setting next_dagrun for realtime_pipeline to 2024-03-31T00:00:00+00:00, run_after=2024-03-31T00:30:00+00:00
[2025-04-03T11:52:12.115+0000] {processor.py:179} INFO - Processing /opt/airflow/dags/realtime_pipeline.py took 0.072 seconds
[2025-04-03T11:52:42.355+0000] {processor.py:157} INFO - Started process (PID=593) to work on /opt/airflow/dags/realtime_pipeline.py
[2025-04-03T11:52:42.356+0000] {processor.py:829} INFO - Processing file /opt/airflow/dags/realtime_pipeline.py for tasks to queue
[2025-04-03T11:52:42.357+0000] {logging_mixin.py:151} INFO - [2025-04-03T11:52:42.356+0000] {dagbag.py:539} INFO - Filling up the DagBag from /opt/airflow/dags/realtime_pipeline.py
[2025-04-03T11:52:42.372+0000] {processor.py:839} INFO - DAG(s) dict_keys(['realtime_pipeline']) retrieved from /opt/airflow/dags/realtime_pipeline.py
[2025-04-03T11:52:42.392+0000] {logging_mixin.py:151} INFO - [2025-04-03T11:52:42.392+0000] {dag.py:2907} INFO - Sync 1 DAGs
[2025-04-03T11:52:42.410+0000] {logging_mixin.py:151} INFO - [2025-04-03T11:52:42.410+0000] {dag.py:3677} INFO - Setting next_dagrun for realtime_pipeline to 2024-03-31T00:00:00+00:00, run_after=2024-03-31T00:30:00+00:00
[2025-04-03T11:52:42.424+0000] {processor.py:179} INFO - Processing /opt/airflow/dags/realtime_pipeline.py took 0.071 seconds
[2025-04-03T11:53:12.649+0000] {processor.py:157} INFO - Started process (PID=603) to work on /opt/airflow/dags/realtime_pipeline.py
[2025-04-03T11:53:12.650+0000] {processor.py:829} INFO - Processing file /opt/airflow/dags/realtime_pipeline.py for tasks to queue
[2025-04-03T11:53:12.651+0000] {logging_mixin.py:151} INFO - [2025-04-03T11:53:12.650+0000] {dagbag.py:539} INFO - Filling up the DagBag from /opt/airflow/dags/realtime_pipeline.py
[2025-04-03T11:53:12.666+0000] {processor.py:839} INFO - DAG(s) dict_keys(['realtime_pipeline']) retrieved from /opt/airflow/dags/realtime_pipeline.py
[2025-04-03T11:53:12.687+0000] {logging_mixin.py:151} INFO - [2025-04-03T11:53:12.687+0000] {dag.py:2907} INFO - Sync 1 DAGs
[2025-04-03T11:53:12.705+0000] {logging_mixin.py:151} INFO - [2025-04-03T11:53:12.705+0000] {dag.py:3677} INFO - Setting next_dagrun for realtime_pipeline to 2024-03-31T00:00:00+00:00, run_after=2024-03-31T00:30:00+00:00
[2025-04-03T11:53:12.719+0000] {processor.py:179} INFO - Processing /opt/airflow/dags/realtime_pipeline.py took 0.072 seconds
[2025-04-03T11:54:41.096+0000] {processor.py:157} INFO - Started process (PID=177) to work on /opt/airflow/dags/realtime_pipeline.py
[2025-04-03T11:54:41.097+0000] {processor.py:829} INFO - Processing file /opt/airflow/dags/realtime_pipeline.py for tasks to queue
[2025-04-03T11:54:41.098+0000] {logging_mixin.py:151} INFO - [2025-04-03T11:54:41.098+0000] {dagbag.py:539} INFO - Filling up the DagBag from /opt/airflow/dags/realtime_pipeline.py
[2025-04-03T11:54:41.122+0000] {processor.py:839} INFO - DAG(s) dict_keys(['realtime_pipeline']) retrieved from /opt/airflow/dags/realtime_pipeline.py
[2025-04-03T11:54:41.159+0000] {logging_mixin.py:151} INFO - [2025-04-03T11:54:41.159+0000] {dag.py:2907} INFO - Sync 1 DAGs
[2025-04-03T11:54:41.180+0000] {logging_mixin.py:151} INFO - [2025-04-03T11:54:41.180+0000] {dag.py:3677} INFO - Setting next_dagrun for realtime_pipeline to 2024-03-31T00:00:00+00:00, run_after=2024-03-31T00:30:00+00:00
[2025-04-03T11:54:41.196+0000] {processor.py:179} INFO - Processing /opt/airflow/dags/realtime_pipeline.py took 0.104 seconds
[2025-04-03T11:55:11.563+0000] {processor.py:157} INFO - Started process (PID=194) to work on /opt/airflow/dags/realtime_pipeline.py
[2025-04-03T11:55:11.563+0000] {processor.py:829} INFO - Processing file /opt/airflow/dags/realtime_pipeline.py for tasks to queue
[2025-04-03T11:55:11.564+0000] {logging_mixin.py:151} INFO - [2025-04-03T11:55:11.564+0000] {dagbag.py:539} INFO - Filling up the DagBag from /opt/airflow/dags/realtime_pipeline.py
[2025-04-03T11:55:11.584+0000] {processor.py:839} INFO - DAG(s) dict_keys(['realtime_pipeline']) retrieved from /opt/airflow/dags/realtime_pipeline.py
[2025-04-03T11:55:11.607+0000] {logging_mixin.py:151} INFO - [2025-04-03T11:55:11.607+0000] {dag.py:2907} INFO - Sync 1 DAGs
[2025-04-03T11:55:11.625+0000] {logging_mixin.py:151} INFO - [2025-04-03T11:55:11.625+0000] {dag.py:3677} INFO - Setting next_dagrun for realtime_pipeline to 2024-03-31T00:00:00+00:00, run_after=2024-03-31T00:30:00+00:00
[2025-04-03T11:55:11.641+0000] {processor.py:179} INFO - Processing /opt/airflow/dags/realtime_pipeline.py took 0.081 seconds
[2025-04-03T11:55:41.890+0000] {processor.py:157} INFO - Started process (PID=204) to work on /opt/airflow/dags/realtime_pipeline.py
[2025-04-03T11:55:41.891+0000] {processor.py:829} INFO - Processing file /opt/airflow/dags/realtime_pipeline.py for tasks to queue
[2025-04-03T11:55:41.892+0000] {logging_mixin.py:151} INFO - [2025-04-03T11:55:41.892+0000] {dagbag.py:539} INFO - Filling up the DagBag from /opt/airflow/dags/realtime_pipeline.py
[2025-04-03T11:55:41.910+0000] {processor.py:839} INFO - DAG(s) dict_keys(['realtime_pipeline']) retrieved from /opt/airflow/dags/realtime_pipeline.py
[2025-04-03T11:55:41.934+0000] {logging_mixin.py:151} INFO - [2025-04-03T11:55:41.934+0000] {dag.py:2907} INFO - Sync 1 DAGs
[2025-04-03T11:55:41.954+0000] {logging_mixin.py:151} INFO - [2025-04-03T11:55:41.954+0000] {dag.py:3677} INFO - Setting next_dagrun for realtime_pipeline to 2024-03-31T00:00:00+00:00, run_after=2024-03-31T00:30:00+00:00
[2025-04-03T11:55:41.970+0000] {processor.py:179} INFO - Processing /opt/airflow/dags/realtime_pipeline.py took 0.082 seconds
[2025-04-03T11:56:12.296+0000] {processor.py:157} INFO - Started process (PID=214) to work on /opt/airflow/dags/realtime_pipeline.py
[2025-04-03T11:56:12.296+0000] {processor.py:829} INFO - Processing file /opt/airflow/dags/realtime_pipeline.py for tasks to queue
[2025-04-03T11:56:12.297+0000] {logging_mixin.py:151} INFO - [2025-04-03T11:56:12.297+0000] {dagbag.py:539} INFO - Filling up the DagBag from /opt/airflow/dags/realtime_pipeline.py
[2025-04-03T11:56:12.313+0000] {processor.py:839} INFO - DAG(s) dict_keys(['realtime_pipeline']) retrieved from /opt/airflow/dags/realtime_pipeline.py
[2025-04-03T11:56:12.336+0000] {logging_mixin.py:151} INFO - [2025-04-03T11:56:12.336+0000] {dag.py:2907} INFO - Sync 1 DAGs
[2025-04-03T11:56:12.355+0000] {logging_mixin.py:151} INFO - [2025-04-03T11:56:12.355+0000] {dag.py:3677} INFO - Setting next_dagrun for realtime_pipeline to 2024-03-31T00:00:00+00:00, run_after=2024-03-31T00:30:00+00:00
[2025-04-03T11:56:12.371+0000] {processor.py:179} INFO - Processing /opt/airflow/dags/realtime_pipeline.py took 0.077 seconds
[2025-04-03T11:56:42.802+0000] {processor.py:157} INFO - Started process (PID=224) to work on /opt/airflow/dags/realtime_pipeline.py
[2025-04-03T11:56:42.802+0000] {processor.py:829} INFO - Processing file /opt/airflow/dags/realtime_pipeline.py for tasks to queue
[2025-04-03T11:56:42.803+0000] {logging_mixin.py:151} INFO - [2025-04-03T11:56:42.803+0000] {dagbag.py:539} INFO - Filling up the DagBag from /opt/airflow/dags/realtime_pipeline.py
[2025-04-03T11:56:42.818+0000] {processor.py:839} INFO - DAG(s) dict_keys(['realtime_pipeline']) retrieved from /opt/airflow/dags/realtime_pipeline.py
[2025-04-03T11:56:42.839+0000] {logging_mixin.py:151} INFO - [2025-04-03T11:56:42.839+0000] {dag.py:2907} INFO - Sync 1 DAGs
[2025-04-03T11:56:42.859+0000] {logging_mixin.py:151} INFO - [2025-04-03T11:56:42.859+0000] {dag.py:3677} INFO - Setting next_dagrun for realtime_pipeline to 2024-03-31T00:00:00+00:00, run_after=2024-03-31T00:30:00+00:00
[2025-04-03T11:56:42.874+0000] {processor.py:179} INFO - Processing /opt/airflow/dags/realtime_pipeline.py took 0.074 seconds
[2025-04-03T11:57:13.091+0000] {processor.py:157} INFO - Started process (PID=234) to work on /opt/airflow/dags/realtime_pipeline.py
[2025-04-03T11:57:13.092+0000] {processor.py:829} INFO - Processing file /opt/airflow/dags/realtime_pipeline.py for tasks to queue
[2025-04-03T11:57:13.092+0000] {logging_mixin.py:151} INFO - [2025-04-03T11:57:13.092+0000] {dagbag.py:539} INFO - Filling up the DagBag from /opt/airflow/dags/realtime_pipeline.py
[2025-04-03T11:57:13.107+0000] {processor.py:839} INFO - DAG(s) dict_keys(['realtime_pipeline']) retrieved from /opt/airflow/dags/realtime_pipeline.py
[2025-04-03T11:57:13.129+0000] {logging_mixin.py:151} INFO - [2025-04-03T11:57:13.129+0000] {dag.py:2907} INFO - Sync 1 DAGs
[2025-04-03T11:57:13.149+0000] {logging_mixin.py:151} INFO - [2025-04-03T11:57:13.148+0000] {dag.py:3677} INFO - Setting next_dagrun for realtime_pipeline to 2024-03-31T00:00:00+00:00, run_after=2024-03-31T00:30:00+00:00
[2025-04-03T11:57:13.164+0000] {processor.py:179} INFO - Processing /opt/airflow/dags/realtime_pipeline.py took 0.075 seconds
[2025-04-03T11:57:43.539+0000] {processor.py:157} INFO - Started process (PID=250) to work on /opt/airflow/dags/realtime_pipeline.py
[2025-04-03T11:57:43.540+0000] {processor.py:829} INFO - Processing file /opt/airflow/dags/realtime_pipeline.py for tasks to queue
[2025-04-03T11:57:43.541+0000] {logging_mixin.py:151} INFO - [2025-04-03T11:57:43.540+0000] {dagbag.py:539} INFO - Filling up the DagBag from /opt/airflow/dags/realtime_pipeline.py
[2025-04-03T11:57:43.555+0000] {processor.py:839} INFO - DAG(s) dict_keys(['realtime_pipeline']) retrieved from /opt/airflow/dags/realtime_pipeline.py
[2025-04-03T11:57:43.575+0000] {logging_mixin.py:151} INFO - [2025-04-03T11:57:43.575+0000] {dag.py:2907} INFO - Sync 1 DAGs
[2025-04-03T11:57:43.591+0000] {logging_mixin.py:151} INFO - [2025-04-03T11:57:43.591+0000] {dag.py:3677} INFO - Setting next_dagrun for realtime_pipeline to 2024-03-31T00:00:00+00:00, run_after=2024-03-31T00:30:00+00:00
[2025-04-03T11:57:43.605+0000] {processor.py:179} INFO - Processing /opt/airflow/dags/realtime_pipeline.py took 0.068 seconds
[2025-04-03T11:58:14.004+0000] {processor.py:157} INFO - Started process (PID=260) to work on /opt/airflow/dags/realtime_pipeline.py
[2025-04-03T11:58:14.004+0000] {processor.py:829} INFO - Processing file /opt/airflow/dags/realtime_pipeline.py for tasks to queue
[2025-04-03T11:58:14.005+0000] {logging_mixin.py:151} INFO - [2025-04-03T11:58:14.005+0000] {dagbag.py:539} INFO - Filling up the DagBag from /opt/airflow/dags/realtime_pipeline.py
[2025-04-03T11:58:14.020+0000] {processor.py:839} INFO - DAG(s) dict_keys(['realtime_pipeline']) retrieved from /opt/airflow/dags/realtime_pipeline.py
[2025-04-03T11:58:14.040+0000] {logging_mixin.py:151} INFO - [2025-04-03T11:58:14.039+0000] {dag.py:2907} INFO - Sync 1 DAGs
[2025-04-03T11:58:14.058+0000] {logging_mixin.py:151} INFO - [2025-04-03T11:58:14.058+0000] {dag.py:3677} INFO - Setting next_dagrun for realtime_pipeline to 2024-03-31T00:00:00+00:00, run_after=2024-03-31T00:30:00+00:00
[2025-04-03T11:58:14.073+0000] {processor.py:179} INFO - Processing /opt/airflow/dags/realtime_pipeline.py took 0.072 seconds
[2025-04-03T11:58:44.443+0000] {processor.py:157} INFO - Started process (PID=270) to work on /opt/airflow/dags/realtime_pipeline.py
[2025-04-03T11:58:44.444+0000] {processor.py:829} INFO - Processing file /opt/airflow/dags/realtime_pipeline.py for tasks to queue
[2025-04-03T11:58:44.444+0000] {logging_mixin.py:151} INFO - [2025-04-03T11:58:44.444+0000] {dagbag.py:539} INFO - Filling up the DagBag from /opt/airflow/dags/realtime_pipeline.py
[2025-04-03T11:58:44.459+0000] {processor.py:839} INFO - DAG(s) dict_keys(['realtime_pipeline']) retrieved from /opt/airflow/dags/realtime_pipeline.py
[2025-04-03T11:58:44.479+0000] {logging_mixin.py:151} INFO - [2025-04-03T11:58:44.479+0000] {dag.py:2907} INFO - Sync 1 DAGs
[2025-04-03T11:58:44.499+0000] {logging_mixin.py:151} INFO - [2025-04-03T11:58:44.498+0000] {dag.py:3677} INFO - Setting next_dagrun for realtime_pipeline to 2024-03-31T00:00:00+00:00, run_after=2024-03-31T00:30:00+00:00
[2025-04-03T11:58:44.514+0000] {processor.py:179} INFO - Processing /opt/airflow/dags/realtime_pipeline.py took 0.073 seconds
[2025-04-03T11:59:14.696+0000] {processor.py:157} INFO - Started process (PID=280) to work on /opt/airflow/dags/realtime_pipeline.py
[2025-04-03T11:59:14.697+0000] {processor.py:829} INFO - Processing file /opt/airflow/dags/realtime_pipeline.py for tasks to queue
[2025-04-03T11:59:14.698+0000] {logging_mixin.py:151} INFO - [2025-04-03T11:59:14.697+0000] {dagbag.py:539} INFO - Filling up the DagBag from /opt/airflow/dags/realtime_pipeline.py
[2025-04-03T11:59:14.713+0000] {processor.py:839} INFO - DAG(s) dict_keys(['realtime_pipeline']) retrieved from /opt/airflow/dags/realtime_pipeline.py
[2025-04-03T11:59:14.732+0000] {logging_mixin.py:151} INFO - [2025-04-03T11:59:14.732+0000] {dag.py:2907} INFO - Sync 1 DAGs
[2025-04-03T11:59:14.750+0000] {logging_mixin.py:151} INFO - [2025-04-03T11:59:14.749+0000] {dag.py:3677} INFO - Setting next_dagrun for realtime_pipeline to 2024-03-31T00:00:00+00:00, run_after=2024-03-31T00:30:00+00:00
[2025-04-03T11:59:14.848+0000] {processor.py:179} INFO - Processing /opt/airflow/dags/realtime_pipeline.py took 0.154 seconds
[2025-04-03T11:59:45.222+0000] {processor.py:157} INFO - Started process (PID=290) to work on /opt/airflow/dags/realtime_pipeline.py
[2025-04-03T11:59:45.222+0000] {processor.py:829} INFO - Processing file /opt/airflow/dags/realtime_pipeline.py for tasks to queue
[2025-04-03T11:59:45.223+0000] {logging_mixin.py:151} INFO - [2025-04-03T11:59:45.223+0000] {dagbag.py:539} INFO - Filling up the DagBag from /opt/airflow/dags/realtime_pipeline.py
[2025-04-03T11:59:45.238+0000] {processor.py:839} INFO - DAG(s) dict_keys(['realtime_pipeline']) retrieved from /opt/airflow/dags/realtime_pipeline.py
[2025-04-03T11:59:45.257+0000] {logging_mixin.py:151} INFO - [2025-04-03T11:59:45.257+0000] {dag.py:2907} INFO - Sync 1 DAGs
[2025-04-03T11:59:45.374+0000] {logging_mixin.py:151} INFO - [2025-04-03T11:59:45.374+0000] {dag.py:3677} INFO - Setting next_dagrun for realtime_pipeline to 2024-03-31T00:00:00+00:00, run_after=2024-03-31T00:30:00+00:00
[2025-04-03T11:59:45.389+0000] {processor.py:179} INFO - Processing /opt/airflow/dags/realtime_pipeline.py took 0.170 seconds
[2025-04-03T12:00:15.649+0000] {processor.py:157} INFO - Started process (PID=300) to work on /opt/airflow/dags/realtime_pipeline.py
[2025-04-03T12:00:15.650+0000] {processor.py:829} INFO - Processing file /opt/airflow/dags/realtime_pipeline.py for tasks to queue
[2025-04-03T12:00:15.650+0000] {logging_mixin.py:151} INFO - [2025-04-03T12:00:15.650+0000] {dagbag.py:539} INFO - Filling up the DagBag from /opt/airflow/dags/realtime_pipeline.py
[2025-04-03T12:00:15.665+0000] {processor.py:839} INFO - DAG(s) dict_keys(['realtime_pipeline']) retrieved from /opt/airflow/dags/realtime_pipeline.py
[2025-04-03T12:00:15.686+0000] {logging_mixin.py:151} INFO - [2025-04-03T12:00:15.686+0000] {dag.py:2907} INFO - Sync 1 DAGs
[2025-04-03T12:00:15.800+0000] {logging_mixin.py:151} INFO - [2025-04-03T12:00:15.800+0000] {dag.py:3677} INFO - Setting next_dagrun for realtime_pipeline to 2024-03-31T00:00:00+00:00, run_after=2024-03-31T00:30:00+00:00
[2025-04-03T12:00:15.816+0000] {processor.py:179} INFO - Processing /opt/airflow/dags/realtime_pipeline.py took 0.169 seconds
[2025-04-03T12:00:46.108+0000] {processor.py:157} INFO - Started process (PID=316) to work on /opt/airflow/dags/realtime_pipeline.py
[2025-04-03T12:00:46.109+0000] {processor.py:829} INFO - Processing file /opt/airflow/dags/realtime_pipeline.py for tasks to queue
[2025-04-03T12:00:46.110+0000] {logging_mixin.py:151} INFO - [2025-04-03T12:00:46.109+0000] {dagbag.py:539} INFO - Filling up the DagBag from /opt/airflow/dags/realtime_pipeline.py
[2025-04-03T12:00:46.126+0000] {processor.py:839} INFO - DAG(s) dict_keys(['realtime_pipeline']) retrieved from /opt/airflow/dags/realtime_pipeline.py
[2025-04-03T12:00:46.241+0000] {logging_mixin.py:151} INFO - [2025-04-03T12:00:46.241+0000] {dag.py:2907} INFO - Sync 1 DAGs
[2025-04-03T12:00:46.257+0000] {logging_mixin.py:151} INFO - [2025-04-03T12:00:46.257+0000] {dag.py:3677} INFO - Setting next_dagrun for realtime_pipeline to 2024-03-31T00:00:00+00:00, run_after=2024-03-31T00:30:00+00:00
[2025-04-03T12:00:46.271+0000] {processor.py:179} INFO - Processing /opt/airflow/dags/realtime_pipeline.py took 0.165 seconds
[2025-04-03T12:01:16.467+0000] {processor.py:157} INFO - Started process (PID=326) to work on /opt/airflow/dags/realtime_pipeline.py
[2025-04-03T12:01:16.468+0000] {processor.py:829} INFO - Processing file /opt/airflow/dags/realtime_pipeline.py for tasks to queue
[2025-04-03T12:01:16.469+0000] {logging_mixin.py:151} INFO - [2025-04-03T12:01:16.469+0000] {dagbag.py:539} INFO - Filling up the DagBag from /opt/airflow/dags/realtime_pipeline.py
[2025-04-03T12:01:16.588+0000] {processor.py:839} INFO - DAG(s) dict_keys(['realtime_pipeline']) retrieved from /opt/airflow/dags/realtime_pipeline.py
[2025-04-03T12:01:16.607+0000] {logging_mixin.py:151} INFO - [2025-04-03T12:01:16.607+0000] {dag.py:2907} INFO - Sync 1 DAGs
[2025-04-03T12:01:16.622+0000] {logging_mixin.py:151} INFO - [2025-04-03T12:01:16.622+0000] {dag.py:3677} INFO - Setting next_dagrun for realtime_pipeline to 2024-03-31T00:00:00+00:00, run_after=2024-03-31T00:30:00+00:00
[2025-04-03T12:01:16.636+0000] {processor.py:179} INFO - Processing /opt/airflow/dags/realtime_pipeline.py took 0.172 seconds
[2025-04-03T12:01:46.898+0000] {processor.py:157} INFO - Started process (PID=400) to work on /opt/airflow/dags/realtime_pipeline.py
[2025-04-03T12:01:46.899+0000] {processor.py:829} INFO - Processing file /opt/airflow/dags/realtime_pipeline.py for tasks to queue
[2025-04-03T12:01:46.900+0000] {logging_mixin.py:151} INFO - [2025-04-03T12:01:46.899+0000] {dagbag.py:539} INFO - Filling up the DagBag from /opt/airflow/dags/realtime_pipeline.py
[2025-04-03T12:01:46.915+0000] {processor.py:839} INFO - DAG(s) dict_keys(['realtime_pipeline']) retrieved from /opt/airflow/dags/realtime_pipeline.py
[2025-04-03T12:01:46.936+0000] {logging_mixin.py:151} INFO - [2025-04-03T12:01:46.936+0000] {dag.py:2907} INFO - Sync 1 DAGs
[2025-04-03T12:01:46.970+0000] {processor.py:179} INFO - Processing /opt/airflow/dags/realtime_pipeline.py took 0.074 seconds
[2025-04-03T12:02:17.207+0000] {processor.py:157} INFO - Started process (PID=410) to work on /opt/airflow/dags/realtime_pipeline.py
[2025-04-03T12:02:17.207+0000] {processor.py:829} INFO - Processing file /opt/airflow/dags/realtime_pipeline.py for tasks to queue
[2025-04-03T12:02:17.208+0000] {logging_mixin.py:151} INFO - [2025-04-03T12:02:17.208+0000] {dagbag.py:539} INFO - Filling up the DagBag from /opt/airflow/dags/realtime_pipeline.py
[2025-04-03T12:02:17.226+0000] {processor.py:839} INFO - DAG(s) dict_keys(['realtime_pipeline']) retrieved from /opt/airflow/dags/realtime_pipeline.py
[2025-04-03T12:02:17.248+0000] {logging_mixin.py:151} INFO - [2025-04-03T12:02:17.248+0000] {dag.py:2907} INFO - Sync 1 DAGs
[2025-04-03T12:02:17.281+0000] {processor.py:179} INFO - Processing /opt/airflow/dags/realtime_pipeline.py took 0.077 seconds
[2025-04-03T12:02:47.578+0000] {processor.py:157} INFO - Started process (PID=420) to work on /opt/airflow/dags/realtime_pipeline.py
[2025-04-03T12:02:47.579+0000] {processor.py:829} INFO - Processing file /opt/airflow/dags/realtime_pipeline.py for tasks to queue
[2025-04-03T12:02:47.579+0000] {logging_mixin.py:151} INFO - [2025-04-03T12:02:47.579+0000] {dagbag.py:539} INFO - Filling up the DagBag from /opt/airflow/dags/realtime_pipeline.py
[2025-04-03T12:02:47.595+0000] {processor.py:839} INFO - DAG(s) dict_keys(['realtime_pipeline']) retrieved from /opt/airflow/dags/realtime_pipeline.py
[2025-04-03T12:02:47.617+0000] {logging_mixin.py:151} INFO - [2025-04-03T12:02:47.617+0000] {dag.py:2907} INFO - Sync 1 DAGs
[2025-04-03T12:02:47.651+0000] {processor.py:179} INFO - Processing /opt/airflow/dags/realtime_pipeline.py took 0.075 seconds
[2025-04-03T12:03:17.842+0000] {processor.py:157} INFO - Started process (PID=436) to work on /opt/airflow/dags/realtime_pipeline.py
[2025-04-03T12:03:17.843+0000] {processor.py:829} INFO - Processing file /opt/airflow/dags/realtime_pipeline.py for tasks to queue
[2025-04-03T12:03:17.844+0000] {logging_mixin.py:151} INFO - [2025-04-03T12:03:17.843+0000] {dagbag.py:539} INFO - Filling up the DagBag from /opt/airflow/dags/realtime_pipeline.py
[2025-04-03T12:03:17.862+0000] {processor.py:839} INFO - DAG(s) dict_keys(['realtime_pipeline']) retrieved from /opt/airflow/dags/realtime_pipeline.py
[2025-04-03T12:03:17.886+0000] {logging_mixin.py:151} INFO - [2025-04-03T12:03:17.885+0000] {dag.py:2907} INFO - Sync 1 DAGs
[2025-04-03T12:03:17.918+0000] {processor.py:179} INFO - Processing /opt/airflow/dags/realtime_pipeline.py took 0.079 seconds
[2025-04-03T12:03:48.117+0000] {processor.py:157} INFO - Started process (PID=446) to work on /opt/airflow/dags/realtime_pipeline.py
[2025-04-03T12:03:48.118+0000] {processor.py:829} INFO - Processing file /opt/airflow/dags/realtime_pipeline.py for tasks to queue
[2025-04-03T12:03:48.119+0000] {logging_mixin.py:151} INFO - [2025-04-03T12:03:48.118+0000] {dagbag.py:539} INFO - Filling up the DagBag from /opt/airflow/dags/realtime_pipeline.py
[2025-04-03T12:03:48.134+0000] {processor.py:839} INFO - DAG(s) dict_keys(['realtime_pipeline']) retrieved from /opt/airflow/dags/realtime_pipeline.py
[2025-04-03T12:03:48.155+0000] {logging_mixin.py:151} INFO - [2025-04-03T12:03:48.155+0000] {dag.py:2907} INFO - Sync 1 DAGs
[2025-04-03T12:03:48.185+0000] {processor.py:179} INFO - Processing /opt/airflow/dags/realtime_pipeline.py took 0.071 seconds
[2025-04-03T12:04:18.412+0000] {processor.py:157} INFO - Started process (PID=456) to work on /opt/airflow/dags/realtime_pipeline.py
[2025-04-03T12:04:18.413+0000] {processor.py:829} INFO - Processing file /opt/airflow/dags/realtime_pipeline.py for tasks to queue
[2025-04-03T12:04:18.414+0000] {logging_mixin.py:151} INFO - [2025-04-03T12:04:18.413+0000] {dagbag.py:539} INFO - Filling up the DagBag from /opt/airflow/dags/realtime_pipeline.py
[2025-04-03T12:04:18.430+0000] {processor.py:839} INFO - DAG(s) dict_keys(['realtime_pipeline']) retrieved from /opt/airflow/dags/realtime_pipeline.py
[2025-04-03T12:04:18.450+0000] {logging_mixin.py:151} INFO - [2025-04-03T12:04:18.450+0000] {dag.py:2907} INFO - Sync 1 DAGs
[2025-04-03T12:04:18.482+0000] {processor.py:179} INFO - Processing /opt/airflow/dags/realtime_pipeline.py took 0.072 seconds
[2025-04-03T12:04:48.609+0000] {processor.py:157} INFO - Started process (PID=466) to work on /opt/airflow/dags/realtime_pipeline.py
[2025-04-03T12:04:48.610+0000] {processor.py:829} INFO - Processing file /opt/airflow/dags/realtime_pipeline.py for tasks to queue
[2025-04-03T12:04:48.611+0000] {logging_mixin.py:151} INFO - [2025-04-03T12:04:48.610+0000] {dagbag.py:539} INFO - Filling up the DagBag from /opt/airflow/dags/realtime_pipeline.py
[2025-04-03T12:04:48.627+0000] {processor.py:839} INFO - DAG(s) dict_keys(['realtime_pipeline']) retrieved from /opt/airflow/dags/realtime_pipeline.py
[2025-04-03T12:04:48.647+0000] {logging_mixin.py:151} INFO - [2025-04-03T12:04:48.647+0000] {dag.py:2907} INFO - Sync 1 DAGs
[2025-04-03T12:04:48.680+0000] {processor.py:179} INFO - Processing /opt/airflow/dags/realtime_pipeline.py took 0.073 seconds
[2025-04-03T12:05:18.878+0000] {processor.py:157} INFO - Started process (PID=476) to work on /opt/airflow/dags/realtime_pipeline.py
[2025-04-03T12:05:18.879+0000] {processor.py:829} INFO - Processing file /opt/airflow/dags/realtime_pipeline.py for tasks to queue
[2025-04-03T12:05:18.879+0000] {logging_mixin.py:151} INFO - [2025-04-03T12:05:18.879+0000] {dagbag.py:539} INFO - Filling up the DagBag from /opt/airflow/dags/realtime_pipeline.py
[2025-04-03T12:05:18.895+0000] {processor.py:839} INFO - DAG(s) dict_keys(['realtime_pipeline']) retrieved from /opt/airflow/dags/realtime_pipeline.py
[2025-04-03T12:05:18.916+0000] {logging_mixin.py:151} INFO - [2025-04-03T12:05:18.915+0000] {dag.py:2907} INFO - Sync 1 DAGs
[2025-04-03T12:05:18.947+0000] {processor.py:179} INFO - Processing /opt/airflow/dags/realtime_pipeline.py took 0.072 seconds
[2025-04-03T12:05:49.143+0000] {processor.py:157} INFO - Started process (PID=486) to work on /opt/airflow/dags/realtime_pipeline.py
[2025-04-03T12:05:49.143+0000] {processor.py:829} INFO - Processing file /opt/airflow/dags/realtime_pipeline.py for tasks to queue
[2025-04-03T12:05:49.144+0000] {logging_mixin.py:151} INFO - [2025-04-03T12:05:49.144+0000] {dagbag.py:539} INFO - Filling up the DagBag from /opt/airflow/dags/realtime_pipeline.py
[2025-04-03T12:05:49.159+0000] {processor.py:839} INFO - DAG(s) dict_keys(['realtime_pipeline']) retrieved from /opt/airflow/dags/realtime_pipeline.py
[2025-04-03T12:05:49.181+0000] {logging_mixin.py:151} INFO - [2025-04-03T12:05:49.181+0000] {dag.py:2907} INFO - Sync 1 DAGs
[2025-04-03T12:05:49.212+0000] {processor.py:179} INFO - Processing /opt/airflow/dags/realtime_pipeline.py took 0.071 seconds
[2025-04-03T12:06:19.509+0000] {processor.py:157} INFO - Started process (PID=502) to work on /opt/airflow/dags/realtime_pipeline.py
[2025-04-03T12:06:19.509+0000] {processor.py:829} INFO - Processing file /opt/airflow/dags/realtime_pipeline.py for tasks to queue
[2025-04-03T12:06:19.510+0000] {logging_mixin.py:151} INFO - [2025-04-03T12:06:19.510+0000] {dagbag.py:539} INFO - Filling up the DagBag from /opt/airflow/dags/realtime_pipeline.py
[2025-04-03T12:06:19.525+0000] {processor.py:839} INFO - DAG(s) dict_keys(['realtime_pipeline']) retrieved from /opt/airflow/dags/realtime_pipeline.py
[2025-04-03T12:06:19.545+0000] {logging_mixin.py:151} INFO - [2025-04-03T12:06:19.545+0000] {dag.py:2907} INFO - Sync 1 DAGs
[2025-04-03T12:06:19.576+0000] {processor.py:179} INFO - Processing /opt/airflow/dags/realtime_pipeline.py took 0.070 seconds
[2025-04-03T12:06:49.813+0000] {processor.py:157} INFO - Started process (PID=608) to work on /opt/airflow/dags/realtime_pipeline.py
[2025-04-03T12:06:49.814+0000] {processor.py:829} INFO - Processing file /opt/airflow/dags/realtime_pipeline.py for tasks to queue
[2025-04-03T12:06:49.815+0000] {logging_mixin.py:151} INFO - [2025-04-03T12:06:49.815+0000] {dagbag.py:539} INFO - Filling up the DagBag from /opt/airflow/dags/realtime_pipeline.py
[2025-04-03T12:06:49.831+0000] {processor.py:839} INFO - DAG(s) dict_keys(['realtime_pipeline']) retrieved from /opt/airflow/dags/realtime_pipeline.py
[2025-04-03T12:06:49.852+0000] {logging_mixin.py:151} INFO - [2025-04-03T12:06:49.852+0000] {dag.py:2907} INFO - Sync 1 DAGs
[2025-04-03T12:06:49.884+0000] {processor.py:179} INFO - Processing /opt/airflow/dags/realtime_pipeline.py took 0.073 seconds
[2025-04-03T12:07:20.098+0000] {processor.py:157} INFO - Started process (PID=618) to work on /opt/airflow/dags/realtime_pipeline.py
[2025-04-03T12:07:20.099+0000] {processor.py:829} INFO - Processing file /opt/airflow/dags/realtime_pipeline.py for tasks to queue
[2025-04-03T12:07:20.099+0000] {logging_mixin.py:151} INFO - [2025-04-03T12:07:20.099+0000] {dagbag.py:539} INFO - Filling up the DagBag from /opt/airflow/dags/realtime_pipeline.py
[2025-04-03T12:07:20.115+0000] {processor.py:839} INFO - DAG(s) dict_keys(['realtime_pipeline']) retrieved from /opt/airflow/dags/realtime_pipeline.py
[2025-04-03T12:07:20.135+0000] {logging_mixin.py:151} INFO - [2025-04-03T12:07:20.135+0000] {dag.py:2907} INFO - Sync 1 DAGs
[2025-04-03T12:07:20.167+0000] {processor.py:179} INFO - Processing /opt/airflow/dags/realtime_pipeline.py took 0.071 seconds
[2025-04-03T12:07:50.458+0000] {processor.py:157} INFO - Started process (PID=628) to work on /opt/airflow/dags/realtime_pipeline.py
[2025-04-03T12:07:50.459+0000] {processor.py:829} INFO - Processing file /opt/airflow/dags/realtime_pipeline.py for tasks to queue
[2025-04-03T12:07:50.459+0000] {logging_mixin.py:151} INFO - [2025-04-03T12:07:50.459+0000] {dagbag.py:539} INFO - Filling up the DagBag from /opt/airflow/dags/realtime_pipeline.py
[2025-04-03T12:07:50.475+0000] {processor.py:839} INFO - DAG(s) dict_keys(['realtime_pipeline']) retrieved from /opt/airflow/dags/realtime_pipeline.py
[2025-04-03T12:07:50.496+0000] {logging_mixin.py:151} INFO - [2025-04-03T12:07:50.495+0000] {dag.py:2907} INFO - Sync 1 DAGs
[2025-04-03T12:07:50.527+0000] {processor.py:179} INFO - Processing /opt/airflow/dags/realtime_pipeline.py took 0.071 seconds
[2025-04-03T12:08:20.750+0000] {processor.py:157} INFO - Started process (PID=638) to work on /opt/airflow/dags/realtime_pipeline.py
[2025-04-03T12:08:20.751+0000] {processor.py:829} INFO - Processing file /opt/airflow/dags/realtime_pipeline.py for tasks to queue
[2025-04-03T12:08:20.751+0000] {logging_mixin.py:151} INFO - [2025-04-03T12:08:20.751+0000] {dagbag.py:539} INFO - Filling up the DagBag from /opt/airflow/dags/realtime_pipeline.py
[2025-04-03T12:08:20.767+0000] {processor.py:839} INFO - DAG(s) dict_keys(['realtime_pipeline']) retrieved from /opt/airflow/dags/realtime_pipeline.py
[2025-04-03T12:08:20.787+0000] {logging_mixin.py:151} INFO - [2025-04-03T12:08:20.787+0000] {dag.py:2907} INFO - Sync 1 DAGs
[2025-04-03T12:08:20.817+0000] {processor.py:179} INFO - Processing /opt/airflow/dags/realtime_pipeline.py took 0.069 seconds
[2025-04-03T12:08:50.991+0000] {processor.py:157} INFO - Started process (PID=648) to work on /opt/airflow/dags/realtime_pipeline.py
[2025-04-03T12:08:50.992+0000] {processor.py:829} INFO - Processing file /opt/airflow/dags/realtime_pipeline.py for tasks to queue
[2025-04-03T12:08:50.993+0000] {logging_mixin.py:151} INFO - [2025-04-03T12:08:50.992+0000] {dagbag.py:539} INFO - Filling up the DagBag from /opt/airflow/dags/realtime_pipeline.py
[2025-04-03T12:08:51.009+0000] {processor.py:839} INFO - DAG(s) dict_keys(['realtime_pipeline']) retrieved from /opt/airflow/dags/realtime_pipeline.py
[2025-04-03T12:08:51.030+0000] {logging_mixin.py:151} INFO - [2025-04-03T12:08:51.030+0000] {dag.py:2907} INFO - Sync 1 DAGs
[2025-04-03T12:08:51.061+0000] {processor.py:179} INFO - Processing /opt/airflow/dags/realtime_pipeline.py took 0.073 seconds
[2025-04-03T12:09:21.293+0000] {processor.py:157} INFO - Started process (PID=664) to work on /opt/airflow/dags/realtime_pipeline.py
[2025-04-03T12:09:21.294+0000] {processor.py:829} INFO - Processing file /opt/airflow/dags/realtime_pipeline.py for tasks to queue
[2025-04-03T12:09:21.294+0000] {logging_mixin.py:151} INFO - [2025-04-03T12:09:21.294+0000] {dagbag.py:539} INFO - Filling up the DagBag from /opt/airflow/dags/realtime_pipeline.py
[2025-04-03T12:09:21.310+0000] {processor.py:839} INFO - DAG(s) dict_keys(['realtime_pipeline']) retrieved from /opt/airflow/dags/realtime_pipeline.py
[2025-04-03T12:09:21.330+0000] {logging_mixin.py:151} INFO - [2025-04-03T12:09:21.330+0000] {dag.py:2907} INFO - Sync 1 DAGs
[2025-04-03T12:09:21.360+0000] {processor.py:179} INFO - Processing /opt/airflow/dags/realtime_pipeline.py took 0.069 seconds
[2025-04-03T12:09:51.520+0000] {processor.py:157} INFO - Started process (PID=674) to work on /opt/airflow/dags/realtime_pipeline.py
[2025-04-03T12:09:51.521+0000] {processor.py:829} INFO - Processing file /opt/airflow/dags/realtime_pipeline.py for tasks to queue
[2025-04-03T12:09:51.521+0000] {logging_mixin.py:151} INFO - [2025-04-03T12:09:51.521+0000] {dagbag.py:539} INFO - Filling up the DagBag from /opt/airflow/dags/realtime_pipeline.py
[2025-04-03T12:09:51.537+0000] {processor.py:839} INFO - DAG(s) dict_keys(['realtime_pipeline']) retrieved from /opt/airflow/dags/realtime_pipeline.py
[2025-04-03T12:09:51.558+0000] {logging_mixin.py:151} INFO - [2025-04-03T12:09:51.558+0000] {dag.py:2907} INFO - Sync 1 DAGs
[2025-04-03T12:09:51.589+0000] {processor.py:179} INFO - Processing /opt/airflow/dags/realtime_pipeline.py took 0.071 seconds
[2025-04-03T12:10:21.886+0000] {processor.py:157} INFO - Started process (PID=684) to work on /opt/airflow/dags/realtime_pipeline.py
[2025-04-03T12:10:21.887+0000] {processor.py:829} INFO - Processing file /opt/airflow/dags/realtime_pipeline.py for tasks to queue
[2025-04-03T12:10:21.888+0000] {logging_mixin.py:151} INFO - [2025-04-03T12:10:21.887+0000] {dagbag.py:539} INFO - Filling up the DagBag from /opt/airflow/dags/realtime_pipeline.py
[2025-04-03T12:10:21.903+0000] {processor.py:839} INFO - DAG(s) dict_keys(['realtime_pipeline']) retrieved from /opt/airflow/dags/realtime_pipeline.py
[2025-04-03T12:10:21.923+0000] {logging_mixin.py:151} INFO - [2025-04-03T12:10:21.923+0000] {dag.py:2907} INFO - Sync 1 DAGs
[2025-04-03T12:10:21.997+0000] {processor.py:179} INFO - Processing /opt/airflow/dags/realtime_pipeline.py took 0.113 seconds
[2025-04-03T12:10:52.276+0000] {processor.py:157} INFO - Started process (PID=694) to work on /opt/airflow/dags/realtime_pipeline.py
[2025-04-03T12:10:52.276+0000] {processor.py:829} INFO - Processing file /opt/airflow/dags/realtime_pipeline.py for tasks to queue
[2025-04-03T12:10:52.277+0000] {logging_mixin.py:151} INFO - [2025-04-03T12:10:52.277+0000] {dagbag.py:539} INFO - Filling up the DagBag from /opt/airflow/dags/realtime_pipeline.py
[2025-04-03T12:10:52.292+0000] {processor.py:839} INFO - DAG(s) dict_keys(['realtime_pipeline']) retrieved from /opt/airflow/dags/realtime_pipeline.py
[2025-04-03T12:10:52.312+0000] {logging_mixin.py:151} INFO - [2025-04-03T12:10:52.312+0000] {dag.py:2907} INFO - Sync 1 DAGs
[2025-04-03T12:10:52.455+0000] {processor.py:179} INFO - Processing /opt/airflow/dags/realtime_pipeline.py took 0.182 seconds
[2025-04-03T12:11:22.798+0000] {processor.py:157} INFO - Started process (PID=704) to work on /opt/airflow/dags/realtime_pipeline.py
[2025-04-03T12:11:22.798+0000] {processor.py:829} INFO - Processing file /opt/airflow/dags/realtime_pipeline.py for tasks to queue
[2025-04-03T12:11:22.799+0000] {logging_mixin.py:151} INFO - [2025-04-03T12:11:22.799+0000] {dagbag.py:539} INFO - Filling up the DagBag from /opt/airflow/dags/realtime_pipeline.py
[2025-04-03T12:11:22.815+0000] {processor.py:839} INFO - DAG(s) dict_keys(['realtime_pipeline']) retrieved from /opt/airflow/dags/realtime_pipeline.py
[2025-04-03T12:11:22.836+0000] {logging_mixin.py:151} INFO - [2025-04-03T12:11:22.836+0000] {dag.py:2907} INFO - Sync 1 DAGs
[2025-04-03T12:11:22.936+0000] {processor.py:179} INFO - Processing /opt/airflow/dags/realtime_pipeline.py took 0.141 seconds
[2025-04-03T12:11:53.190+0000] {processor.py:157} INFO - Started process (PID=810) to work on /opt/airflow/dags/realtime_pipeline.py
[2025-04-03T12:11:53.191+0000] {processor.py:829} INFO - Processing file /opt/airflow/dags/realtime_pipeline.py for tasks to queue
[2025-04-03T12:11:53.191+0000] {logging_mixin.py:151} INFO - [2025-04-03T12:11:53.191+0000] {dagbag.py:539} INFO - Filling up the DagBag from /opt/airflow/dags/realtime_pipeline.py
[2025-04-03T12:11:53.207+0000] {processor.py:839} INFO - DAG(s) dict_keys(['realtime_pipeline']) retrieved from /opt/airflow/dags/realtime_pipeline.py
[2025-04-03T12:11:53.227+0000] {logging_mixin.py:151} INFO - [2025-04-03T12:11:53.227+0000] {dag.py:2907} INFO - Sync 1 DAGs
[2025-04-03T12:11:53.427+0000] {processor.py:179} INFO - Processing /opt/airflow/dags/realtime_pipeline.py took 0.240 seconds
[2025-04-03T12:12:23.493+0000] {processor.py:157} INFO - Started process (PID=826) to work on /opt/airflow/dags/realtime_pipeline.py
[2025-04-03T12:12:23.493+0000] {processor.py:829} INFO - Processing file /opt/airflow/dags/realtime_pipeline.py for tasks to queue
[2025-04-03T12:12:23.494+0000] {logging_mixin.py:151} INFO - [2025-04-03T12:12:23.494+0000] {dagbag.py:539} INFO - Filling up the DagBag from /opt/airflow/dags/realtime_pipeline.py
[2025-04-03T12:12:23.510+0000] {processor.py:839} INFO - DAG(s) dict_keys(['realtime_pipeline']) retrieved from /opt/airflow/dags/realtime_pipeline.py
[2025-04-03T12:12:23.531+0000] {logging_mixin.py:151} INFO - [2025-04-03T12:12:23.531+0000] {dag.py:2907} INFO - Sync 1 DAGs
[2025-04-03T12:12:23.621+0000] {processor.py:179} INFO - Processing /opt/airflow/dags/realtime_pipeline.py took 0.131 seconds
[2025-04-03T12:12:53.873+0000] {processor.py:157} INFO - Started process (PID=836) to work on /opt/airflow/dags/realtime_pipeline.py
[2025-04-03T12:12:53.874+0000] {processor.py:829} INFO - Processing file /opt/airflow/dags/realtime_pipeline.py for tasks to queue
[2025-04-03T12:12:53.875+0000] {logging_mixin.py:151} INFO - [2025-04-03T12:12:53.875+0000] {dagbag.py:539} INFO - Filling up the DagBag from /opt/airflow/dags/realtime_pipeline.py
[2025-04-03T12:12:53.891+0000] {processor.py:839} INFO - DAG(s) dict_keys(['realtime_pipeline']) retrieved from /opt/airflow/dags/realtime_pipeline.py
[2025-04-03T12:12:53.914+0000] {logging_mixin.py:151} INFO - [2025-04-03T12:12:53.913+0000] {dag.py:2907} INFO - Sync 1 DAGs
[2025-04-03T12:12:53.947+0000] {processor.py:179} INFO - Processing /opt/airflow/dags/realtime_pipeline.py took 0.076 seconds
[2025-04-03T12:13:24.093+0000] {processor.py:157} INFO - Started process (PID=846) to work on /opt/airflow/dags/realtime_pipeline.py
[2025-04-03T12:13:24.094+0000] {processor.py:829} INFO - Processing file /opt/airflow/dags/realtime_pipeline.py for tasks to queue
[2025-04-03T12:13:24.095+0000] {logging_mixin.py:151} INFO - [2025-04-03T12:13:24.094+0000] {dagbag.py:539} INFO - Filling up the DagBag from /opt/airflow/dags/realtime_pipeline.py
[2025-04-03T12:13:24.110+0000] {processor.py:839} INFO - DAG(s) dict_keys(['realtime_pipeline']) retrieved from /opt/airflow/dags/realtime_pipeline.py
[2025-04-03T12:13:24.131+0000] {logging_mixin.py:151} INFO - [2025-04-03T12:13:24.131+0000] {dag.py:2907} INFO - Sync 1 DAGs
[2025-04-03T12:13:24.163+0000] {processor.py:179} INFO - Processing /opt/airflow/dags/realtime_pipeline.py took 0.073 seconds
[2025-04-03T12:13:54.393+0000] {processor.py:157} INFO - Started process (PID=856) to work on /opt/airflow/dags/realtime_pipeline.py
[2025-04-03T12:13:54.394+0000] {processor.py:829} INFO - Processing file /opt/airflow/dags/realtime_pipeline.py for tasks to queue
[2025-04-03T12:13:54.395+0000] {logging_mixin.py:151} INFO - [2025-04-03T12:13:54.394+0000] {dagbag.py:539} INFO - Filling up the DagBag from /opt/airflow/dags/realtime_pipeline.py
[2025-04-03T12:13:54.411+0000] {processor.py:839} INFO - DAG(s) dict_keys(['realtime_pipeline']) retrieved from /opt/airflow/dags/realtime_pipeline.py
[2025-04-03T12:13:54.434+0000] {logging_mixin.py:151} INFO - [2025-04-03T12:13:54.434+0000] {dag.py:2907} INFO - Sync 1 DAGs
[2025-04-03T12:13:54.468+0000] {processor.py:179} INFO - Processing /opt/airflow/dags/realtime_pipeline.py took 0.077 seconds
[2025-04-03T12:14:24.752+0000] {processor.py:157} INFO - Started process (PID=866) to work on /opt/airflow/dags/realtime_pipeline.py
[2025-04-03T12:14:24.753+0000] {processor.py:829} INFO - Processing file /opt/airflow/dags/realtime_pipeline.py for tasks to queue
[2025-04-03T12:14:24.753+0000] {logging_mixin.py:151} INFO - [2025-04-03T12:14:24.753+0000] {dagbag.py:539} INFO - Filling up the DagBag from /opt/airflow/dags/realtime_pipeline.py
[2025-04-03T12:14:24.769+0000] {processor.py:839} INFO - DAG(s) dict_keys(['realtime_pipeline']) retrieved from /opt/airflow/dags/realtime_pipeline.py
[2025-04-03T12:14:24.790+0000] {logging_mixin.py:151} INFO - [2025-04-03T12:14:24.789+0000] {dag.py:2907} INFO - Sync 1 DAGs
[2025-04-03T12:14:24.820+0000] {processor.py:179} INFO - Processing /opt/airflow/dags/realtime_pipeline.py took 0.071 seconds
[2025-04-03T12:14:55.114+0000] {processor.py:157} INFO - Started process (PID=876) to work on /opt/airflow/dags/realtime_pipeline.py
[2025-04-03T12:14:55.115+0000] {processor.py:829} INFO - Processing file /opt/airflow/dags/realtime_pipeline.py for tasks to queue
[2025-04-03T12:14:55.116+0000] {logging_mixin.py:151} INFO - [2025-04-03T12:14:55.115+0000] {dagbag.py:539} INFO - Filling up the DagBag from /opt/airflow/dags/realtime_pipeline.py
[2025-04-03T12:14:55.133+0000] {processor.py:839} INFO - DAG(s) dict_keys(['realtime_pipeline']) retrieved from /opt/airflow/dags/realtime_pipeline.py
[2025-04-03T12:14:55.155+0000] {logging_mixin.py:151} INFO - [2025-04-03T12:14:55.155+0000] {dag.py:2907} INFO - Sync 1 DAGs
[2025-04-03T12:14:55.185+0000] {processor.py:179} INFO - Processing /opt/airflow/dags/realtime_pipeline.py took 0.073 seconds
[2025-04-03T12:15:25.328+0000] {processor.py:157} INFO - Started process (PID=892) to work on /opt/airflow/dags/realtime_pipeline.py
[2025-04-03T12:15:25.329+0000] {processor.py:829} INFO - Processing file /opt/airflow/dags/realtime_pipeline.py for tasks to queue
[2025-04-03T12:15:25.330+0000] {logging_mixin.py:151} INFO - [2025-04-03T12:15:25.330+0000] {dagbag.py:539} INFO - Filling up the DagBag from /opt/airflow/dags/realtime_pipeline.py
[2025-04-03T12:15:25.347+0000] {processor.py:839} INFO - DAG(s) dict_keys(['realtime_pipeline']) retrieved from /opt/airflow/dags/realtime_pipeline.py
[2025-04-03T12:15:25.368+0000] {logging_mixin.py:151} INFO - [2025-04-03T12:15:25.368+0000] {dag.py:2907} INFO - Sync 1 DAGs
[2025-04-03T12:15:25.400+0000] {processor.py:179} INFO - Processing /opt/airflow/dags/realtime_pipeline.py took 0.075 seconds
