[2025-04-02T08:57:20.886+0000] {processor.py:157} INFO - Started process (PID=174) to work on /opt/airflow/dags/realtime_pipeline.py
[2025-04-02T08:57:20.887+0000] {processor.py:829} INFO - Processing file /opt/airflow/dags/realtime_pipeline.py for tasks to queue
[2025-04-02T08:57:20.888+0000] {logging_mixin.py:151} INFO - [2025-04-02T08:57:20.888+0000] {dagbag.py:539} INFO - Filling up the DagBag from /opt/airflow/dags/realtime_pipeline.py
[2025-04-02T08:57:20.910+0000] {processor.py:839} INFO - DAG(s) dict_keys(['realtime_pipeline']) retrieved from /opt/airflow/dags/realtime_pipeline.py
[2025-04-02T08:57:20.956+0000] {logging_mixin.py:151} INFO - [2025-04-02T08:57:20.956+0000] {dag.py:2907} INFO - Sync 1 DAGs
[2025-04-02T08:57:21.000+0000] {processor.py:179} INFO - Processing /opt/airflow/dags/realtime_pipeline.py took 0.117 seconds
[2025-04-02T08:57:51.077+0000] {processor.py:157} INFO - Started process (PID=276) to work on /opt/airflow/dags/realtime_pipeline.py
[2025-04-02T08:57:51.078+0000] {processor.py:829} INFO - Processing file /opt/airflow/dags/realtime_pipeline.py for tasks to queue
[2025-04-02T08:57:51.078+0000] {logging_mixin.py:151} INFO - [2025-04-02T08:57:51.078+0000] {dagbag.py:539} INFO - Filling up the DagBag from /opt/airflow/dags/realtime_pipeline.py
[2025-04-02T08:57:51.096+0000] {processor.py:839} INFO - DAG(s) dict_keys(['realtime_pipeline']) retrieved from /opt/airflow/dags/realtime_pipeline.py
[2025-04-02T08:57:51.124+0000] {logging_mixin.py:151} INFO - [2025-04-02T08:57:51.124+0000] {dag.py:2907} INFO - Sync 1 DAGs
[2025-04-02T08:57:51.157+0000] {processor.py:179} INFO - Processing /opt/airflow/dags/realtime_pipeline.py took 0.083 seconds
[2025-04-02T08:58:21.371+0000] {processor.py:157} INFO - Started process (PID=281) to work on /opt/airflow/dags/realtime_pipeline.py
[2025-04-02T08:58:21.372+0000] {processor.py:829} INFO - Processing file /opt/airflow/dags/realtime_pipeline.py for tasks to queue
[2025-04-02T08:58:21.372+0000] {logging_mixin.py:151} INFO - [2025-04-02T08:58:21.372+0000] {dagbag.py:539} INFO - Filling up the DagBag from /opt/airflow/dags/realtime_pipeline.py
[2025-04-02T08:58:21.389+0000] {processor.py:839} INFO - DAG(s) dict_keys(['realtime_pipeline']) retrieved from /opt/airflow/dags/realtime_pipeline.py
[2025-04-02T08:58:21.409+0000] {logging_mixin.py:151} INFO - [2025-04-02T08:58:21.409+0000] {dag.py:2907} INFO - Sync 1 DAGs
[2025-04-02T08:58:21.444+0000] {processor.py:179} INFO - Processing /opt/airflow/dags/realtime_pipeline.py took 0.075 seconds
[2025-04-02T08:58:51.547+0000] {processor.py:157} INFO - Started process (PID=286) to work on /opt/airflow/dags/realtime_pipeline.py
[2025-04-02T08:58:51.548+0000] {processor.py:829} INFO - Processing file /opt/airflow/dags/realtime_pipeline.py for tasks to queue
[2025-04-02T08:58:51.548+0000] {logging_mixin.py:151} INFO - [2025-04-02T08:58:51.548+0000] {dagbag.py:539} INFO - Filling up the DagBag from /opt/airflow/dags/realtime_pipeline.py
[2025-04-02T08:58:51.566+0000] {processor.py:839} INFO - DAG(s) dict_keys(['realtime_pipeline']) retrieved from /opt/airflow/dags/realtime_pipeline.py
[2025-04-02T08:58:51.587+0000] {logging_mixin.py:151} INFO - [2025-04-02T08:58:51.587+0000] {dag.py:2907} INFO - Sync 1 DAGs
[2025-04-02T08:58:51.619+0000] {processor.py:179} INFO - Processing /opt/airflow/dags/realtime_pipeline.py took 0.075 seconds
[2025-04-02T08:59:21.792+0000] {processor.py:157} INFO - Started process (PID=291) to work on /opt/airflow/dags/realtime_pipeline.py
[2025-04-02T08:59:21.792+0000] {processor.py:829} INFO - Processing file /opt/airflow/dags/realtime_pipeline.py for tasks to queue
[2025-04-02T08:59:21.793+0000] {logging_mixin.py:151} INFO - [2025-04-02T08:59:21.793+0000] {dagbag.py:539} INFO - Filling up the DagBag from /opt/airflow/dags/realtime_pipeline.py
[2025-04-02T08:59:21.808+0000] {processor.py:839} INFO - DAG(s) dict_keys(['realtime_pipeline']) retrieved from /opt/airflow/dags/realtime_pipeline.py
[2025-04-02T08:59:21.828+0000] {logging_mixin.py:151} INFO - [2025-04-02T08:59:21.828+0000] {dag.py:2907} INFO - Sync 1 DAGs
[2025-04-02T08:59:21.917+0000] {processor.py:179} INFO - Processing /opt/airflow/dags/realtime_pipeline.py took 0.127 seconds
[2025-04-02T08:59:51.998+0000] {processor.py:157} INFO - Started process (PID=296) to work on /opt/airflow/dags/realtime_pipeline.py
[2025-04-02T08:59:51.999+0000] {processor.py:829} INFO - Processing file /opt/airflow/dags/realtime_pipeline.py for tasks to queue
[2025-04-02T08:59:51.999+0000] {logging_mixin.py:151} INFO - [2025-04-02T08:59:51.999+0000] {dagbag.py:539} INFO - Filling up the DagBag from /opt/airflow/dags/realtime_pipeline.py
[2025-04-02T08:59:52.015+0000] {processor.py:839} INFO - DAG(s) dict_keys(['realtime_pipeline']) retrieved from /opt/airflow/dags/realtime_pipeline.py
[2025-04-02T08:59:52.037+0000] {logging_mixin.py:151} INFO - [2025-04-02T08:59:52.036+0000] {dag.py:2907} INFO - Sync 1 DAGs
[2025-04-02T08:59:52.071+0000] {processor.py:179} INFO - Processing /opt/airflow/dags/realtime_pipeline.py took 0.076 seconds
[2025-04-02T09:00:22.139+0000] {processor.py:157} INFO - Started process (PID=301) to work on /opt/airflow/dags/realtime_pipeline.py
[2025-04-02T09:00:22.139+0000] {processor.py:829} INFO - Processing file /opt/airflow/dags/realtime_pipeline.py for tasks to queue
[2025-04-02T09:00:22.140+0000] {logging_mixin.py:151} INFO - [2025-04-02T09:00:22.140+0000] {dagbag.py:539} INFO - Filling up the DagBag from /opt/airflow/dags/realtime_pipeline.py
[2025-04-02T09:00:22.155+0000] {processor.py:839} INFO - DAG(s) dict_keys(['realtime_pipeline']) retrieved from /opt/airflow/dags/realtime_pipeline.py
[2025-04-02T09:00:22.177+0000] {logging_mixin.py:151} INFO - [2025-04-02T09:00:22.177+0000] {dag.py:2907} INFO - Sync 1 DAGs
[2025-04-02T09:00:22.210+0000] {processor.py:179} INFO - Processing /opt/airflow/dags/realtime_pipeline.py took 0.074 seconds
[2025-04-02T09:00:52.345+0000] {processor.py:157} INFO - Started process (PID=306) to work on /opt/airflow/dags/realtime_pipeline.py
[2025-04-02T09:00:52.345+0000] {processor.py:829} INFO - Processing file /opt/airflow/dags/realtime_pipeline.py for tasks to queue
[2025-04-02T09:00:52.346+0000] {logging_mixin.py:151} INFO - [2025-04-02T09:00:52.346+0000] {dagbag.py:539} INFO - Filling up the DagBag from /opt/airflow/dags/realtime_pipeline.py
[2025-04-02T09:00:52.361+0000] {processor.py:839} INFO - DAG(s) dict_keys(['realtime_pipeline']) retrieved from /opt/airflow/dags/realtime_pipeline.py
[2025-04-02T09:00:52.381+0000] {logging_mixin.py:151} INFO - [2025-04-02T09:00:52.381+0000] {dag.py:2907} INFO - Sync 1 DAGs
[2025-04-02T09:00:52.411+0000] {processor.py:179} INFO - Processing /opt/airflow/dags/realtime_pipeline.py took 0.069 seconds
[2025-04-02T09:01:22.568+0000] {processor.py:157} INFO - Started process (PID=311) to work on /opt/airflow/dags/realtime_pipeline.py
[2025-04-02T09:01:22.568+0000] {processor.py:829} INFO - Processing file /opt/airflow/dags/realtime_pipeline.py for tasks to queue
[2025-04-02T09:01:22.569+0000] {logging_mixin.py:151} INFO - [2025-04-02T09:01:22.569+0000] {dagbag.py:539} INFO - Filling up the DagBag from /opt/airflow/dags/realtime_pipeline.py
[2025-04-02T09:01:22.584+0000] {processor.py:839} INFO - DAG(s) dict_keys(['realtime_pipeline']) retrieved from /opt/airflow/dags/realtime_pipeline.py
[2025-04-02T09:01:22.603+0000] {logging_mixin.py:151} INFO - [2025-04-02T09:01:22.603+0000] {dag.py:2907} INFO - Sync 1 DAGs
[2025-04-02T09:01:22.634+0000] {processor.py:179} INFO - Processing /opt/airflow/dags/realtime_pipeline.py took 0.069 seconds
[2025-04-02T09:01:52.794+0000] {processor.py:157} INFO - Started process (PID=316) to work on /opt/airflow/dags/realtime_pipeline.py
[2025-04-02T09:01:52.794+0000] {processor.py:829} INFO - Processing file /opt/airflow/dags/realtime_pipeline.py for tasks to queue
[2025-04-02T09:01:52.795+0000] {logging_mixin.py:151} INFO - [2025-04-02T09:01:52.795+0000] {dagbag.py:539} INFO - Filling up the DagBag from /opt/airflow/dags/realtime_pipeline.py
[2025-04-02T09:01:52.811+0000] {processor.py:839} INFO - DAG(s) dict_keys(['realtime_pipeline']) retrieved from /opt/airflow/dags/realtime_pipeline.py
[2025-04-02T09:01:52.832+0000] {logging_mixin.py:151} INFO - [2025-04-02T09:01:52.832+0000] {dag.py:2907} INFO - Sync 1 DAGs
[2025-04-02T09:01:52.863+0000] {processor.py:179} INFO - Processing /opt/airflow/dags/realtime_pipeline.py took 0.073 seconds
[2025-04-02T09:02:23.169+0000] {processor.py:157} INFO - Started process (PID=321) to work on /opt/airflow/dags/realtime_pipeline.py
[2025-04-02T09:02:23.170+0000] {processor.py:829} INFO - Processing file /opt/airflow/dags/realtime_pipeline.py for tasks to queue
[2025-04-02T09:02:23.171+0000] {logging_mixin.py:151} INFO - [2025-04-02T09:02:23.170+0000] {dagbag.py:539} INFO - Filling up the DagBag from /opt/airflow/dags/realtime_pipeline.py
[2025-04-02T09:02:23.185+0000] {processor.py:839} INFO - DAG(s) dict_keys(['realtime_pipeline']) retrieved from /opt/airflow/dags/realtime_pipeline.py
[2025-04-02T09:02:23.204+0000] {logging_mixin.py:151} INFO - [2025-04-02T09:02:23.204+0000] {dag.py:2907} INFO - Sync 1 DAGs
[2025-04-02T09:02:23.317+0000] {processor.py:179} INFO - Processing /opt/airflow/dags/realtime_pipeline.py took 0.150 seconds
[2025-04-02T09:02:53.410+0000] {processor.py:157} INFO - Started process (PID=422) to work on /opt/airflow/dags/realtime_pipeline.py
[2025-04-02T09:02:53.411+0000] {processor.py:829} INFO - Processing file /opt/airflow/dags/realtime_pipeline.py for tasks to queue
[2025-04-02T09:02:53.412+0000] {logging_mixin.py:151} INFO - [2025-04-02T09:02:53.412+0000] {dagbag.py:539} INFO - Filling up the DagBag from /opt/airflow/dags/realtime_pipeline.py
[2025-04-02T09:02:53.427+0000] {processor.py:839} INFO - DAG(s) dict_keys(['realtime_pipeline']) retrieved from /opt/airflow/dags/realtime_pipeline.py
[2025-04-02T09:02:53.448+0000] {logging_mixin.py:151} INFO - [2025-04-02T09:02:53.448+0000] {dag.py:2907} INFO - Sync 1 DAGs
[2025-04-02T09:02:53.567+0000] {processor.py:179} INFO - Processing /opt/airflow/dags/realtime_pipeline.py took 0.159 seconds
[2025-04-02T09:03:23.706+0000] {processor.py:157} INFO - Started process (PID=427) to work on /opt/airflow/dags/realtime_pipeline.py
[2025-04-02T09:03:23.707+0000] {processor.py:829} INFO - Processing file /opt/airflow/dags/realtime_pipeline.py for tasks to queue
[2025-04-02T09:03:23.708+0000] {logging_mixin.py:151} INFO - [2025-04-02T09:03:23.707+0000] {dagbag.py:539} INFO - Filling up the DagBag from /opt/airflow/dags/realtime_pipeline.py
[2025-04-02T09:03:23.723+0000] {processor.py:839} INFO - DAG(s) dict_keys(['realtime_pipeline']) retrieved from /opt/airflow/dags/realtime_pipeline.py
[2025-04-02T09:03:23.746+0000] {logging_mixin.py:151} INFO - [2025-04-02T09:03:23.745+0000] {dag.py:2907} INFO - Sync 1 DAGs
[2025-04-02T09:03:23.854+0000] {processor.py:179} INFO - Processing /opt/airflow/dags/realtime_pipeline.py took 0.150 seconds
[2025-04-02T09:03:54.045+0000] {processor.py:157} INFO - Started process (PID=432) to work on /opt/airflow/dags/realtime_pipeline.py
[2025-04-02T09:03:54.046+0000] {processor.py:829} INFO - Processing file /opt/airflow/dags/realtime_pipeline.py for tasks to queue
[2025-04-02T09:03:54.047+0000] {logging_mixin.py:151} INFO - [2025-04-02T09:03:54.046+0000] {dagbag.py:539} INFO - Filling up the DagBag from /opt/airflow/dags/realtime_pipeline.py
[2025-04-02T09:03:54.062+0000] {processor.py:839} INFO - DAG(s) dict_keys(['realtime_pipeline']) retrieved from /opt/airflow/dags/realtime_pipeline.py
[2025-04-02T09:03:54.160+0000] {logging_mixin.py:151} INFO - [2025-04-02T09:03:54.160+0000] {dag.py:2907} INFO - Sync 1 DAGs
[2025-04-02T09:03:54.190+0000] {processor.py:179} INFO - Processing /opt/airflow/dags/realtime_pipeline.py took 0.147 seconds
[2025-04-02T09:04:24.270+0000] {processor.py:157} INFO - Started process (PID=437) to work on /opt/airflow/dags/realtime_pipeline.py
[2025-04-02T09:04:24.271+0000] {processor.py:829} INFO - Processing file /opt/airflow/dags/realtime_pipeline.py for tasks to queue
[2025-04-02T09:04:24.271+0000] {logging_mixin.py:151} INFO - [2025-04-02T09:04:24.271+0000] {dagbag.py:539} INFO - Filling up the DagBag from /opt/airflow/dags/realtime_pipeline.py
[2025-04-02T09:04:24.363+0000] {processor.py:839} INFO - DAG(s) dict_keys(['realtime_pipeline']) retrieved from /opt/airflow/dags/realtime_pipeline.py
[2025-04-02T09:04:24.385+0000] {logging_mixin.py:151} INFO - [2025-04-02T09:04:24.385+0000] {dag.py:2907} INFO - Sync 1 DAGs
[2025-04-02T09:04:24.415+0000] {processor.py:179} INFO - Processing /opt/airflow/dags/realtime_pipeline.py took 0.148 seconds
[2025-04-02T09:04:54.644+0000] {processor.py:157} INFO - Started process (PID=442) to work on /opt/airflow/dags/realtime_pipeline.py
[2025-04-02T09:04:54.644+0000] {processor.py:829} INFO - Processing file /opt/airflow/dags/realtime_pipeline.py for tasks to queue
[2025-04-02T09:04:54.645+0000] {logging_mixin.py:151} INFO - [2025-04-02T09:04:54.645+0000] {dagbag.py:539} INFO - Filling up the DagBag from /opt/airflow/dags/realtime_pipeline.py
[2025-04-02T09:04:54.662+0000] {processor.py:839} INFO - DAG(s) dict_keys(['realtime_pipeline']) retrieved from /opt/airflow/dags/realtime_pipeline.py
[2025-04-02T09:04:54.683+0000] {logging_mixin.py:151} INFO - [2025-04-02T09:04:54.683+0000] {dag.py:2907} INFO - Sync 1 DAGs
[2025-04-02T09:04:54.716+0000] {processor.py:179} INFO - Processing /opt/airflow/dags/realtime_pipeline.py took 0.075 seconds
[2025-04-02T09:05:19.856+0000] {processor.py:157} INFO - Started process (PID=447) to work on /opt/airflow/dags/realtime_pipeline.py
[2025-04-02T09:05:19.857+0000] {processor.py:829} INFO - Processing file /opt/airflow/dags/realtime_pipeline.py for tasks to queue
[2025-04-02T09:05:19.858+0000] {logging_mixin.py:151} INFO - [2025-04-02T09:05:19.858+0000] {dagbag.py:539} INFO - Filling up the DagBag from /opt/airflow/dags/realtime_pipeline.py
[2025-04-02T09:05:19.880+0000] {processor.py:839} INFO - DAG(s) dict_keys(['realtime_pipeline']) retrieved from /opt/airflow/dags/realtime_pipeline.py
[2025-04-02T09:05:19.904+0000] {logging_mixin.py:151} INFO - [2025-04-02T09:05:19.904+0000] {dag.py:2907} INFO - Sync 1 DAGs
[2025-04-02T09:05:19.940+0000] {processor.py:179} INFO - Processing /opt/airflow/dags/realtime_pipeline.py took 0.087 seconds
[2025-04-02T09:05:20.913+0000] {processor.py:157} INFO - Started process (PID=452) to work on /opt/airflow/dags/realtime_pipeline.py
[2025-04-02T09:05:20.914+0000] {processor.py:829} INFO - Processing file /opt/airflow/dags/realtime_pipeline.py for tasks to queue
[2025-04-02T09:05:20.914+0000] {logging_mixin.py:151} INFO - [2025-04-02T09:05:20.914+0000] {dagbag.py:539} INFO - Filling up the DagBag from /opt/airflow/dags/realtime_pipeline.py
[2025-04-02T09:05:20.936+0000] {processor.py:839} INFO - DAG(s) dict_keys(['realtime_pipeline']) retrieved from /opt/airflow/dags/realtime_pipeline.py
[2025-04-02T09:05:20.957+0000] {logging_mixin.py:151} INFO - [2025-04-02T09:05:20.957+0000] {dag.py:2907} INFO - Sync 1 DAGs
[2025-04-02T09:05:20.992+0000] {processor.py:179} INFO - Processing /opt/airflow/dags/realtime_pipeline.py took 0.082 seconds
[2025-04-02T09:05:22.985+0000] {processor.py:157} INFO - Started process (PID=457) to work on /opt/airflow/dags/realtime_pipeline.py
[2025-04-02T09:05:22.986+0000] {processor.py:829} INFO - Processing file /opt/airflow/dags/realtime_pipeline.py for tasks to queue
[2025-04-02T09:05:22.987+0000] {logging_mixin.py:151} INFO - [2025-04-02T09:05:22.986+0000] {dagbag.py:539} INFO - Filling up the DagBag from /opt/airflow/dags/realtime_pipeline.py
[2025-04-02T09:05:23.010+0000] {processor.py:839} INFO - DAG(s) dict_keys(['realtime_pipeline']) retrieved from /opt/airflow/dags/realtime_pipeline.py
[2025-04-02T09:05:23.032+0000] {logging_mixin.py:151} INFO - [2025-04-02T09:05:23.032+0000] {dag.py:2907} INFO - Sync 1 DAGs
[2025-04-02T09:05:23.069+0000] {processor.py:179} INFO - Processing /opt/airflow/dags/realtime_pipeline.py took 0.087 seconds
[2025-04-02T09:05:24.069+0000] {processor.py:157} INFO - Started process (PID=462) to work on /opt/airflow/dags/realtime_pipeline.py
[2025-04-02T09:05:24.070+0000] {processor.py:829} INFO - Processing file /opt/airflow/dags/realtime_pipeline.py for tasks to queue
[2025-04-02T09:05:24.070+0000] {logging_mixin.py:151} INFO - [2025-04-02T09:05:24.070+0000] {dagbag.py:539} INFO - Filling up the DagBag from /opt/airflow/dags/realtime_pipeline.py
[2025-04-02T09:05:24.093+0000] {processor.py:839} INFO - DAG(s) dict_keys(['realtime_pipeline']) retrieved from /opt/airflow/dags/realtime_pipeline.py
[2025-04-02T09:05:24.113+0000] {logging_mixin.py:151} INFO - [2025-04-02T09:05:24.113+0000] {dag.py:2907} INFO - Sync 1 DAGs
[2025-04-02T09:05:24.148+0000] {processor.py:179} INFO - Processing /opt/airflow/dags/realtime_pipeline.py took 0.082 seconds
[2025-04-02T09:05:25.119+0000] {processor.py:157} INFO - Started process (PID=467) to work on /opt/airflow/dags/realtime_pipeline.py
[2025-04-02T09:05:25.120+0000] {processor.py:829} INFO - Processing file /opt/airflow/dags/realtime_pipeline.py for tasks to queue
[2025-04-02T09:05:25.121+0000] {logging_mixin.py:151} INFO - [2025-04-02T09:05:25.120+0000] {dagbag.py:539} INFO - Filling up the DagBag from /opt/airflow/dags/realtime_pipeline.py
[2025-04-02T09:05:25.143+0000] {processor.py:839} INFO - DAG(s) dict_keys(['realtime_pipeline']) retrieved from /opt/airflow/dags/realtime_pipeline.py
[2025-04-02T09:05:25.163+0000] {logging_mixin.py:151} INFO - [2025-04-02T09:05:25.163+0000] {dag.py:2907} INFO - Sync 1 DAGs
[2025-04-02T09:05:25.198+0000] {processor.py:179} INFO - Processing /opt/airflow/dags/realtime_pipeline.py took 0.082 seconds
[2025-04-02T09:05:26.183+0000] {processor.py:157} INFO - Started process (PID=472) to work on /opt/airflow/dags/realtime_pipeline.py
[2025-04-02T09:05:26.184+0000] {processor.py:829} INFO - Processing file /opt/airflow/dags/realtime_pipeline.py for tasks to queue
[2025-04-02T09:05:26.185+0000] {logging_mixin.py:151} INFO - [2025-04-02T09:05:26.185+0000] {dagbag.py:539} INFO - Filling up the DagBag from /opt/airflow/dags/realtime_pipeline.py
[2025-04-02T09:05:26.202+0000] {processor.py:839} INFO - DAG(s) dict_keys(['realtime_pipeline']) retrieved from /opt/airflow/dags/realtime_pipeline.py
[2025-04-02T09:05:26.226+0000] {logging_mixin.py:151} INFO - [2025-04-02T09:05:26.226+0000] {dag.py:2907} INFO - Sync 1 DAGs
[2025-04-02T09:05:26.265+0000] {processor.py:179} INFO - Processing /opt/airflow/dags/realtime_pipeline.py took 0.085 seconds
[2025-04-02T09:05:56.401+0000] {processor.py:157} INFO - Started process (PID=477) to work on /opt/airflow/dags/realtime_pipeline.py
[2025-04-02T09:05:56.402+0000] {processor.py:829} INFO - Processing file /opt/airflow/dags/realtime_pipeline.py for tasks to queue
[2025-04-02T09:05:56.402+0000] {logging_mixin.py:151} INFO - [2025-04-02T09:05:56.402+0000] {dagbag.py:539} INFO - Filling up the DagBag from /opt/airflow/dags/realtime_pipeline.py
[2025-04-02T09:05:56.419+0000] {processor.py:839} INFO - DAG(s) dict_keys(['realtime_pipeline']) retrieved from /opt/airflow/dags/realtime_pipeline.py
[2025-04-02T09:05:56.439+0000] {logging_mixin.py:151} INFO - [2025-04-02T09:05:56.439+0000] {dag.py:2907} INFO - Sync 1 DAGs
[2025-04-02T09:05:56.473+0000] {processor.py:179} INFO - Processing /opt/airflow/dags/realtime_pipeline.py took 0.074 seconds
[2025-04-02T09:06:26.657+0000] {processor.py:157} INFO - Started process (PID=482) to work on /opt/airflow/dags/realtime_pipeline.py
[2025-04-02T09:06:26.658+0000] {processor.py:829} INFO - Processing file /opt/airflow/dags/realtime_pipeline.py for tasks to queue
[2025-04-02T09:06:26.659+0000] {logging_mixin.py:151} INFO - [2025-04-02T09:06:26.659+0000] {dagbag.py:539} INFO - Filling up the DagBag from /opt/airflow/dags/realtime_pipeline.py
[2025-04-02T09:06:26.675+0000] {processor.py:839} INFO - DAG(s) dict_keys(['realtime_pipeline']) retrieved from /opt/airflow/dags/realtime_pipeline.py
[2025-04-02T09:06:26.696+0000] {logging_mixin.py:151} INFO - [2025-04-02T09:06:26.696+0000] {dag.py:2907} INFO - Sync 1 DAGs
[2025-04-02T09:06:26.728+0000] {processor.py:179} INFO - Processing /opt/airflow/dags/realtime_pipeline.py took 0.073 seconds
[2025-04-02T09:06:56.901+0000] {processor.py:157} INFO - Started process (PID=487) to work on /opt/airflow/dags/realtime_pipeline.py
[2025-04-02T09:06:56.902+0000] {processor.py:829} INFO - Processing file /opt/airflow/dags/realtime_pipeline.py for tasks to queue
[2025-04-02T09:06:56.902+0000] {logging_mixin.py:151} INFO - [2025-04-02T09:06:56.902+0000] {dagbag.py:539} INFO - Filling up the DagBag from /opt/airflow/dags/realtime_pipeline.py
[2025-04-02T09:06:56.918+0000] {processor.py:839} INFO - DAG(s) dict_keys(['realtime_pipeline']) retrieved from /opt/airflow/dags/realtime_pipeline.py
[2025-04-02T09:06:57.061+0000] {logging_mixin.py:151} INFO - [2025-04-02T09:06:57.061+0000] {dag.py:2907} INFO - Sync 1 DAGs
[2025-04-02T09:06:57.070+0000] {logging_mixin.py:151} INFO - [2025-04-02T09:06:57.070+0000] {dag.py:2929} INFO - Creating ORM DAG for realtime_pipeline
[2025-04-02T09:06:57.078+0000] {logging_mixin.py:151} INFO - [2025-04-02T09:06:57.078+0000] {dag.py:3677} INFO - Setting next_dagrun for realtime_pipeline to 2024-03-31T00:00:00+00:00, run_after=2024-03-31T00:30:00+00:00
[2025-04-02T09:06:57.093+0000] {processor.py:179} INFO - Processing /opt/airflow/dags/realtime_pipeline.py took 0.194 seconds
[2025-04-02T09:07:02.951+0000] {processor.py:157} INFO - Started process (PID=492) to work on /opt/airflow/dags/realtime_pipeline.py
[2025-04-02T09:07:02.952+0000] {processor.py:829} INFO - Processing file /opt/airflow/dags/realtime_pipeline.py for tasks to queue
[2025-04-02T09:07:02.953+0000] {logging_mixin.py:151} INFO - [2025-04-02T09:07:02.952+0000] {dagbag.py:539} INFO - Filling up the DagBag from /opt/airflow/dags/realtime_pipeline.py
[2025-04-02T09:07:02.977+0000] {processor.py:839} INFO - DAG(s) dict_keys(['realtime_pipeline']) retrieved from /opt/airflow/dags/realtime_pipeline.py
[2025-04-02T09:07:02.986+0000] {logging_mixin.py:151} INFO - [2025-04-02T09:07:02.986+0000] {dag.py:2907} INFO - Sync 1 DAGs
[2025-04-02T09:07:03.005+0000] {logging_mixin.py:151} INFO - [2025-04-02T09:07:03.004+0000] {dag.py:3677} INFO - Setting next_dagrun for realtime_pipeline to 2024-03-31T00:00:00+00:00, run_after=2024-03-31T00:30:00+00:00
[2025-04-02T09:07:03.023+0000] {processor.py:179} INFO - Processing /opt/airflow/dags/realtime_pipeline.py took 0.075 seconds
[2025-04-02T09:07:44.847+0000] {processor.py:157} INFO - Started process (PID=174) to work on /opt/airflow/dags/realtime_pipeline.py
[2025-04-02T09:07:44.848+0000] {processor.py:829} INFO - Processing file /opt/airflow/dags/realtime_pipeline.py for tasks to queue
[2025-04-02T09:07:44.849+0000] {logging_mixin.py:151} INFO - [2025-04-02T09:07:44.849+0000] {dagbag.py:539} INFO - Filling up the DagBag from /opt/airflow/dags/realtime_pipeline.py
[2025-04-02T09:07:44.877+0000] {processor.py:839} INFO - DAG(s) dict_keys(['realtime_pipeline']) retrieved from /opt/airflow/dags/realtime_pipeline.py
[2025-04-02T09:07:44.921+0000] {logging_mixin.py:151} INFO - [2025-04-02T09:07:44.921+0000] {dag.py:2907} INFO - Sync 1 DAGs
[2025-04-02T09:07:44.940+0000] {logging_mixin.py:151} INFO - [2025-04-02T09:07:44.940+0000] {dag.py:3677} INFO - Setting next_dagrun for realtime_pipeline to 2024-03-31T00:00:00+00:00, run_after=2024-03-31T00:30:00+00:00
[2025-04-02T09:07:44.959+0000] {processor.py:179} INFO - Processing /opt/airflow/dags/realtime_pipeline.py took 0.115 seconds
[2025-04-02T09:08:15.065+0000] {processor.py:157} INFO - Started process (PID=244) to work on /opt/airflow/dags/realtime_pipeline.py
[2025-04-02T09:08:15.066+0000] {processor.py:829} INFO - Processing file /opt/airflow/dags/realtime_pipeline.py for tasks to queue
[2025-04-02T09:08:15.067+0000] {logging_mixin.py:151} INFO - [2025-04-02T09:08:15.066+0000] {dagbag.py:539} INFO - Filling up the DagBag from /opt/airflow/dags/realtime_pipeline.py
[2025-04-02T09:08:15.082+0000] {processor.py:839} INFO - DAG(s) dict_keys(['realtime_pipeline']) retrieved from /opt/airflow/dags/realtime_pipeline.py
[2025-04-02T09:08:15.105+0000] {logging_mixin.py:151} INFO - [2025-04-02T09:08:15.105+0000] {dag.py:2907} INFO - Sync 1 DAGs
[2025-04-02T09:08:15.145+0000] {processor.py:179} INFO - Processing /opt/airflow/dags/realtime_pipeline.py took 0.083 seconds
[2025-04-02T09:08:45.347+0000] {processor.py:157} INFO - Started process (PID=249) to work on /opt/airflow/dags/realtime_pipeline.py
[2025-04-02T09:08:45.347+0000] {processor.py:829} INFO - Processing file /opt/airflow/dags/realtime_pipeline.py for tasks to queue
[2025-04-02T09:08:45.348+0000] {logging_mixin.py:151} INFO - [2025-04-02T09:08:45.348+0000] {dagbag.py:539} INFO - Filling up the DagBag from /opt/airflow/dags/realtime_pipeline.py
[2025-04-02T09:08:45.364+0000] {processor.py:839} INFO - DAG(s) dict_keys(['realtime_pipeline']) retrieved from /opt/airflow/dags/realtime_pipeline.py
[2025-04-02T09:08:45.384+0000] {logging_mixin.py:151} INFO - [2025-04-02T09:08:45.384+0000] {dag.py:2907} INFO - Sync 1 DAGs
[2025-04-02T09:08:45.417+0000] {processor.py:179} INFO - Processing /opt/airflow/dags/realtime_pipeline.py took 0.072 seconds
[2025-04-02T09:09:15.588+0000] {processor.py:157} INFO - Started process (PID=254) to work on /opt/airflow/dags/realtime_pipeline.py
[2025-04-02T09:09:15.588+0000] {processor.py:829} INFO - Processing file /opt/airflow/dags/realtime_pipeline.py for tasks to queue
[2025-04-02T09:09:15.589+0000] {logging_mixin.py:151} INFO - [2025-04-02T09:09:15.589+0000] {dagbag.py:539} INFO - Filling up the DagBag from /opt/airflow/dags/realtime_pipeline.py
[2025-04-02T09:09:15.605+0000] {processor.py:839} INFO - DAG(s) dict_keys(['realtime_pipeline']) retrieved from /opt/airflow/dags/realtime_pipeline.py
[2025-04-02T09:09:15.627+0000] {logging_mixin.py:151} INFO - [2025-04-02T09:09:15.627+0000] {dag.py:2907} INFO - Sync 1 DAGs
[2025-04-02T09:09:15.663+0000] {processor.py:179} INFO - Processing /opt/airflow/dags/realtime_pipeline.py took 0.078 seconds
[2025-04-02T09:09:45.892+0000] {processor.py:157} INFO - Started process (PID=259) to work on /opt/airflow/dags/realtime_pipeline.py
[2025-04-02T09:09:45.892+0000] {processor.py:829} INFO - Processing file /opt/airflow/dags/realtime_pipeline.py for tasks to queue
[2025-04-02T09:09:45.893+0000] {logging_mixin.py:151} INFO - [2025-04-02T09:09:45.893+0000] {dagbag.py:539} INFO - Filling up the DagBag from /opt/airflow/dags/realtime_pipeline.py
[2025-04-02T09:09:45.908+0000] {processor.py:839} INFO - DAG(s) dict_keys(['realtime_pipeline']) retrieved from /opt/airflow/dags/realtime_pipeline.py
[2025-04-02T09:09:45.928+0000] {logging_mixin.py:151} INFO - [2025-04-02T09:09:45.928+0000] {dag.py:2907} INFO - Sync 1 DAGs
[2025-04-02T09:09:45.960+0000] {processor.py:179} INFO - Processing /opt/airflow/dags/realtime_pipeline.py took 0.071 seconds
[2025-04-02T09:10:16.115+0000] {processor.py:157} INFO - Started process (PID=264) to work on /opt/airflow/dags/realtime_pipeline.py
[2025-04-02T09:10:16.116+0000] {processor.py:829} INFO - Processing file /opt/airflow/dags/realtime_pipeline.py for tasks to queue
[2025-04-02T09:10:16.116+0000] {logging_mixin.py:151} INFO - [2025-04-02T09:10:16.116+0000] {dagbag.py:539} INFO - Filling up the DagBag from /opt/airflow/dags/realtime_pipeline.py
[2025-04-02T09:10:16.132+0000] {processor.py:839} INFO - DAG(s) dict_keys(['realtime_pipeline']) retrieved from /opt/airflow/dags/realtime_pipeline.py
[2025-04-02T09:10:16.153+0000] {logging_mixin.py:151} INFO - [2025-04-02T09:10:16.153+0000] {dag.py:2907} INFO - Sync 1 DAGs
[2025-04-02T09:10:16.185+0000] {processor.py:179} INFO - Processing /opt/airflow/dags/realtime_pipeline.py took 0.072 seconds
[2025-04-02T09:10:46.390+0000] {processor.py:157} INFO - Started process (PID=269) to work on /opt/airflow/dags/realtime_pipeline.py
[2025-04-02T09:10:46.390+0000] {processor.py:829} INFO - Processing file /opt/airflow/dags/realtime_pipeline.py for tasks to queue
[2025-04-02T09:10:46.391+0000] {logging_mixin.py:151} INFO - [2025-04-02T09:10:46.391+0000] {dagbag.py:539} INFO - Filling up the DagBag from /opt/airflow/dags/realtime_pipeline.py
[2025-04-02T09:10:46.407+0000] {processor.py:839} INFO - DAG(s) dict_keys(['realtime_pipeline']) retrieved from /opt/airflow/dags/realtime_pipeline.py
[2025-04-02T09:10:46.428+0000] {logging_mixin.py:151} INFO - [2025-04-02T09:10:46.427+0000] {dag.py:2907} INFO - Sync 1 DAGs
[2025-04-02T09:10:46.459+0000] {processor.py:179} INFO - Processing /opt/airflow/dags/realtime_pipeline.py took 0.072 seconds
[2025-04-02T09:11:16.618+0000] {processor.py:157} INFO - Started process (PID=274) to work on /opt/airflow/dags/realtime_pipeline.py
[2025-04-02T09:11:16.618+0000] {processor.py:829} INFO - Processing file /opt/airflow/dags/realtime_pipeline.py for tasks to queue
[2025-04-02T09:11:16.619+0000] {logging_mixin.py:151} INFO - [2025-04-02T09:11:16.619+0000] {dagbag.py:539} INFO - Filling up the DagBag from /opt/airflow/dags/realtime_pipeline.py
[2025-04-02T09:11:16.634+0000] {processor.py:839} INFO - DAG(s) dict_keys(['realtime_pipeline']) retrieved from /opt/airflow/dags/realtime_pipeline.py
[2025-04-02T09:11:16.656+0000] {logging_mixin.py:151} INFO - [2025-04-02T09:11:16.655+0000] {dag.py:2907} INFO - Sync 1 DAGs
[2025-04-02T09:11:16.687+0000] {processor.py:179} INFO - Processing /opt/airflow/dags/realtime_pipeline.py took 0.071 seconds
[2025-04-02T09:11:46.951+0000] {processor.py:157} INFO - Started process (PID=279) to work on /opt/airflow/dags/realtime_pipeline.py
[2025-04-02T09:11:46.952+0000] {processor.py:829} INFO - Processing file /opt/airflow/dags/realtime_pipeline.py for tasks to queue
[2025-04-02T09:11:46.952+0000] {logging_mixin.py:151} INFO - [2025-04-02T09:11:46.952+0000] {dagbag.py:539} INFO - Filling up the DagBag from /opt/airflow/dags/realtime_pipeline.py
[2025-04-02T09:11:46.967+0000] {processor.py:839} INFO - DAG(s) dict_keys(['realtime_pipeline']) retrieved from /opt/airflow/dags/realtime_pipeline.py
[2025-04-02T09:11:46.987+0000] {logging_mixin.py:151} INFO - [2025-04-02T09:11:46.987+0000] {dag.py:2907} INFO - Sync 1 DAGs
[2025-04-02T09:11:47.019+0000] {processor.py:179} INFO - Processing /opt/airflow/dags/realtime_pipeline.py took 0.070 seconds
[2025-04-02T09:12:17.150+0000] {processor.py:157} INFO - Started process (PID=284) to work on /opt/airflow/dags/realtime_pipeline.py
[2025-04-02T09:12:17.151+0000] {processor.py:829} INFO - Processing file /opt/airflow/dags/realtime_pipeline.py for tasks to queue
[2025-04-02T09:12:17.151+0000] {logging_mixin.py:151} INFO - [2025-04-02T09:12:17.151+0000] {dagbag.py:539} INFO - Filling up the DagBag from /opt/airflow/dags/realtime_pipeline.py
[2025-04-02T09:12:17.167+0000] {processor.py:839} INFO - DAG(s) dict_keys(['realtime_pipeline']) retrieved from /opt/airflow/dags/realtime_pipeline.py
[2025-04-02T09:12:17.188+0000] {logging_mixin.py:151} INFO - [2025-04-02T09:12:17.188+0000] {dag.py:2907} INFO - Sync 1 DAGs
[2025-04-02T09:12:17.219+0000] {processor.py:179} INFO - Processing /opt/airflow/dags/realtime_pipeline.py took 0.072 seconds
[2025-04-02T09:12:47.462+0000] {processor.py:157} INFO - Started process (PID=289) to work on /opt/airflow/dags/realtime_pipeline.py
[2025-04-02T09:12:47.463+0000] {processor.py:829} INFO - Processing file /opt/airflow/dags/realtime_pipeline.py for tasks to queue
[2025-04-02T09:12:47.464+0000] {logging_mixin.py:151} INFO - [2025-04-02T09:12:47.463+0000] {dagbag.py:539} INFO - Filling up the DagBag from /opt/airflow/dags/realtime_pipeline.py
[2025-04-02T09:12:47.479+0000] {processor.py:839} INFO - DAG(s) dict_keys(['realtime_pipeline']) retrieved from /opt/airflow/dags/realtime_pipeline.py
[2025-04-02T09:12:47.498+0000] {logging_mixin.py:151} INFO - [2025-04-02T09:12:47.498+0000] {dag.py:2907} INFO - Sync 1 DAGs
[2025-04-02T09:12:47.617+0000] {processor.py:179} INFO - Processing /opt/airflow/dags/realtime_pipeline.py took 0.157 seconds
[2025-04-02T09:13:17.679+0000] {processor.py:157} INFO - Started process (PID=326) to work on /opt/airflow/dags/realtime_pipeline.py
[2025-04-02T09:13:17.679+0000] {processor.py:829} INFO - Processing file /opt/airflow/dags/realtime_pipeline.py for tasks to queue
[2025-04-02T09:13:17.680+0000] {logging_mixin.py:151} INFO - [2025-04-02T09:13:17.680+0000] {dagbag.py:539} INFO - Filling up the DagBag from /opt/airflow/dags/realtime_pipeline.py
[2025-04-02T09:13:17.696+0000] {processor.py:839} INFO - DAG(s) dict_keys(['realtime_pipeline']) retrieved from /opt/airflow/dags/realtime_pipeline.py
[2025-04-02T09:13:17.717+0000] {logging_mixin.py:151} INFO - [2025-04-02T09:13:17.717+0000] {dag.py:2907} INFO - Sync 1 DAGs
[2025-04-02T09:13:17.824+0000] {logging_mixin.py:151} INFO - [2025-04-02T09:13:17.824+0000] {dag.py:3677} INFO - Setting next_dagrun for realtime_pipeline to 2024-03-31T07:30:00+00:00, run_after=2024-03-31T08:00:00+00:00
[2025-04-02T09:13:17.838+0000] {processor.py:179} INFO - Processing /opt/airflow/dags/realtime_pipeline.py took 0.162 seconds
[2025-04-02T09:13:48.036+0000] {processor.py:157} INFO - Started process (PID=395) to work on /opt/airflow/dags/realtime_pipeline.py
[2025-04-02T09:13:48.037+0000] {processor.py:829} INFO - Processing file /opt/airflow/dags/realtime_pipeline.py for tasks to queue
[2025-04-02T09:13:48.038+0000] {logging_mixin.py:151} INFO - [2025-04-02T09:13:48.037+0000] {dagbag.py:539} INFO - Filling up the DagBag from /opt/airflow/dags/realtime_pipeline.py
[2025-04-02T09:13:48.053+0000] {processor.py:839} INFO - DAG(s) dict_keys(['realtime_pipeline']) retrieved from /opt/airflow/dags/realtime_pipeline.py
[2025-04-02T09:13:48.073+0000] {logging_mixin.py:151} INFO - [2025-04-02T09:13:48.073+0000] {dag.py:2907} INFO - Sync 1 DAGs
[2025-04-02T09:13:48.185+0000] {processor.py:179} INFO - Processing /opt/airflow/dags/realtime_pipeline.py took 0.151 seconds
[2025-04-02T09:14:18.262+0000] {processor.py:157} INFO - Started process (PID=400) to work on /opt/airflow/dags/realtime_pipeline.py
[2025-04-02T09:14:18.262+0000] {processor.py:829} INFO - Processing file /opt/airflow/dags/realtime_pipeline.py for tasks to queue
[2025-04-02T09:14:18.263+0000] {logging_mixin.py:151} INFO - [2025-04-02T09:14:18.263+0000] {dagbag.py:539} INFO - Filling up the DagBag from /opt/airflow/dags/realtime_pipeline.py
[2025-04-02T09:14:18.279+0000] {processor.py:839} INFO - DAG(s) dict_keys(['realtime_pipeline']) retrieved from /opt/airflow/dags/realtime_pipeline.py
[2025-04-02T09:14:18.376+0000] {logging_mixin.py:151} INFO - [2025-04-02T09:14:18.376+0000] {dag.py:2907} INFO - Sync 1 DAGs
[2025-04-02T09:14:18.405+0000] {processor.py:179} INFO - Processing /opt/airflow/dags/realtime_pipeline.py took 0.146 seconds
[2025-04-02T09:14:48.609+0000] {processor.py:157} INFO - Started process (PID=405) to work on /opt/airflow/dags/realtime_pipeline.py
[2025-04-02T09:14:48.610+0000] {processor.py:829} INFO - Processing file /opt/airflow/dags/realtime_pipeline.py for tasks to queue
[2025-04-02T09:14:48.610+0000] {logging_mixin.py:151} INFO - [2025-04-02T09:14:48.610+0000] {dagbag.py:539} INFO - Filling up the DagBag from /opt/airflow/dags/realtime_pipeline.py
[2025-04-02T09:14:48.627+0000] {processor.py:839} INFO - DAG(s) dict_keys(['realtime_pipeline']) retrieved from /opt/airflow/dags/realtime_pipeline.py
[2025-04-02T09:14:48.648+0000] {logging_mixin.py:151} INFO - [2025-04-02T09:14:48.648+0000] {dag.py:2907} INFO - Sync 1 DAGs
[2025-04-02T09:14:48.711+0000] {processor.py:179} INFO - Processing /opt/airflow/dags/realtime_pipeline.py took 0.105 seconds
[2025-04-02T09:15:18.886+0000] {processor.py:157} INFO - Started process (PID=410) to work on /opt/airflow/dags/realtime_pipeline.py
[2025-04-02T09:15:18.886+0000] {processor.py:829} INFO - Processing file /opt/airflow/dags/realtime_pipeline.py for tasks to queue
[2025-04-02T09:15:18.887+0000] {logging_mixin.py:151} INFO - [2025-04-02T09:15:18.887+0000] {dagbag.py:539} INFO - Filling up the DagBag from /opt/airflow/dags/realtime_pipeline.py
[2025-04-02T09:15:18.904+0000] {processor.py:839} INFO - DAG(s) dict_keys(['realtime_pipeline']) retrieved from /opt/airflow/dags/realtime_pipeline.py
[2025-04-02T09:15:18.925+0000] {logging_mixin.py:151} INFO - [2025-04-02T09:15:18.925+0000] {dag.py:2907} INFO - Sync 1 DAGs
[2025-04-02T09:15:18.960+0000] {processor.py:179} INFO - Processing /opt/airflow/dags/realtime_pipeline.py took 0.076 seconds
[2025-04-02T09:15:49.050+0000] {processor.py:157} INFO - Started process (PID=415) to work on /opt/airflow/dags/realtime_pipeline.py
[2025-04-02T09:15:49.051+0000] {processor.py:829} INFO - Processing file /opt/airflow/dags/realtime_pipeline.py for tasks to queue
[2025-04-02T09:15:49.052+0000] {logging_mixin.py:151} INFO - [2025-04-02T09:15:49.051+0000] {dagbag.py:539} INFO - Filling up the DagBag from /opt/airflow/dags/realtime_pipeline.py
[2025-04-02T09:15:49.068+0000] {processor.py:839} INFO - DAG(s) dict_keys(['realtime_pipeline']) retrieved from /opt/airflow/dags/realtime_pipeline.py
[2025-04-02T09:15:49.090+0000] {logging_mixin.py:151} INFO - [2025-04-02T09:15:49.090+0000] {dag.py:2907} INFO - Sync 1 DAGs
[2025-04-02T09:15:49.122+0000] {processor.py:179} INFO - Processing /opt/airflow/dags/realtime_pipeline.py took 0.074 seconds
[2025-04-02T09:16:19.272+0000] {processor.py:157} INFO - Started process (PID=420) to work on /opt/airflow/dags/realtime_pipeline.py
[2025-04-02T09:16:19.272+0000] {processor.py:829} INFO - Processing file /opt/airflow/dags/realtime_pipeline.py for tasks to queue
[2025-04-02T09:16:19.273+0000] {logging_mixin.py:151} INFO - [2025-04-02T09:16:19.273+0000] {dagbag.py:539} INFO - Filling up the DagBag from /opt/airflow/dags/realtime_pipeline.py
[2025-04-02T09:16:19.289+0000] {processor.py:839} INFO - DAG(s) dict_keys(['realtime_pipeline']) retrieved from /opt/airflow/dags/realtime_pipeline.py
[2025-04-02T09:16:19.309+0000] {logging_mixin.py:151} INFO - [2025-04-02T09:16:19.309+0000] {dag.py:2907} INFO - Sync 1 DAGs
[2025-04-02T09:16:19.360+0000] {processor.py:179} INFO - Processing /opt/airflow/dags/realtime_pipeline.py took 0.091 seconds
[2025-04-02T09:16:49.448+0000] {processor.py:157} INFO - Started process (PID=425) to work on /opt/airflow/dags/realtime_pipeline.py
[2025-04-02T09:16:49.449+0000] {processor.py:829} INFO - Processing file /opt/airflow/dags/realtime_pipeline.py for tasks to queue
[2025-04-02T09:16:49.450+0000] {logging_mixin.py:151} INFO - [2025-04-02T09:16:49.449+0000] {dagbag.py:539} INFO - Filling up the DagBag from /opt/airflow/dags/realtime_pipeline.py
[2025-04-02T09:16:49.465+0000] {processor.py:839} INFO - DAG(s) dict_keys(['realtime_pipeline']) retrieved from /opt/airflow/dags/realtime_pipeline.py
[2025-04-02T09:16:49.487+0000] {logging_mixin.py:151} INFO - [2025-04-02T09:16:49.487+0000] {dag.py:2907} INFO - Sync 1 DAGs
[2025-04-02T09:16:49.519+0000] {processor.py:179} INFO - Processing /opt/airflow/dags/realtime_pipeline.py took 0.074 seconds
[2025-04-02T09:17:19.729+0000] {processor.py:157} INFO - Started process (PID=430) to work on /opt/airflow/dags/realtime_pipeline.py
[2025-04-02T09:17:19.730+0000] {processor.py:829} INFO - Processing file /opt/airflow/dags/realtime_pipeline.py for tasks to queue
[2025-04-02T09:17:19.730+0000] {logging_mixin.py:151} INFO - [2025-04-02T09:17:19.730+0000] {dagbag.py:539} INFO - Filling up the DagBag from /opt/airflow/dags/realtime_pipeline.py
[2025-04-02T09:17:19.751+0000] {processor.py:839} INFO - DAG(s) dict_keys(['realtime_pipeline']) retrieved from /opt/airflow/dags/realtime_pipeline.py
[2025-04-02T09:17:19.772+0000] {logging_mixin.py:151} INFO - [2025-04-02T09:17:19.772+0000] {dag.py:2907} INFO - Sync 1 DAGs
[2025-04-02T09:17:19.803+0000] {processor.py:179} INFO - Processing /opt/airflow/dags/realtime_pipeline.py took 0.077 seconds
[2025-04-02T09:17:49.931+0000] {processor.py:157} INFO - Started process (PID=435) to work on /opt/airflow/dags/realtime_pipeline.py
[2025-04-02T09:17:49.932+0000] {processor.py:829} INFO - Processing file /opt/airflow/dags/realtime_pipeline.py for tasks to queue
[2025-04-02T09:17:49.933+0000] {logging_mixin.py:151} INFO - [2025-04-02T09:17:49.932+0000] {dagbag.py:539} INFO - Filling up the DagBag from /opt/airflow/dags/realtime_pipeline.py
[2025-04-02T09:17:49.947+0000] {processor.py:839} INFO - DAG(s) dict_keys(['realtime_pipeline']) retrieved from /opt/airflow/dags/realtime_pipeline.py
[2025-04-02T09:17:49.968+0000] {logging_mixin.py:151} INFO - [2025-04-02T09:17:49.968+0000] {dag.py:2907} INFO - Sync 1 DAGs
[2025-04-02T09:17:50.000+0000] {processor.py:179} INFO - Processing /opt/airflow/dags/realtime_pipeline.py took 0.071 seconds
[2025-04-02T09:18:20.178+0000] {processor.py:157} INFO - Started process (PID=440) to work on /opt/airflow/dags/realtime_pipeline.py
[2025-04-02T09:18:20.179+0000] {processor.py:829} INFO - Processing file /opt/airflow/dags/realtime_pipeline.py for tasks to queue
[2025-04-02T09:18:20.180+0000] {logging_mixin.py:151} INFO - [2025-04-02T09:18:20.179+0000] {dagbag.py:539} INFO - Filling up the DagBag from /opt/airflow/dags/realtime_pipeline.py
[2025-04-02T09:18:20.195+0000] {processor.py:839} INFO - DAG(s) dict_keys(['realtime_pipeline']) retrieved from /opt/airflow/dags/realtime_pipeline.py
[2025-04-02T09:18:20.215+0000] {logging_mixin.py:151} INFO - [2025-04-02T09:18:20.215+0000] {dag.py:2907} INFO - Sync 1 DAGs
[2025-04-02T09:18:20.247+0000] {processor.py:179} INFO - Processing /opt/airflow/dags/realtime_pipeline.py took 0.071 seconds
[2025-04-02T09:18:50.410+0000] {processor.py:157} INFO - Started process (PID=541) to work on /opt/airflow/dags/realtime_pipeline.py
[2025-04-02T09:18:50.411+0000] {processor.py:829} INFO - Processing file /opt/airflow/dags/realtime_pipeline.py for tasks to queue
[2025-04-02T09:18:50.411+0000] {logging_mixin.py:151} INFO - [2025-04-02T09:18:50.411+0000] {dagbag.py:539} INFO - Filling up the DagBag from /opt/airflow/dags/realtime_pipeline.py
[2025-04-02T09:18:50.427+0000] {processor.py:839} INFO - DAG(s) dict_keys(['realtime_pipeline']) retrieved from /opt/airflow/dags/realtime_pipeline.py
[2025-04-02T09:18:50.447+0000] {logging_mixin.py:151} INFO - [2025-04-02T09:18:50.447+0000] {dag.py:2907} INFO - Sync 1 DAGs
[2025-04-02T09:18:50.480+0000] {processor.py:179} INFO - Processing /opt/airflow/dags/realtime_pipeline.py took 0.072 seconds
[2025-04-02T09:19:20.668+0000] {processor.py:157} INFO - Started process (PID=546) to work on /opt/airflow/dags/realtime_pipeline.py
[2025-04-02T09:19:20.669+0000] {processor.py:829} INFO - Processing file /opt/airflow/dags/realtime_pipeline.py for tasks to queue
[2025-04-02T09:19:20.669+0000] {logging_mixin.py:151} INFO - [2025-04-02T09:19:20.669+0000] {dagbag.py:539} INFO - Filling up the DagBag from /opt/airflow/dags/realtime_pipeline.py
[2025-04-02T09:19:20.685+0000] {processor.py:839} INFO - DAG(s) dict_keys(['realtime_pipeline']) retrieved from /opt/airflow/dags/realtime_pipeline.py
[2025-04-02T09:19:20.706+0000] {logging_mixin.py:151} INFO - [2025-04-02T09:19:20.706+0000] {dag.py:2907} INFO - Sync 1 DAGs
[2025-04-02T09:19:20.738+0000] {processor.py:179} INFO - Processing /opt/airflow/dags/realtime_pipeline.py took 0.072 seconds
[2025-04-02T09:19:50.921+0000] {processor.py:157} INFO - Started process (PID=551) to work on /opt/airflow/dags/realtime_pipeline.py
[2025-04-02T09:19:50.921+0000] {processor.py:829} INFO - Processing file /opt/airflow/dags/realtime_pipeline.py for tasks to queue
[2025-04-02T09:19:50.922+0000] {logging_mixin.py:151} INFO - [2025-04-02T09:19:50.922+0000] {dagbag.py:539} INFO - Filling up the DagBag from /opt/airflow/dags/realtime_pipeline.py
[2025-04-02T09:19:50.938+0000] {processor.py:839} INFO - DAG(s) dict_keys(['realtime_pipeline']) retrieved from /opt/airflow/dags/realtime_pipeline.py
[2025-04-02T09:19:50.959+0000] {logging_mixin.py:151} INFO - [2025-04-02T09:19:50.958+0000] {dag.py:2907} INFO - Sync 1 DAGs
[2025-04-02T09:19:50.993+0000] {processor.py:179} INFO - Processing /opt/airflow/dags/realtime_pipeline.py took 0.075 seconds
[2025-04-02T09:20:21.235+0000] {processor.py:157} INFO - Started process (PID=556) to work on /opt/airflow/dags/realtime_pipeline.py
[2025-04-02T09:20:21.235+0000] {processor.py:829} INFO - Processing file /opt/airflow/dags/realtime_pipeline.py for tasks to queue
[2025-04-02T09:20:21.236+0000] {logging_mixin.py:151} INFO - [2025-04-02T09:20:21.236+0000] {dagbag.py:539} INFO - Filling up the DagBag from /opt/airflow/dags/realtime_pipeline.py
[2025-04-02T09:20:21.253+0000] {processor.py:839} INFO - DAG(s) dict_keys(['realtime_pipeline']) retrieved from /opt/airflow/dags/realtime_pipeline.py
[2025-04-02T09:20:21.274+0000] {logging_mixin.py:151} INFO - [2025-04-02T09:20:21.274+0000] {dag.py:2907} INFO - Sync 1 DAGs
[2025-04-02T09:20:21.306+0000] {processor.py:179} INFO - Processing /opt/airflow/dags/realtime_pipeline.py took 0.074 seconds
[2025-04-02T09:20:51.494+0000] {processor.py:157} INFO - Started process (PID=561) to work on /opt/airflow/dags/realtime_pipeline.py
[2025-04-02T09:20:51.495+0000] {processor.py:829} INFO - Processing file /opt/airflow/dags/realtime_pipeline.py for tasks to queue
[2025-04-02T09:20:51.496+0000] {logging_mixin.py:151} INFO - [2025-04-02T09:20:51.496+0000] {dagbag.py:539} INFO - Filling up the DagBag from /opt/airflow/dags/realtime_pipeline.py
[2025-04-02T09:20:51.512+0000] {processor.py:839} INFO - DAG(s) dict_keys(['realtime_pipeline']) retrieved from /opt/airflow/dags/realtime_pipeline.py
[2025-04-02T09:20:51.532+0000] {logging_mixin.py:151} INFO - [2025-04-02T09:20:51.532+0000] {dag.py:2907} INFO - Sync 1 DAGs
[2025-04-02T09:20:51.565+0000] {processor.py:179} INFO - Processing /opt/airflow/dags/realtime_pipeline.py took 0.074 seconds
[2025-04-02T09:21:21.730+0000] {processor.py:157} INFO - Started process (PID=566) to work on /opt/airflow/dags/realtime_pipeline.py
[2025-04-02T09:21:21.731+0000] {processor.py:829} INFO - Processing file /opt/airflow/dags/realtime_pipeline.py for tasks to queue
[2025-04-02T09:21:21.731+0000] {logging_mixin.py:151} INFO - [2025-04-02T09:21:21.731+0000] {dagbag.py:539} INFO - Filling up the DagBag from /opt/airflow/dags/realtime_pipeline.py
[2025-04-02T09:21:21.747+0000] {processor.py:839} INFO - DAG(s) dict_keys(['realtime_pipeline']) retrieved from /opt/airflow/dags/realtime_pipeline.py
[2025-04-02T09:21:21.768+0000] {logging_mixin.py:151} INFO - [2025-04-02T09:21:21.768+0000] {dag.py:2907} INFO - Sync 1 DAGs
[2025-04-02T09:21:21.800+0000] {processor.py:179} INFO - Processing /opt/airflow/dags/realtime_pipeline.py took 0.073 seconds
[2025-04-02T09:21:52.003+0000] {processor.py:157} INFO - Started process (PID=571) to work on /opt/airflow/dags/realtime_pipeline.py
[2025-04-02T09:21:52.004+0000] {processor.py:829} INFO - Processing file /opt/airflow/dags/realtime_pipeline.py for tasks to queue
[2025-04-02T09:21:52.005+0000] {logging_mixin.py:151} INFO - [2025-04-02T09:21:52.005+0000] {dagbag.py:539} INFO - Filling up the DagBag from /opt/airflow/dags/realtime_pipeline.py
[2025-04-02T09:21:52.020+0000] {processor.py:839} INFO - DAG(s) dict_keys(['realtime_pipeline']) retrieved from /opt/airflow/dags/realtime_pipeline.py
[2025-04-02T09:21:52.041+0000] {logging_mixin.py:151} INFO - [2025-04-02T09:21:52.041+0000] {dag.py:2907} INFO - Sync 1 DAGs
[2025-04-02T09:21:52.073+0000] {processor.py:179} INFO - Processing /opt/airflow/dags/realtime_pipeline.py took 0.072 seconds
[2025-04-02T09:22:30.332+0000] {processor.py:157} INFO - Started process (PID=174) to work on /opt/airflow/dags/realtime_pipeline.py
[2025-04-02T09:22:30.333+0000] {processor.py:829} INFO - Processing file /opt/airflow/dags/realtime_pipeline.py for tasks to queue
[2025-04-02T09:22:30.334+0000] {logging_mixin.py:151} INFO - [2025-04-02T09:22:30.334+0000] {dagbag.py:539} INFO - Filling up the DagBag from /opt/airflow/dags/realtime_pipeline.py
[2025-04-02T09:22:30.356+0000] {processor.py:839} INFO - DAG(s) dict_keys(['realtime_pipeline']) retrieved from /opt/airflow/dags/realtime_pipeline.py
[2025-04-02T09:22:30.396+0000] {logging_mixin.py:151} INFO - [2025-04-02T09:22:30.396+0000] {dag.py:2907} INFO - Sync 1 DAGs
[2025-04-02T09:22:30.444+0000] {processor.py:179} INFO - Processing /opt/airflow/dags/realtime_pipeline.py took 0.115 seconds
[2025-04-02T09:23:00.560+0000] {processor.py:157} INFO - Started process (PID=180) to work on /opt/airflow/dags/realtime_pipeline.py
[2025-04-02T09:23:00.561+0000] {processor.py:829} INFO - Processing file /opt/airflow/dags/realtime_pipeline.py for tasks to queue
[2025-04-02T09:23:00.562+0000] {logging_mixin.py:151} INFO - [2025-04-02T09:23:00.562+0000] {dagbag.py:539} INFO - Filling up the DagBag from /opt/airflow/dags/realtime_pipeline.py
[2025-04-02T09:23:00.581+0000] {processor.py:839} INFO - DAG(s) dict_keys(['realtime_pipeline']) retrieved from /opt/airflow/dags/realtime_pipeline.py
[2025-04-02T09:23:00.606+0000] {logging_mixin.py:151} INFO - [2025-04-02T09:23:00.606+0000] {dag.py:2907} INFO - Sync 1 DAGs
[2025-04-02T09:23:00.651+0000] {processor.py:179} INFO - Processing /opt/airflow/dags/realtime_pipeline.py took 0.094 seconds
[2025-04-02T09:23:30.736+0000] {processor.py:157} INFO - Started process (PID=218) to work on /opt/airflow/dags/realtime_pipeline.py
[2025-04-02T09:23:30.737+0000] {processor.py:829} INFO - Processing file /opt/airflow/dags/realtime_pipeline.py for tasks to queue
[2025-04-02T09:23:30.738+0000] {logging_mixin.py:151} INFO - [2025-04-02T09:23:30.738+0000] {dagbag.py:539} INFO - Filling up the DagBag from /opt/airflow/dags/realtime_pipeline.py
[2025-04-02T09:23:30.756+0000] {processor.py:839} INFO - DAG(s) dict_keys(['realtime_pipeline']) retrieved from /opt/airflow/dags/realtime_pipeline.py
[2025-04-02T09:23:30.777+0000] {logging_mixin.py:151} INFO - [2025-04-02T09:23:30.777+0000] {dag.py:2907} INFO - Sync 1 DAGs
[2025-04-02T09:23:30.796+0000] {logging_mixin.py:151} INFO - [2025-04-02T09:23:30.796+0000] {dag.py:3677} INFO - Setting next_dagrun for realtime_pipeline to 2024-03-31T23:30:00+00:00, run_after=2024-04-01T00:00:00+00:00
[2025-04-02T09:23:30.812+0000] {processor.py:179} INFO - Processing /opt/airflow/dags/realtime_pipeline.py took 0.078 seconds
[2025-04-02T09:24:00.989+0000] {processor.py:157} INFO - Started process (PID=286) to work on /opt/airflow/dags/realtime_pipeline.py
[2025-04-02T09:24:00.989+0000] {processor.py:829} INFO - Processing file /opt/airflow/dags/realtime_pipeline.py for tasks to queue
[2025-04-02T09:24:00.990+0000] {logging_mixin.py:151} INFO - [2025-04-02T09:24:00.990+0000] {dagbag.py:539} INFO - Filling up the DagBag from /opt/airflow/dags/realtime_pipeline.py
[2025-04-02T09:24:01.006+0000] {processor.py:839} INFO - DAG(s) dict_keys(['realtime_pipeline']) retrieved from /opt/airflow/dags/realtime_pipeline.py
[2025-04-02T09:24:01.027+0000] {logging_mixin.py:151} INFO - [2025-04-02T09:24:01.027+0000] {dag.py:2907} INFO - Sync 1 DAGs
[2025-04-02T09:24:01.046+0000] {logging_mixin.py:151} INFO - [2025-04-02T09:24:01.046+0000] {dag.py:3677} INFO - Setting next_dagrun for realtime_pipeline to 2024-04-01T07:00:00+00:00, run_after=2024-04-01T07:30:00+00:00
[2025-04-02T09:24:01.062+0000] {processor.py:179} INFO - Processing /opt/airflow/dags/realtime_pipeline.py took 0.076 seconds
[2025-04-02T09:24:31.259+0000] {processor.py:157} INFO - Started process (PID=295) to work on /opt/airflow/dags/realtime_pipeline.py
[2025-04-02T09:24:31.259+0000] {processor.py:829} INFO - Processing file /opt/airflow/dags/realtime_pipeline.py for tasks to queue
[2025-04-02T09:24:31.260+0000] {logging_mixin.py:151} INFO - [2025-04-02T09:24:31.260+0000] {dagbag.py:539} INFO - Filling up the DagBag from /opt/airflow/dags/realtime_pipeline.py
[2025-04-02T09:24:31.276+0000] {processor.py:839} INFO - DAG(s) dict_keys(['realtime_pipeline']) retrieved from /opt/airflow/dags/realtime_pipeline.py
[2025-04-02T09:24:31.297+0000] {logging_mixin.py:151} INFO - [2025-04-02T09:24:31.297+0000] {dag.py:2907} INFO - Sync 1 DAGs
[2025-04-02T09:24:31.331+0000] {processor.py:179} INFO - Processing /opt/airflow/dags/realtime_pipeline.py took 0.075 seconds
[2025-04-02T09:25:01.441+0000] {processor.py:157} INFO - Started process (PID=300) to work on /opt/airflow/dags/realtime_pipeline.py
[2025-04-02T09:25:01.441+0000] {processor.py:829} INFO - Processing file /opt/airflow/dags/realtime_pipeline.py for tasks to queue
[2025-04-02T09:25:01.442+0000] {logging_mixin.py:151} INFO - [2025-04-02T09:25:01.442+0000] {dagbag.py:539} INFO - Filling up the DagBag from /opt/airflow/dags/realtime_pipeline.py
[2025-04-02T09:25:01.458+0000] {processor.py:839} INFO - DAG(s) dict_keys(['realtime_pipeline']) retrieved from /opt/airflow/dags/realtime_pipeline.py
[2025-04-02T09:25:01.478+0000] {logging_mixin.py:151} INFO - [2025-04-02T09:25:01.478+0000] {dag.py:2907} INFO - Sync 1 DAGs
[2025-04-02T09:25:01.510+0000] {processor.py:179} INFO - Processing /opt/airflow/dags/realtime_pipeline.py took 0.072 seconds
[2025-04-02T09:25:31.702+0000] {processor.py:157} INFO - Started process (PID=305) to work on /opt/airflow/dags/realtime_pipeline.py
[2025-04-02T09:25:31.702+0000] {processor.py:829} INFO - Processing file /opt/airflow/dags/realtime_pipeline.py for tasks to queue
[2025-04-02T09:25:31.703+0000] {logging_mixin.py:151} INFO - [2025-04-02T09:25:31.703+0000] {dagbag.py:539} INFO - Filling up the DagBag from /opt/airflow/dags/realtime_pipeline.py
[2025-04-02T09:25:31.719+0000] {processor.py:839} INFO - DAG(s) dict_keys(['realtime_pipeline']) retrieved from /opt/airflow/dags/realtime_pipeline.py
[2025-04-02T09:25:31.740+0000] {logging_mixin.py:151} INFO - [2025-04-02T09:25:31.740+0000] {dag.py:2907} INFO - Sync 1 DAGs
[2025-04-02T09:25:31.774+0000] {processor.py:179} INFO - Processing /opt/airflow/dags/realtime_pipeline.py took 0.075 seconds
[2025-04-02T09:26:01.948+0000] {processor.py:157} INFO - Started process (PID=310) to work on /opt/airflow/dags/realtime_pipeline.py
[2025-04-02T09:26:01.949+0000] {processor.py:829} INFO - Processing file /opt/airflow/dags/realtime_pipeline.py for tasks to queue
[2025-04-02T09:26:01.949+0000] {logging_mixin.py:151} INFO - [2025-04-02T09:26:01.949+0000] {dagbag.py:539} INFO - Filling up the DagBag from /opt/airflow/dags/realtime_pipeline.py
[2025-04-02T09:26:01.964+0000] {processor.py:839} INFO - DAG(s) dict_keys(['realtime_pipeline']) retrieved from /opt/airflow/dags/realtime_pipeline.py
[2025-04-02T09:26:01.984+0000] {logging_mixin.py:151} INFO - [2025-04-02T09:26:01.984+0000] {dag.py:2907} INFO - Sync 1 DAGs
[2025-04-02T09:26:02.017+0000] {processor.py:179} INFO - Processing /opt/airflow/dags/realtime_pipeline.py took 0.071 seconds
[2025-04-02T09:26:32.188+0000] {processor.py:157} INFO - Started process (PID=315) to work on /opt/airflow/dags/realtime_pipeline.py
[2025-04-02T09:26:32.188+0000] {processor.py:829} INFO - Processing file /opt/airflow/dags/realtime_pipeline.py for tasks to queue
[2025-04-02T09:26:32.189+0000] {logging_mixin.py:151} INFO - [2025-04-02T09:26:32.189+0000] {dagbag.py:539} INFO - Filling up the DagBag from /opt/airflow/dags/realtime_pipeline.py
[2025-04-02T09:26:32.204+0000] {processor.py:839} INFO - DAG(s) dict_keys(['realtime_pipeline']) retrieved from /opt/airflow/dags/realtime_pipeline.py
[2025-04-02T09:26:32.224+0000] {logging_mixin.py:151} INFO - [2025-04-02T09:26:32.223+0000] {dag.py:2907} INFO - Sync 1 DAGs
[2025-04-02T09:26:32.254+0000] {processor.py:179} INFO - Processing /opt/airflow/dags/realtime_pipeline.py took 0.069 seconds
[2025-04-02T09:27:02.387+0000] {processor.py:157} INFO - Started process (PID=320) to work on /opt/airflow/dags/realtime_pipeline.py
[2025-04-02T09:27:02.387+0000] {processor.py:829} INFO - Processing file /opt/airflow/dags/realtime_pipeline.py for tasks to queue
[2025-04-02T09:27:02.388+0000] {logging_mixin.py:151} INFO - [2025-04-02T09:27:02.388+0000] {dagbag.py:539} INFO - Filling up the DagBag from /opt/airflow/dags/realtime_pipeline.py
[2025-04-02T09:27:02.404+0000] {processor.py:839} INFO - DAG(s) dict_keys(['realtime_pipeline']) retrieved from /opt/airflow/dags/realtime_pipeline.py
[2025-04-02T09:27:02.424+0000] {logging_mixin.py:151} INFO - [2025-04-02T09:27:02.424+0000] {dag.py:2907} INFO - Sync 1 DAGs
[2025-04-02T09:27:02.458+0000] {processor.py:179} INFO - Processing /opt/airflow/dags/realtime_pipeline.py took 0.073 seconds
[2025-04-02T09:27:32.610+0000] {processor.py:157} INFO - Started process (PID=325) to work on /opt/airflow/dags/realtime_pipeline.py
[2025-04-02T09:27:32.611+0000] {processor.py:829} INFO - Processing file /opt/airflow/dags/realtime_pipeline.py for tasks to queue
[2025-04-02T09:27:32.612+0000] {logging_mixin.py:151} INFO - [2025-04-02T09:27:32.611+0000] {dagbag.py:539} INFO - Filling up the DagBag from /opt/airflow/dags/realtime_pipeline.py
[2025-04-02T09:27:32.630+0000] {processor.py:839} INFO - DAG(s) dict_keys(['realtime_pipeline']) retrieved from /opt/airflow/dags/realtime_pipeline.py
[2025-04-02T09:27:32.651+0000] {logging_mixin.py:151} INFO - [2025-04-02T09:27:32.651+0000] {dag.py:2907} INFO - Sync 1 DAGs
[2025-04-02T09:27:32.783+0000] {processor.py:179} INFO - Processing /opt/airflow/dags/realtime_pipeline.py took 0.176 seconds
[2025-04-02T09:28:02.821+0000] {processor.py:157} INFO - Started process (PID=330) to work on /opt/airflow/dags/realtime_pipeline.py
[2025-04-02T09:28:02.822+0000] {processor.py:829} INFO - Processing file /opt/airflow/dags/realtime_pipeline.py for tasks to queue
[2025-04-02T09:28:02.823+0000] {logging_mixin.py:151} INFO - [2025-04-02T09:28:02.823+0000] {dagbag.py:539} INFO - Filling up the DagBag from /opt/airflow/dags/realtime_pipeline.py
[2025-04-02T09:28:02.841+0000] {processor.py:839} INFO - DAG(s) dict_keys(['realtime_pipeline']) retrieved from /opt/airflow/dags/realtime_pipeline.py
[2025-04-02T09:28:02.863+0000] {logging_mixin.py:151} INFO - [2025-04-02T09:28:02.863+0000] {dag.py:2907} INFO - Sync 1 DAGs
[2025-04-02T09:28:02.982+0000] {processor.py:179} INFO - Processing /opt/airflow/dags/realtime_pipeline.py took 0.164 seconds
[2025-04-02T09:28:33.147+0000] {processor.py:157} INFO - Started process (PID=335) to work on /opt/airflow/dags/realtime_pipeline.py
[2025-04-02T09:28:33.148+0000] {processor.py:829} INFO - Processing file /opt/airflow/dags/realtime_pipeline.py for tasks to queue
[2025-04-02T09:28:33.149+0000] {logging_mixin.py:151} INFO - [2025-04-02T09:28:33.148+0000] {dagbag.py:539} INFO - Filling up the DagBag from /opt/airflow/dags/realtime_pipeline.py
[2025-04-02T09:28:33.164+0000] {processor.py:839} INFO - DAG(s) dict_keys(['realtime_pipeline']) retrieved from /opt/airflow/dags/realtime_pipeline.py
[2025-04-02T09:28:33.185+0000] {logging_mixin.py:151} INFO - [2025-04-02T09:28:33.185+0000] {dag.py:2907} INFO - Sync 1 DAGs
[2025-04-02T09:28:33.312+0000] {processor.py:179} INFO - Processing /opt/airflow/dags/realtime_pipeline.py took 0.167 seconds
[2025-04-02T09:29:03.385+0000] {processor.py:157} INFO - Started process (PID=430) to work on /opt/airflow/dags/realtime_pipeline.py
[2025-04-02T09:29:03.386+0000] {processor.py:829} INFO - Processing file /opt/airflow/dags/realtime_pipeline.py for tasks to queue
[2025-04-02T09:29:03.387+0000] {logging_mixin.py:151} INFO - [2025-04-02T09:29:03.387+0000] {dagbag.py:539} INFO - Filling up the DagBag from /opt/airflow/dags/realtime_pipeline.py
[2025-04-02T09:29:03.402+0000] {processor.py:839} INFO - DAG(s) dict_keys(['realtime_pipeline']) retrieved from /opt/airflow/dags/realtime_pipeline.py
[2025-04-02T09:29:03.503+0000] {logging_mixin.py:151} INFO - [2025-04-02T09:29:03.503+0000] {dag.py:2907} INFO - Sync 1 DAGs
[2025-04-02T09:29:03.532+0000] {processor.py:179} INFO - Processing /opt/airflow/dags/realtime_pipeline.py took 0.150 seconds
[2025-04-02T09:29:33.707+0000] {processor.py:157} INFO - Started process (PID=441) to work on /opt/airflow/dags/realtime_pipeline.py
[2025-04-02T09:29:33.707+0000] {processor.py:829} INFO - Processing file /opt/airflow/dags/realtime_pipeline.py for tasks to queue
[2025-04-02T09:29:33.708+0000] {logging_mixin.py:151} INFO - [2025-04-02T09:29:33.708+0000] {dagbag.py:539} INFO - Filling up the DagBag from /opt/airflow/dags/realtime_pipeline.py
[2025-04-02T09:29:33.723+0000] {processor.py:839} INFO - DAG(s) dict_keys(['realtime_pipeline']) retrieved from /opt/airflow/dags/realtime_pipeline.py
[2025-04-02T09:29:33.745+0000] {logging_mixin.py:151} INFO - [2025-04-02T09:29:33.745+0000] {dag.py:2907} INFO - Sync 1 DAGs
[2025-04-02T09:29:33.777+0000] {processor.py:179} INFO - Processing /opt/airflow/dags/realtime_pipeline.py took 0.073 seconds
[2025-04-02T09:30:03.931+0000] {processor.py:157} INFO - Started process (PID=446) to work on /opt/airflow/dags/realtime_pipeline.py
[2025-04-02T09:30:03.932+0000] {processor.py:829} INFO - Processing file /opt/airflow/dags/realtime_pipeline.py for tasks to queue
[2025-04-02T09:30:03.933+0000] {logging_mixin.py:151} INFO - [2025-04-02T09:30:03.933+0000] {dagbag.py:539} INFO - Filling up the DagBag from /opt/airflow/dags/realtime_pipeline.py
[2025-04-02T09:30:03.951+0000] {processor.py:839} INFO - DAG(s) dict_keys(['realtime_pipeline']) retrieved from /opt/airflow/dags/realtime_pipeline.py
[2025-04-02T09:30:03.973+0000] {logging_mixin.py:151} INFO - [2025-04-02T09:30:03.973+0000] {dag.py:2907} INFO - Sync 1 DAGs
[2025-04-02T09:30:04.012+0000] {processor.py:179} INFO - Processing /opt/airflow/dags/realtime_pipeline.py took 0.083 seconds
[2025-04-02T09:30:34.111+0000] {processor.py:157} INFO - Started process (PID=451) to work on /opt/airflow/dags/realtime_pipeline.py
[2025-04-02T09:30:34.112+0000] {processor.py:829} INFO - Processing file /opt/airflow/dags/realtime_pipeline.py for tasks to queue
[2025-04-02T09:30:34.112+0000] {logging_mixin.py:151} INFO - [2025-04-02T09:30:34.112+0000] {dagbag.py:539} INFO - Filling up the DagBag from /opt/airflow/dags/realtime_pipeline.py
[2025-04-02T09:30:34.131+0000] {processor.py:839} INFO - DAG(s) dict_keys(['realtime_pipeline']) retrieved from /opt/airflow/dags/realtime_pipeline.py
[2025-04-02T09:30:34.154+0000] {logging_mixin.py:151} INFO - [2025-04-02T09:30:34.154+0000] {dag.py:2907} INFO - Sync 1 DAGs
[2025-04-02T09:30:34.189+0000] {processor.py:179} INFO - Processing /opt/airflow/dags/realtime_pipeline.py took 0.081 seconds
[2025-04-02T09:31:04.332+0000] {processor.py:157} INFO - Started process (PID=456) to work on /opt/airflow/dags/realtime_pipeline.py
[2025-04-02T09:31:04.332+0000] {processor.py:829} INFO - Processing file /opt/airflow/dags/realtime_pipeline.py for tasks to queue
[2025-04-02T09:31:04.333+0000] {logging_mixin.py:151} INFO - [2025-04-02T09:31:04.333+0000] {dagbag.py:539} INFO - Filling up the DagBag from /opt/airflow/dags/realtime_pipeline.py
[2025-04-02T09:31:04.349+0000] {processor.py:839} INFO - DAG(s) dict_keys(['realtime_pipeline']) retrieved from /opt/airflow/dags/realtime_pipeline.py
[2025-04-02T09:31:04.372+0000] {logging_mixin.py:151} INFO - [2025-04-02T09:31:04.372+0000] {dag.py:2907} INFO - Sync 1 DAGs
[2025-04-02T09:31:04.407+0000] {processor.py:179} INFO - Processing /opt/airflow/dags/realtime_pipeline.py took 0.078 seconds
[2025-04-02T09:31:34.567+0000] {processor.py:157} INFO - Started process (PID=461) to work on /opt/airflow/dags/realtime_pipeline.py
[2025-04-02T09:31:34.568+0000] {processor.py:829} INFO - Processing file /opt/airflow/dags/realtime_pipeline.py for tasks to queue
[2025-04-02T09:31:34.568+0000] {logging_mixin.py:151} INFO - [2025-04-02T09:31:34.568+0000] {dagbag.py:539} INFO - Filling up the DagBag from /opt/airflow/dags/realtime_pipeline.py
[2025-04-02T09:31:34.583+0000] {processor.py:839} INFO - DAG(s) dict_keys(['realtime_pipeline']) retrieved from /opt/airflow/dags/realtime_pipeline.py
[2025-04-02T09:31:34.604+0000] {logging_mixin.py:151} INFO - [2025-04-02T09:31:34.604+0000] {dag.py:2907} INFO - Sync 1 DAGs
[2025-04-02T09:31:34.634+0000] {processor.py:179} INFO - Processing /opt/airflow/dags/realtime_pipeline.py took 0.069 seconds
[2025-04-02T09:32:04.807+0000] {processor.py:157} INFO - Started process (PID=466) to work on /opt/airflow/dags/realtime_pipeline.py
[2025-04-02T09:32:04.807+0000] {processor.py:829} INFO - Processing file /opt/airflow/dags/realtime_pipeline.py for tasks to queue
[2025-04-02T09:32:04.808+0000] {logging_mixin.py:151} INFO - [2025-04-02T09:32:04.808+0000] {dagbag.py:539} INFO - Filling up the DagBag from /opt/airflow/dags/realtime_pipeline.py
[2025-04-02T09:32:04.824+0000] {processor.py:839} INFO - DAG(s) dict_keys(['realtime_pipeline']) retrieved from /opt/airflow/dags/realtime_pipeline.py
[2025-04-02T09:32:04.844+0000] {logging_mixin.py:151} INFO - [2025-04-02T09:32:04.844+0000] {dag.py:2907} INFO - Sync 1 DAGs
[2025-04-02T09:32:04.876+0000] {processor.py:179} INFO - Processing /opt/airflow/dags/realtime_pipeline.py took 0.072 seconds
[2025-04-02T09:32:35.043+0000] {processor.py:157} INFO - Started process (PID=471) to work on /opt/airflow/dags/realtime_pipeline.py
[2025-04-02T09:32:35.043+0000] {processor.py:829} INFO - Processing file /opt/airflow/dags/realtime_pipeline.py for tasks to queue
[2025-04-02T09:32:35.044+0000] {logging_mixin.py:151} INFO - [2025-04-02T09:32:35.044+0000] {dagbag.py:539} INFO - Filling up the DagBag from /opt/airflow/dags/realtime_pipeline.py
[2025-04-02T09:32:35.060+0000] {processor.py:839} INFO - DAG(s) dict_keys(['realtime_pipeline']) retrieved from /opt/airflow/dags/realtime_pipeline.py
[2025-04-02T09:32:35.206+0000] {logging_mixin.py:151} INFO - [2025-04-02T09:32:35.205+0000] {dag.py:2907} INFO - Sync 1 DAGs
[2025-04-02T09:32:35.214+0000] {logging_mixin.py:151} INFO - [2025-04-02T09:32:35.214+0000] {dag.py:2929} INFO - Creating ORM DAG for realtime_pipeline
[2025-04-02T09:32:35.223+0000] {logging_mixin.py:151} INFO - [2025-04-02T09:32:35.223+0000] {dag.py:3677} INFO - Setting next_dagrun for realtime_pipeline to 2024-03-31T00:00:00+00:00, run_after=2024-03-31T00:30:00+00:00
[2025-04-02T09:32:35.237+0000] {processor.py:179} INFO - Processing /opt/airflow/dags/realtime_pipeline.py took 0.197 seconds
