[2025-04-01T11:06:55.887+0000] {processor.py:157} INFO - Started process (PID=175) to work on /opt/airflow/dags/realtime_pipeline.py
[2025-04-01T11:06:55.888+0000] {processor.py:829} INFO - Processing file /opt/airflow/dags/realtime_pipeline.py for tasks to queue
[2025-04-01T11:06:55.889+0000] {logging_mixin.py:151} INFO - [2025-04-01T11:06:55.888+0000] {dagbag.py:539} INFO - Filling up the DagBag from /opt/airflow/dags/realtime_pipeline.py
[2025-04-01T11:06:55.920+0000] {processor.py:839} INFO - DAG(s) dict_keys(['realtime_pipeline']) retrieved from /opt/airflow/dags/realtime_pipeline.py
[2025-04-01T11:06:56.090+0000] {logging_mixin.py:151} INFO - [2025-04-01T11:06:56.090+0000] {manager.py:501} INFO - Created Permission View: can read on DAG:realtime_pipeline
[2025-04-01T11:06:56.098+0000] {logging_mixin.py:151} INFO - [2025-04-01T11:06:56.097+0000] {manager.py:501} INFO - Created Permission View: can delete on DAG:realtime_pipeline
[2025-04-01T11:06:56.103+0000] {logging_mixin.py:151} INFO - [2025-04-01T11:06:56.103+0000] {manager.py:501} INFO - Created Permission View: can edit on DAG:realtime_pipeline
[2025-04-01T11:06:56.114+0000] {logging_mixin.py:151} INFO - [2025-04-01T11:06:56.114+0000] {dag.py:2907} INFO - Sync 1 DAGs
[2025-04-01T11:06:56.124+0000] {logging_mixin.py:151} INFO - [2025-04-01T11:06:56.124+0000] {dag.py:2929} INFO - Creating ORM DAG for realtime_pipeline
[2025-04-01T11:06:56.132+0000] {logging_mixin.py:151} INFO - [2025-04-01T11:06:56.132+0000] {dag.py:3677} INFO - Setting next_dagrun for realtime_pipeline to 2024-03-31T00:00:00+00:00, run_after=2024-03-31T00:30:00+00:00
[2025-04-01T11:06:56.148+0000] {processor.py:179} INFO - Processing /opt/airflow/dags/realtime_pipeline.py took 0.265 seconds
[2025-04-01T11:07:26.303+0000] {processor.py:157} INFO - Started process (PID=180) to work on /opt/airflow/dags/realtime_pipeline.py
[2025-04-01T11:07:26.305+0000] {processor.py:829} INFO - Processing file /opt/airflow/dags/realtime_pipeline.py for tasks to queue
[2025-04-01T11:07:26.305+0000] {logging_mixin.py:151} INFO - [2025-04-01T11:07:26.305+0000] {dagbag.py:539} INFO - Filling up the DagBag from /opt/airflow/dags/realtime_pipeline.py
[2025-04-01T11:07:26.325+0000] {processor.py:839} INFO - DAG(s) dict_keys(['realtime_pipeline']) retrieved from /opt/airflow/dags/realtime_pipeline.py
[2025-04-01T11:07:26.354+0000] {logging_mixin.py:151} INFO - [2025-04-01T11:07:26.354+0000] {dag.py:2907} INFO - Sync 1 DAGs
[2025-04-01T11:07:26.375+0000] {logging_mixin.py:151} INFO - [2025-04-01T11:07:26.375+0000] {dag.py:3677} INFO - Setting next_dagrun for realtime_pipeline to 2024-03-31T00:00:00+00:00, run_after=2024-03-31T00:30:00+00:00
[2025-04-01T11:07:26.391+0000] {processor.py:179} INFO - Processing /opt/airflow/dags/realtime_pipeline.py took 0.092 seconds
[2025-04-01T11:07:56.469+0000] {processor.py:157} INFO - Started process (PID=185) to work on /opt/airflow/dags/realtime_pipeline.py
[2025-04-01T11:07:56.470+0000] {processor.py:829} INFO - Processing file /opt/airflow/dags/realtime_pipeline.py for tasks to queue
[2025-04-01T11:07:56.471+0000] {logging_mixin.py:151} INFO - [2025-04-01T11:07:56.471+0000] {dagbag.py:539} INFO - Filling up the DagBag from /opt/airflow/dags/realtime_pipeline.py
[2025-04-01T11:07:56.491+0000] {processor.py:839} INFO - DAG(s) dict_keys(['realtime_pipeline']) retrieved from /opt/airflow/dags/realtime_pipeline.py
[2025-04-01T11:07:56.518+0000] {logging_mixin.py:151} INFO - [2025-04-01T11:07:56.517+0000] {dag.py:2907} INFO - Sync 1 DAGs
[2025-04-01T11:07:56.537+0000] {logging_mixin.py:151} INFO - [2025-04-01T11:07:56.537+0000] {dag.py:3677} INFO - Setting next_dagrun for realtime_pipeline to 2024-03-31T00:00:00+00:00, run_after=2024-03-31T00:30:00+00:00
[2025-04-01T11:07:56.552+0000] {processor.py:179} INFO - Processing /opt/airflow/dags/realtime_pipeline.py took 0.087 seconds
[2025-04-01T11:08:26.731+0000] {processor.py:157} INFO - Started process (PID=190) to work on /opt/airflow/dags/realtime_pipeline.py
[2025-04-01T11:08:26.732+0000] {processor.py:829} INFO - Processing file /opt/airflow/dags/realtime_pipeline.py for tasks to queue
[2025-04-01T11:08:26.733+0000] {logging_mixin.py:151} INFO - [2025-04-01T11:08:26.733+0000] {dagbag.py:539} INFO - Filling up the DagBag from /opt/airflow/dags/realtime_pipeline.py
[2025-04-01T11:08:26.751+0000] {processor.py:839} INFO - DAG(s) dict_keys(['realtime_pipeline']) retrieved from /opt/airflow/dags/realtime_pipeline.py
[2025-04-01T11:08:26.775+0000] {logging_mixin.py:151} INFO - [2025-04-01T11:08:26.775+0000] {dag.py:2907} INFO - Sync 1 DAGs
[2025-04-01T11:08:26.795+0000] {logging_mixin.py:151} INFO - [2025-04-01T11:08:26.795+0000] {dag.py:3677} INFO - Setting next_dagrun for realtime_pipeline to 2024-03-31T00:00:00+00:00, run_after=2024-03-31T00:30:00+00:00
[2025-04-01T11:08:26.810+0000] {processor.py:179} INFO - Processing /opt/airflow/dags/realtime_pipeline.py took 0.081 seconds
[2025-04-01T11:08:56.933+0000] {processor.py:157} INFO - Started process (PID=195) to work on /opt/airflow/dags/realtime_pipeline.py
[2025-04-01T11:08:56.933+0000] {processor.py:829} INFO - Processing file /opt/airflow/dags/realtime_pipeline.py for tasks to queue
[2025-04-01T11:08:56.934+0000] {logging_mixin.py:151} INFO - [2025-04-01T11:08:56.934+0000] {dagbag.py:539} INFO - Filling up the DagBag from /opt/airflow/dags/realtime_pipeline.py
[2025-04-01T11:08:56.954+0000] {processor.py:839} INFO - DAG(s) dict_keys(['realtime_pipeline']) retrieved from /opt/airflow/dags/realtime_pipeline.py
[2025-04-01T11:08:56.980+0000] {logging_mixin.py:151} INFO - [2025-04-01T11:08:56.980+0000] {dag.py:2907} INFO - Sync 1 DAGs
[2025-04-01T11:08:57.002+0000] {logging_mixin.py:151} INFO - [2025-04-01T11:08:57.001+0000] {dag.py:3677} INFO - Setting next_dagrun for realtime_pipeline to 2024-03-31T00:00:00+00:00, run_after=2024-03-31T00:30:00+00:00
[2025-04-01T11:08:57.020+0000] {processor.py:179} INFO - Processing /opt/airflow/dags/realtime_pipeline.py took 0.090 seconds
[2025-04-01T11:09:27.157+0000] {processor.py:157} INFO - Started process (PID=264) to work on /opt/airflow/dags/realtime_pipeline.py
[2025-04-01T11:09:27.158+0000] {processor.py:829} INFO - Processing file /opt/airflow/dags/realtime_pipeline.py for tasks to queue
[2025-04-01T11:09:27.159+0000] {logging_mixin.py:151} INFO - [2025-04-01T11:09:27.158+0000] {dagbag.py:539} INFO - Filling up the DagBag from /opt/airflow/dags/realtime_pipeline.py
[2025-04-01T11:09:27.174+0000] {processor.py:839} INFO - DAG(s) dict_keys(['realtime_pipeline']) retrieved from /opt/airflow/dags/realtime_pipeline.py
[2025-04-01T11:09:27.194+0000] {logging_mixin.py:151} INFO - [2025-04-01T11:09:27.194+0000] {dag.py:2907} INFO - Sync 1 DAGs
[2025-04-01T11:09:27.227+0000] {processor.py:179} INFO - Processing /opt/airflow/dags/realtime_pipeline.py took 0.073 seconds
[2025-04-01T11:09:57.414+0000] {processor.py:157} INFO - Started process (PID=269) to work on /opt/airflow/dags/realtime_pipeline.py
[2025-04-01T11:09:57.415+0000] {processor.py:829} INFO - Processing file /opt/airflow/dags/realtime_pipeline.py for tasks to queue
[2025-04-01T11:09:57.416+0000] {logging_mixin.py:151} INFO - [2025-04-01T11:09:57.416+0000] {dagbag.py:539} INFO - Filling up the DagBag from /opt/airflow/dags/realtime_pipeline.py
[2025-04-01T11:09:57.437+0000] {processor.py:839} INFO - DAG(s) dict_keys(['realtime_pipeline']) retrieved from /opt/airflow/dags/realtime_pipeline.py
[2025-04-01T11:09:57.467+0000] {logging_mixin.py:151} INFO - [2025-04-01T11:09:57.467+0000] {dag.py:2907} INFO - Sync 1 DAGs
[2025-04-01T11:09:57.508+0000] {processor.py:179} INFO - Processing /opt/airflow/dags/realtime_pipeline.py took 0.097 seconds
[2025-04-01T11:10:27.555+0000] {processor.py:157} INFO - Started process (PID=274) to work on /opt/airflow/dags/realtime_pipeline.py
[2025-04-01T11:10:27.556+0000] {processor.py:829} INFO - Processing file /opt/airflow/dags/realtime_pipeline.py for tasks to queue
[2025-04-01T11:10:27.557+0000] {logging_mixin.py:151} INFO - [2025-04-01T11:10:27.556+0000] {dagbag.py:539} INFO - Filling up the DagBag from /opt/airflow/dags/realtime_pipeline.py
[2025-04-01T11:10:27.575+0000] {processor.py:839} INFO - DAG(s) dict_keys(['realtime_pipeline']) retrieved from /opt/airflow/dags/realtime_pipeline.py
[2025-04-01T11:10:27.602+0000] {logging_mixin.py:151} INFO - [2025-04-01T11:10:27.602+0000] {dag.py:2907} INFO - Sync 1 DAGs
[2025-04-01T11:10:27.643+0000] {processor.py:179} INFO - Processing /opt/airflow/dags/realtime_pipeline.py took 0.091 seconds
[2025-04-01T11:10:57.766+0000] {processor.py:157} INFO - Started process (PID=279) to work on /opt/airflow/dags/realtime_pipeline.py
[2025-04-01T11:10:57.767+0000] {processor.py:829} INFO - Processing file /opt/airflow/dags/realtime_pipeline.py for tasks to queue
[2025-04-01T11:10:57.768+0000] {logging_mixin.py:151} INFO - [2025-04-01T11:10:57.767+0000] {dagbag.py:539} INFO - Filling up the DagBag from /opt/airflow/dags/realtime_pipeline.py
[2025-04-01T11:10:57.788+0000] {processor.py:839} INFO - DAG(s) dict_keys(['realtime_pipeline']) retrieved from /opt/airflow/dags/realtime_pipeline.py
[2025-04-01T11:10:57.814+0000] {logging_mixin.py:151} INFO - [2025-04-01T11:10:57.814+0000] {dag.py:2907} INFO - Sync 1 DAGs
[2025-04-01T11:10:57.850+0000] {processor.py:179} INFO - Processing /opt/airflow/dags/realtime_pipeline.py took 0.087 seconds
[2025-04-01T11:11:27.945+0000] {processor.py:157} INFO - Started process (PID=284) to work on /opt/airflow/dags/realtime_pipeline.py
[2025-04-01T11:11:27.946+0000] {processor.py:829} INFO - Processing file /opt/airflow/dags/realtime_pipeline.py for tasks to queue
[2025-04-01T11:11:27.947+0000] {logging_mixin.py:151} INFO - [2025-04-01T11:11:27.946+0000] {dagbag.py:539} INFO - Filling up the DagBag from /opt/airflow/dags/realtime_pipeline.py
[2025-04-01T11:11:27.963+0000] {processor.py:839} INFO - DAG(s) dict_keys(['realtime_pipeline']) retrieved from /opt/airflow/dags/realtime_pipeline.py
[2025-04-01T11:11:27.985+0000] {logging_mixin.py:151} INFO - [2025-04-01T11:11:27.985+0000] {dag.py:2907} INFO - Sync 1 DAGs
[2025-04-01T11:11:28.022+0000] {processor.py:179} INFO - Processing /opt/airflow/dags/realtime_pipeline.py took 0.079 seconds
[2025-04-01T11:11:58.235+0000] {processor.py:157} INFO - Started process (PID=289) to work on /opt/airflow/dags/realtime_pipeline.py
[2025-04-01T11:11:58.236+0000] {processor.py:829} INFO - Processing file /opt/airflow/dags/realtime_pipeline.py for tasks to queue
[2025-04-01T11:11:58.237+0000] {logging_mixin.py:151} INFO - [2025-04-01T11:11:58.237+0000] {dagbag.py:539} INFO - Filling up the DagBag from /opt/airflow/dags/realtime_pipeline.py
[2025-04-01T11:11:58.253+0000] {processor.py:839} INFO - DAG(s) dict_keys(['realtime_pipeline']) retrieved from /opt/airflow/dags/realtime_pipeline.py
[2025-04-01T11:11:58.274+0000] {logging_mixin.py:151} INFO - [2025-04-01T11:11:58.274+0000] {dag.py:2907} INFO - Sync 1 DAGs
[2025-04-01T11:11:58.421+0000] {processor.py:179} INFO - Processing /opt/airflow/dags/realtime_pipeline.py took 0.188 seconds
[2025-04-01T11:12:28.583+0000] {processor.py:157} INFO - Started process (PID=294) to work on /opt/airflow/dags/realtime_pipeline.py
[2025-04-01T11:12:28.584+0000] {processor.py:829} INFO - Processing file /opt/airflow/dags/realtime_pipeline.py for tasks to queue
[2025-04-01T11:12:28.585+0000] {logging_mixin.py:151} INFO - [2025-04-01T11:12:28.584+0000] {dagbag.py:539} INFO - Filling up the DagBag from /opt/airflow/dags/realtime_pipeline.py
[2025-04-01T11:12:28.599+0000] {processor.py:839} INFO - DAG(s) dict_keys(['realtime_pipeline']) retrieved from /opt/airflow/dags/realtime_pipeline.py
[2025-04-01T11:12:28.621+0000] {logging_mixin.py:151} INFO - [2025-04-01T11:12:28.621+0000] {dag.py:2907} INFO - Sync 1 DAGs
[2025-04-01T11:12:28.737+0000] {processor.py:179} INFO - Processing /opt/airflow/dags/realtime_pipeline.py took 0.156 seconds
[2025-04-01T11:12:58.931+0000] {processor.py:157} INFO - Started process (PID=299) to work on /opt/airflow/dags/realtime_pipeline.py
[2025-04-01T11:12:58.932+0000] {processor.py:829} INFO - Processing file /opt/airflow/dags/realtime_pipeline.py for tasks to queue
[2025-04-01T11:12:58.933+0000] {logging_mixin.py:151} INFO - [2025-04-01T11:12:58.932+0000] {dagbag.py:539} INFO - Filling up the DagBag from /opt/airflow/dags/realtime_pipeline.py
[2025-04-01T11:12:58.949+0000] {processor.py:839} INFO - DAG(s) dict_keys(['realtime_pipeline']) retrieved from /opt/airflow/dags/realtime_pipeline.py
[2025-04-01T11:12:58.972+0000] {logging_mixin.py:151} INFO - [2025-04-01T11:12:58.972+0000] {dag.py:2907} INFO - Sync 1 DAGs
[2025-04-01T11:12:59.094+0000] {processor.py:179} INFO - Processing /opt/airflow/dags/realtime_pipeline.py took 0.165 seconds
[2025-04-01T11:13:29.254+0000] {processor.py:157} INFO - Started process (PID=304) to work on /opt/airflow/dags/realtime_pipeline.py
[2025-04-01T11:13:29.255+0000] {processor.py:829} INFO - Processing file /opt/airflow/dags/realtime_pipeline.py for tasks to queue
[2025-04-01T11:13:29.256+0000] {logging_mixin.py:151} INFO - [2025-04-01T11:13:29.256+0000] {dagbag.py:539} INFO - Filling up the DagBag from /opt/airflow/dags/realtime_pipeline.py
[2025-04-01T11:13:29.272+0000] {processor.py:839} INFO - DAG(s) dict_keys(['realtime_pipeline']) retrieved from /opt/airflow/dags/realtime_pipeline.py
[2025-04-01T11:13:29.379+0000] {logging_mixin.py:151} INFO - [2025-04-01T11:13:29.379+0000] {dag.py:2907} INFO - Sync 1 DAGs
[2025-04-01T11:13:29.471+0000] {processor.py:179} INFO - Processing /opt/airflow/dags/realtime_pipeline.py took 0.219 seconds
[2025-04-01T11:13:59.670+0000] {processor.py:157} INFO - Started process (PID=309) to work on /opt/airflow/dags/realtime_pipeline.py
[2025-04-01T11:13:59.671+0000] {processor.py:829} INFO - Processing file /opt/airflow/dags/realtime_pipeline.py for tasks to queue
[2025-04-01T11:13:59.672+0000] {logging_mixin.py:151} INFO - [2025-04-01T11:13:59.671+0000] {dagbag.py:539} INFO - Filling up the DagBag from /opt/airflow/dags/realtime_pipeline.py
[2025-04-01T11:13:59.777+0000] {processor.py:839} INFO - DAG(s) dict_keys(['realtime_pipeline']) retrieved from /opt/airflow/dags/realtime_pipeline.py
[2025-04-01T11:13:59.797+0000] {logging_mixin.py:151} INFO - [2025-04-01T11:13:59.797+0000] {dag.py:2907} INFO - Sync 1 DAGs
[2025-04-01T11:13:59.834+0000] {processor.py:179} INFO - Processing /opt/airflow/dags/realtime_pipeline.py took 0.167 seconds
[2025-04-01T11:14:30.102+0000] {processor.py:157} INFO - Started process (PID=410) to work on /opt/airflow/dags/realtime_pipeline.py
[2025-04-01T11:14:30.103+0000] {processor.py:829} INFO - Processing file /opt/airflow/dags/realtime_pipeline.py for tasks to queue
[2025-04-01T11:14:30.104+0000] {logging_mixin.py:151} INFO - [2025-04-01T11:14:30.103+0000] {dagbag.py:539} INFO - Filling up the DagBag from /opt/airflow/dags/realtime_pipeline.py
[2025-04-01T11:14:30.123+0000] {processor.py:839} INFO - DAG(s) dict_keys(['realtime_pipeline']) retrieved from /opt/airflow/dags/realtime_pipeline.py
[2025-04-01T11:14:30.149+0000] {logging_mixin.py:151} INFO - [2025-04-01T11:14:30.149+0000] {dag.py:2907} INFO - Sync 1 DAGs
[2025-04-01T11:14:30.185+0000] {processor.py:179} INFO - Processing /opt/airflow/dags/realtime_pipeline.py took 0.087 seconds
[2025-04-01T11:15:00.374+0000] {processor.py:157} INFO - Started process (PID=415) to work on /opt/airflow/dags/realtime_pipeline.py
[2025-04-01T11:15:00.375+0000] {processor.py:829} INFO - Processing file /opt/airflow/dags/realtime_pipeline.py for tasks to queue
[2025-04-01T11:15:00.376+0000] {logging_mixin.py:151} INFO - [2025-04-01T11:15:00.375+0000] {dagbag.py:539} INFO - Filling up the DagBag from /opt/airflow/dags/realtime_pipeline.py
[2025-04-01T11:15:00.394+0000] {processor.py:839} INFO - DAG(s) dict_keys(['realtime_pipeline']) retrieved from /opt/airflow/dags/realtime_pipeline.py
[2025-04-01T11:15:00.420+0000] {logging_mixin.py:151} INFO - [2025-04-01T11:15:00.420+0000] {dag.py:2907} INFO - Sync 1 DAGs
[2025-04-01T11:15:00.459+0000] {processor.py:179} INFO - Processing /opt/airflow/dags/realtime_pipeline.py took 0.087 seconds
[2025-04-01T11:15:30.656+0000] {processor.py:157} INFO - Started process (PID=420) to work on /opt/airflow/dags/realtime_pipeline.py
[2025-04-01T11:15:30.656+0000] {processor.py:829} INFO - Processing file /opt/airflow/dags/realtime_pipeline.py for tasks to queue
[2025-04-01T11:15:30.657+0000] {logging_mixin.py:151} INFO - [2025-04-01T11:15:30.657+0000] {dagbag.py:539} INFO - Filling up the DagBag from /opt/airflow/dags/realtime_pipeline.py
[2025-04-01T11:15:30.673+0000] {processor.py:839} INFO - DAG(s) dict_keys(['realtime_pipeline']) retrieved from /opt/airflow/dags/realtime_pipeline.py
[2025-04-01T11:15:30.696+0000] {logging_mixin.py:151} INFO - [2025-04-01T11:15:30.696+0000] {dag.py:2907} INFO - Sync 1 DAGs
[2025-04-01T11:15:30.728+0000] {processor.py:179} INFO - Processing /opt/airflow/dags/realtime_pipeline.py took 0.075 seconds
[2025-04-01T11:16:00.924+0000] {processor.py:157} INFO - Started process (PID=425) to work on /opt/airflow/dags/realtime_pipeline.py
[2025-04-01T11:16:00.924+0000] {processor.py:829} INFO - Processing file /opt/airflow/dags/realtime_pipeline.py for tasks to queue
[2025-04-01T11:16:00.925+0000] {logging_mixin.py:151} INFO - [2025-04-01T11:16:00.925+0000] {dagbag.py:539} INFO - Filling up the DagBag from /opt/airflow/dags/realtime_pipeline.py
[2025-04-01T11:16:00.940+0000] {processor.py:839} INFO - DAG(s) dict_keys(['realtime_pipeline']) retrieved from /opt/airflow/dags/realtime_pipeline.py
[2025-04-01T11:16:00.962+0000] {logging_mixin.py:151} INFO - [2025-04-01T11:16:00.961+0000] {dag.py:2907} INFO - Sync 1 DAGs
[2025-04-01T11:16:01.050+0000] {processor.py:179} INFO - Processing /opt/airflow/dags/realtime_pipeline.py took 0.129 seconds
[2025-04-01T11:16:31.207+0000] {processor.py:157} INFO - Started process (PID=430) to work on /opt/airflow/dags/realtime_pipeline.py
[2025-04-01T11:16:31.207+0000] {processor.py:829} INFO - Processing file /opt/airflow/dags/realtime_pipeline.py for tasks to queue
[2025-04-01T11:16:31.208+0000] {logging_mixin.py:151} INFO - [2025-04-01T11:16:31.208+0000] {dagbag.py:539} INFO - Filling up the DagBag from /opt/airflow/dags/realtime_pipeline.py
[2025-04-01T11:16:31.224+0000] {processor.py:839} INFO - DAG(s) dict_keys(['realtime_pipeline']) retrieved from /opt/airflow/dags/realtime_pipeline.py
[2025-04-01T11:16:31.247+0000] {logging_mixin.py:151} INFO - [2025-04-01T11:16:31.247+0000] {dag.py:2907} INFO - Sync 1 DAGs
[2025-04-01T11:16:31.280+0000] {processor.py:179} INFO - Processing /opt/airflow/dags/realtime_pipeline.py took 0.076 seconds
[2025-04-01T11:17:01.539+0000] {processor.py:157} INFO - Started process (PID=435) to work on /opt/airflow/dags/realtime_pipeline.py
[2025-04-01T11:17:01.540+0000] {processor.py:829} INFO - Processing file /opt/airflow/dags/realtime_pipeline.py for tasks to queue
[2025-04-01T11:17:01.541+0000] {logging_mixin.py:151} INFO - [2025-04-01T11:17:01.541+0000] {dagbag.py:539} INFO - Filling up the DagBag from /opt/airflow/dags/realtime_pipeline.py
[2025-04-01T11:17:01.556+0000] {processor.py:839} INFO - DAG(s) dict_keys(['realtime_pipeline']) retrieved from /opt/airflow/dags/realtime_pipeline.py
[2025-04-01T11:17:01.579+0000] {logging_mixin.py:151} INFO - [2025-04-01T11:17:01.579+0000] {dag.py:2907} INFO - Sync 1 DAGs
[2025-04-01T11:17:01.677+0000] {processor.py:179} INFO - Processing /opt/airflow/dags/realtime_pipeline.py took 0.140 seconds
[2025-04-01T11:17:31.761+0000] {processor.py:157} INFO - Started process (PID=440) to work on /opt/airflow/dags/realtime_pipeline.py
[2025-04-01T11:17:31.761+0000] {processor.py:829} INFO - Processing file /opt/airflow/dags/realtime_pipeline.py for tasks to queue
[2025-04-01T11:17:31.762+0000] {logging_mixin.py:151} INFO - [2025-04-01T11:17:31.762+0000] {dagbag.py:539} INFO - Filling up the DagBag from /opt/airflow/dags/realtime_pipeline.py
[2025-04-01T11:17:31.778+0000] {processor.py:839} INFO - DAG(s) dict_keys(['realtime_pipeline']) retrieved from /opt/airflow/dags/realtime_pipeline.py
[2025-04-01T11:17:31.800+0000] {logging_mixin.py:151} INFO - [2025-04-01T11:17:31.800+0000] {dag.py:2907} INFO - Sync 1 DAGs
[2025-04-01T11:17:31.834+0000] {processor.py:179} INFO - Processing /opt/airflow/dags/realtime_pipeline.py took 0.076 seconds
[2025-04-01T11:18:01.961+0000] {processor.py:157} INFO - Started process (PID=445) to work on /opt/airflow/dags/realtime_pipeline.py
[2025-04-01T11:18:01.962+0000] {processor.py:829} INFO - Processing file /opt/airflow/dags/realtime_pipeline.py for tasks to queue
[2025-04-01T11:18:01.963+0000] {logging_mixin.py:151} INFO - [2025-04-01T11:18:01.963+0000] {dagbag.py:539} INFO - Filling up the DagBag from /opt/airflow/dags/realtime_pipeline.py
[2025-04-01T11:18:01.979+0000] {processor.py:839} INFO - DAG(s) dict_keys(['realtime_pipeline']) retrieved from /opt/airflow/dags/realtime_pipeline.py
[2025-04-01T11:18:02.000+0000] {logging_mixin.py:151} INFO - [2025-04-01T11:18:02.000+0000] {dag.py:2907} INFO - Sync 1 DAGs
[2025-04-01T11:18:02.035+0000] {processor.py:179} INFO - Processing /opt/airflow/dags/realtime_pipeline.py took 0.077 seconds
[2025-04-01T11:18:32.178+0000] {processor.py:157} INFO - Started process (PID=450) to work on /opt/airflow/dags/realtime_pipeline.py
[2025-04-01T11:18:32.179+0000] {processor.py:829} INFO - Processing file /opt/airflow/dags/realtime_pipeline.py for tasks to queue
[2025-04-01T11:18:32.180+0000] {logging_mixin.py:151} INFO - [2025-04-01T11:18:32.179+0000] {dagbag.py:539} INFO - Filling up the DagBag from /opt/airflow/dags/realtime_pipeline.py
[2025-04-01T11:18:32.198+0000] {processor.py:839} INFO - DAG(s) dict_keys(['realtime_pipeline']) retrieved from /opt/airflow/dags/realtime_pipeline.py
[2025-04-01T11:18:32.222+0000] {logging_mixin.py:151} INFO - [2025-04-01T11:18:32.221+0000] {dag.py:2907} INFO - Sync 1 DAGs
[2025-04-01T11:18:32.256+0000] {processor.py:179} INFO - Processing /opt/airflow/dags/realtime_pipeline.py took 0.080 seconds
[2025-04-01T11:19:02.379+0000] {processor.py:157} INFO - Started process (PID=455) to work on /opt/airflow/dags/realtime_pipeline.py
[2025-04-01T11:19:02.380+0000] {processor.py:829} INFO - Processing file /opt/airflow/dags/realtime_pipeline.py for tasks to queue
[2025-04-01T11:19:02.381+0000] {logging_mixin.py:151} INFO - [2025-04-01T11:19:02.380+0000] {dagbag.py:539} INFO - Filling up the DagBag from /opt/airflow/dags/realtime_pipeline.py
[2025-04-01T11:19:02.397+0000] {processor.py:839} INFO - DAG(s) dict_keys(['realtime_pipeline']) retrieved from /opt/airflow/dags/realtime_pipeline.py
[2025-04-01T11:19:02.418+0000] {logging_mixin.py:151} INFO - [2025-04-01T11:19:02.418+0000] {dag.py:2907} INFO - Sync 1 DAGs
[2025-04-01T11:19:02.451+0000] {processor.py:179} INFO - Processing /opt/airflow/dags/realtime_pipeline.py took 0.074 seconds
[2025-04-01T11:19:32.563+0000] {processor.py:157} INFO - Started process (PID=556) to work on /opt/airflow/dags/realtime_pipeline.py
[2025-04-01T11:19:32.564+0000] {processor.py:829} INFO - Processing file /opt/airflow/dags/realtime_pipeline.py for tasks to queue
[2025-04-01T11:19:32.565+0000] {logging_mixin.py:151} INFO - [2025-04-01T11:19:32.564+0000] {dagbag.py:539} INFO - Filling up the DagBag from /opt/airflow/dags/realtime_pipeline.py
[2025-04-01T11:19:32.582+0000] {processor.py:839} INFO - DAG(s) dict_keys(['realtime_pipeline']) retrieved from /opt/airflow/dags/realtime_pipeline.py
[2025-04-01T11:19:32.605+0000] {logging_mixin.py:151} INFO - [2025-04-01T11:19:32.605+0000] {dag.py:2907} INFO - Sync 1 DAGs
[2025-04-01T11:19:32.637+0000] {processor.py:179} INFO - Processing /opt/airflow/dags/realtime_pipeline.py took 0.077 seconds
[2025-04-01T11:20:02.797+0000] {processor.py:157} INFO - Started process (PID=561) to work on /opt/airflow/dags/realtime_pipeline.py
[2025-04-01T11:20:02.798+0000] {processor.py:829} INFO - Processing file /opt/airflow/dags/realtime_pipeline.py for tasks to queue
[2025-04-01T11:20:02.798+0000] {logging_mixin.py:151} INFO - [2025-04-01T11:20:02.798+0000] {dagbag.py:539} INFO - Filling up the DagBag from /opt/airflow/dags/realtime_pipeline.py
[2025-04-01T11:20:02.815+0000] {processor.py:839} INFO - DAG(s) dict_keys(['realtime_pipeline']) retrieved from /opt/airflow/dags/realtime_pipeline.py
[2025-04-01T11:20:02.837+0000] {logging_mixin.py:151} INFO - [2025-04-01T11:20:02.836+0000] {dag.py:2907} INFO - Sync 1 DAGs
[2025-04-01T11:20:02.869+0000] {processor.py:179} INFO - Processing /opt/airflow/dags/realtime_pipeline.py took 0.074 seconds
[2025-04-01T11:20:33.050+0000] {processor.py:157} INFO - Started process (PID=566) to work on /opt/airflow/dags/realtime_pipeline.py
[2025-04-01T11:20:33.051+0000] {processor.py:829} INFO - Processing file /opt/airflow/dags/realtime_pipeline.py for tasks to queue
[2025-04-01T11:20:33.052+0000] {logging_mixin.py:151} INFO - [2025-04-01T11:20:33.051+0000] {dagbag.py:539} INFO - Filling up the DagBag from /opt/airflow/dags/realtime_pipeline.py
[2025-04-01T11:20:33.068+0000] {processor.py:839} INFO - DAG(s) dict_keys(['realtime_pipeline']) retrieved from /opt/airflow/dags/realtime_pipeline.py
[2025-04-01T11:20:33.091+0000] {logging_mixin.py:151} INFO - [2025-04-01T11:20:33.091+0000] {dag.py:2907} INFO - Sync 1 DAGs
[2025-04-01T11:20:33.155+0000] {processor.py:179} INFO - Processing /opt/airflow/dags/realtime_pipeline.py took 0.107 seconds
[2025-04-01T11:21:03.280+0000] {processor.py:157} INFO - Started process (PID=571) to work on /opt/airflow/dags/realtime_pipeline.py
[2025-04-01T11:21:03.281+0000] {processor.py:829} INFO - Processing file /opt/airflow/dags/realtime_pipeline.py for tasks to queue
[2025-04-01T11:21:03.282+0000] {logging_mixin.py:151} INFO - [2025-04-01T11:21:03.282+0000] {dagbag.py:539} INFO - Filling up the DagBag from /opt/airflow/dags/realtime_pipeline.py
[2025-04-01T11:21:03.298+0000] {processor.py:839} INFO - DAG(s) dict_keys(['realtime_pipeline']) retrieved from /opt/airflow/dags/realtime_pipeline.py
[2025-04-01T11:21:03.319+0000] {logging_mixin.py:151} INFO - [2025-04-01T11:21:03.319+0000] {dag.py:2907} INFO - Sync 1 DAGs
[2025-04-01T11:21:03.367+0000] {processor.py:179} INFO - Processing /opt/airflow/dags/realtime_pipeline.py took 0.090 seconds
[2025-04-01T11:21:33.482+0000] {processor.py:157} INFO - Started process (PID=576) to work on /opt/airflow/dags/realtime_pipeline.py
[2025-04-01T11:21:33.482+0000] {processor.py:829} INFO - Processing file /opt/airflow/dags/realtime_pipeline.py for tasks to queue
[2025-04-01T11:21:33.483+0000] {logging_mixin.py:151} INFO - [2025-04-01T11:21:33.483+0000] {dagbag.py:539} INFO - Filling up the DagBag from /opt/airflow/dags/realtime_pipeline.py
[2025-04-01T11:21:33.500+0000] {processor.py:839} INFO - DAG(s) dict_keys(['realtime_pipeline']) retrieved from /opt/airflow/dags/realtime_pipeline.py
[2025-04-01T11:21:33.522+0000] {logging_mixin.py:151} INFO - [2025-04-01T11:21:33.522+0000] {dag.py:2907} INFO - Sync 1 DAGs
[2025-04-01T11:21:33.561+0000] {processor.py:179} INFO - Processing /opt/airflow/dags/realtime_pipeline.py took 0.085 seconds
[2025-04-01T11:22:03.704+0000] {processor.py:157} INFO - Started process (PID=581) to work on /opt/airflow/dags/realtime_pipeline.py
[2025-04-01T11:22:03.704+0000] {processor.py:829} INFO - Processing file /opt/airflow/dags/realtime_pipeline.py for tasks to queue
[2025-04-01T11:22:03.705+0000] {logging_mixin.py:151} INFO - [2025-04-01T11:22:03.705+0000] {dagbag.py:539} INFO - Filling up the DagBag from /opt/airflow/dags/realtime_pipeline.py
[2025-04-01T11:22:03.722+0000] {processor.py:839} INFO - DAG(s) dict_keys(['realtime_pipeline']) retrieved from /opt/airflow/dags/realtime_pipeline.py
[2025-04-01T11:22:03.745+0000] {logging_mixin.py:151} INFO - [2025-04-01T11:22:03.745+0000] {dag.py:2907} INFO - Sync 1 DAGs
[2025-04-01T11:22:03.779+0000] {processor.py:179} INFO - Processing /opt/airflow/dags/realtime_pipeline.py took 0.078 seconds
[2025-04-01T11:22:33.876+0000] {processor.py:157} INFO - Started process (PID=586) to work on /opt/airflow/dags/realtime_pipeline.py
[2025-04-01T11:22:33.877+0000] {processor.py:829} INFO - Processing file /opt/airflow/dags/realtime_pipeline.py for tasks to queue
[2025-04-01T11:22:33.877+0000] {logging_mixin.py:151} INFO - [2025-04-01T11:22:33.877+0000] {dagbag.py:539} INFO - Filling up the DagBag from /opt/airflow/dags/realtime_pipeline.py
[2025-04-01T11:22:33.894+0000] {processor.py:839} INFO - DAG(s) dict_keys(['realtime_pipeline']) retrieved from /opt/airflow/dags/realtime_pipeline.py
[2025-04-01T11:22:33.916+0000] {logging_mixin.py:151} INFO - [2025-04-01T11:22:33.916+0000] {dag.py:2907} INFO - Sync 1 DAGs
[2025-04-01T11:22:33.976+0000] {processor.py:179} INFO - Processing /opt/airflow/dags/realtime_pipeline.py took 0.103 seconds
[2025-04-01T11:23:04.140+0000] {processor.py:157} INFO - Started process (PID=591) to work on /opt/airflow/dags/realtime_pipeline.py
[2025-04-01T11:23:04.141+0000] {processor.py:829} INFO - Processing file /opt/airflow/dags/realtime_pipeline.py for tasks to queue
[2025-04-01T11:23:04.142+0000] {logging_mixin.py:151} INFO - [2025-04-01T11:23:04.141+0000] {dagbag.py:539} INFO - Filling up the DagBag from /opt/airflow/dags/realtime_pipeline.py
[2025-04-01T11:23:04.158+0000] {processor.py:839} INFO - DAG(s) dict_keys(['realtime_pipeline']) retrieved from /opt/airflow/dags/realtime_pipeline.py
[2025-04-01T11:23:04.180+0000] {logging_mixin.py:151} INFO - [2025-04-01T11:23:04.180+0000] {dag.py:2907} INFO - Sync 1 DAGs
[2025-04-01T11:23:04.236+0000] {processor.py:179} INFO - Processing /opt/airflow/dags/realtime_pipeline.py took 0.098 seconds
[2025-04-01T11:23:34.371+0000] {processor.py:157} INFO - Started process (PID=596) to work on /opt/airflow/dags/realtime_pipeline.py
[2025-04-01T11:23:34.371+0000] {processor.py:829} INFO - Processing file /opt/airflow/dags/realtime_pipeline.py for tasks to queue
[2025-04-01T11:23:34.372+0000] {logging_mixin.py:151} INFO - [2025-04-01T11:23:34.372+0000] {dagbag.py:539} INFO - Filling up the DagBag from /opt/airflow/dags/realtime_pipeline.py
[2025-04-01T11:23:34.388+0000] {processor.py:839} INFO - DAG(s) dict_keys(['realtime_pipeline']) retrieved from /opt/airflow/dags/realtime_pipeline.py
[2025-04-01T11:23:34.410+0000] {logging_mixin.py:151} INFO - [2025-04-01T11:23:34.410+0000] {dag.py:2907} INFO - Sync 1 DAGs
[2025-04-01T11:23:34.480+0000] {processor.py:179} INFO - Processing /opt/airflow/dags/realtime_pipeline.py took 0.112 seconds
[2025-04-01T11:24:04.681+0000] {processor.py:157} INFO - Started process (PID=601) to work on /opt/airflow/dags/realtime_pipeline.py
[2025-04-01T11:24:04.682+0000] {processor.py:829} INFO - Processing file /opt/airflow/dags/realtime_pipeline.py for tasks to queue
[2025-04-01T11:24:04.682+0000] {logging_mixin.py:151} INFO - [2025-04-01T11:24:04.682+0000] {dagbag.py:539} INFO - Filling up the DagBag from /opt/airflow/dags/realtime_pipeline.py
[2025-04-01T11:24:04.698+0000] {processor.py:839} INFO - DAG(s) dict_keys(['realtime_pipeline']) retrieved from /opt/airflow/dags/realtime_pipeline.py
[2025-04-01T11:24:04.719+0000] {logging_mixin.py:151} INFO - [2025-04-01T11:24:04.719+0000] {dag.py:2907} INFO - Sync 1 DAGs
[2025-04-01T11:24:04.752+0000] {processor.py:179} INFO - Processing /opt/airflow/dags/realtime_pipeline.py took 0.074 seconds
[2025-04-01T11:24:34.870+0000] {processor.py:157} INFO - Started process (PID=691) to work on /opt/airflow/dags/realtime_pipeline.py
[2025-04-01T11:24:34.870+0000] {processor.py:829} INFO - Processing file /opt/airflow/dags/realtime_pipeline.py for tasks to queue
[2025-04-01T11:24:34.871+0000] {logging_mixin.py:151} INFO - [2025-04-01T11:24:34.871+0000] {dagbag.py:539} INFO - Filling up the DagBag from /opt/airflow/dags/realtime_pipeline.py
[2025-04-01T11:24:34.889+0000] {processor.py:839} INFO - DAG(s) dict_keys(['realtime_pipeline']) retrieved from /opt/airflow/dags/realtime_pipeline.py
[2025-04-01T11:24:34.916+0000] {logging_mixin.py:151} INFO - [2025-04-01T11:24:34.915+0000] {dag.py:2907} INFO - Sync 1 DAGs
[2025-04-01T11:24:34.956+0000] {processor.py:179} INFO - Processing /opt/airflow/dags/realtime_pipeline.py took 0.090 seconds
[2025-04-01T11:25:05.140+0000] {processor.py:157} INFO - Started process (PID=707) to work on /opt/airflow/dags/realtime_pipeline.py
[2025-04-01T11:25:05.141+0000] {processor.py:829} INFO - Processing file /opt/airflow/dags/realtime_pipeline.py for tasks to queue
[2025-04-01T11:25:05.142+0000] {logging_mixin.py:151} INFO - [2025-04-01T11:25:05.141+0000] {dagbag.py:539} INFO - Filling up the DagBag from /opt/airflow/dags/realtime_pipeline.py
[2025-04-01T11:25:05.157+0000] {processor.py:839} INFO - DAG(s) dict_keys(['realtime_pipeline']) retrieved from /opt/airflow/dags/realtime_pipeline.py
[2025-04-01T11:25:05.179+0000] {logging_mixin.py:151} INFO - [2025-04-01T11:25:05.179+0000] {dag.py:2907} INFO - Sync 1 DAGs
[2025-04-01T11:25:05.211+0000] {processor.py:179} INFO - Processing /opt/airflow/dags/realtime_pipeline.py took 0.073 seconds
[2025-04-01T11:25:35.394+0000] {processor.py:157} INFO - Started process (PID=712) to work on /opt/airflow/dags/realtime_pipeline.py
[2025-04-01T11:25:35.395+0000] {processor.py:829} INFO - Processing file /opt/airflow/dags/realtime_pipeline.py for tasks to queue
[2025-04-01T11:25:35.396+0000] {logging_mixin.py:151} INFO - [2025-04-01T11:25:35.395+0000] {dagbag.py:539} INFO - Filling up the DagBag from /opt/airflow/dags/realtime_pipeline.py
[2025-04-01T11:25:35.411+0000] {processor.py:839} INFO - DAG(s) dict_keys(['realtime_pipeline']) retrieved from /opt/airflow/dags/realtime_pipeline.py
[2025-04-01T11:25:35.433+0000] {logging_mixin.py:151} INFO - [2025-04-01T11:25:35.433+0000] {dag.py:2907} INFO - Sync 1 DAGs
[2025-04-01T11:25:35.464+0000] {processor.py:179} INFO - Processing /opt/airflow/dags/realtime_pipeline.py took 0.073 seconds
[2025-04-01T11:26:05.654+0000] {processor.py:157} INFO - Started process (PID=717) to work on /opt/airflow/dags/realtime_pipeline.py
[2025-04-01T11:26:05.654+0000] {processor.py:829} INFO - Processing file /opt/airflow/dags/realtime_pipeline.py for tasks to queue
[2025-04-01T11:26:05.655+0000] {logging_mixin.py:151} INFO - [2025-04-01T11:26:05.655+0000] {dagbag.py:539} INFO - Filling up the DagBag from /opt/airflow/dags/realtime_pipeline.py
[2025-04-01T11:26:05.670+0000] {processor.py:839} INFO - DAG(s) dict_keys(['realtime_pipeline']) retrieved from /opt/airflow/dags/realtime_pipeline.py
[2025-04-01T11:26:05.692+0000] {logging_mixin.py:151} INFO - [2025-04-01T11:26:05.692+0000] {dag.py:2907} INFO - Sync 1 DAGs
[2025-04-01T11:26:05.724+0000] {processor.py:179} INFO - Processing /opt/airflow/dags/realtime_pipeline.py took 0.072 seconds
[2025-04-01T11:26:35.895+0000] {processor.py:157} INFO - Started process (PID=722) to work on /opt/airflow/dags/realtime_pipeline.py
[2025-04-01T11:26:35.896+0000] {processor.py:829} INFO - Processing file /opt/airflow/dags/realtime_pipeline.py for tasks to queue
[2025-04-01T11:26:35.896+0000] {logging_mixin.py:151} INFO - [2025-04-01T11:26:35.896+0000] {dagbag.py:539} INFO - Filling up the DagBag from /opt/airflow/dags/realtime_pipeline.py
[2025-04-01T11:26:35.912+0000] {processor.py:839} INFO - DAG(s) dict_keys(['realtime_pipeline']) retrieved from /opt/airflow/dags/realtime_pipeline.py
[2025-04-01T11:26:35.934+0000] {logging_mixin.py:151} INFO - [2025-04-01T11:26:35.933+0000] {dag.py:2907} INFO - Sync 1 DAGs
[2025-04-01T11:26:35.983+0000] {processor.py:179} INFO - Processing /opt/airflow/dags/realtime_pipeline.py took 0.091 seconds
[2025-04-01T11:27:06.094+0000] {processor.py:157} INFO - Started process (PID=727) to work on /opt/airflow/dags/realtime_pipeline.py
[2025-04-01T11:27:06.094+0000] {processor.py:829} INFO - Processing file /opt/airflow/dags/realtime_pipeline.py for tasks to queue
[2025-04-01T11:27:06.095+0000] {logging_mixin.py:151} INFO - [2025-04-01T11:27:06.095+0000] {dagbag.py:539} INFO - Filling up the DagBag from /opt/airflow/dags/realtime_pipeline.py
[2025-04-01T11:27:06.113+0000] {processor.py:839} INFO - DAG(s) dict_keys(['realtime_pipeline']) retrieved from /opt/airflow/dags/realtime_pipeline.py
[2025-04-01T11:27:06.135+0000] {logging_mixin.py:151} INFO - [2025-04-01T11:27:06.135+0000] {dag.py:2907} INFO - Sync 1 DAGs
[2025-04-01T11:27:06.167+0000] {processor.py:179} INFO - Processing /opt/airflow/dags/realtime_pipeline.py took 0.076 seconds
[2025-04-01T11:27:36.293+0000] {processor.py:157} INFO - Started process (PID=732) to work on /opt/airflow/dags/realtime_pipeline.py
[2025-04-01T11:27:36.293+0000] {processor.py:829} INFO - Processing file /opt/airflow/dags/realtime_pipeline.py for tasks to queue
[2025-04-01T11:27:36.294+0000] {logging_mixin.py:151} INFO - [2025-04-01T11:27:36.294+0000] {dagbag.py:539} INFO - Filling up the DagBag from /opt/airflow/dags/realtime_pipeline.py
[2025-04-01T11:27:36.310+0000] {processor.py:839} INFO - DAG(s) dict_keys(['realtime_pipeline']) retrieved from /opt/airflow/dags/realtime_pipeline.py
[2025-04-01T11:27:36.332+0000] {logging_mixin.py:151} INFO - [2025-04-01T11:27:36.332+0000] {dag.py:2907} INFO - Sync 1 DAGs
[2025-04-01T11:27:36.364+0000] {processor.py:179} INFO - Processing /opt/airflow/dags/realtime_pipeline.py took 0.074 seconds
[2025-04-01T11:28:06.503+0000] {processor.py:157} INFO - Started process (PID=737) to work on /opt/airflow/dags/realtime_pipeline.py
[2025-04-01T11:28:06.504+0000] {processor.py:829} INFO - Processing file /opt/airflow/dags/realtime_pipeline.py for tasks to queue
[2025-04-01T11:28:06.505+0000] {logging_mixin.py:151} INFO - [2025-04-01T11:28:06.504+0000] {dagbag.py:539} INFO - Filling up the DagBag from /opt/airflow/dags/realtime_pipeline.py
[2025-04-01T11:28:06.521+0000] {processor.py:839} INFO - DAG(s) dict_keys(['realtime_pipeline']) retrieved from /opt/airflow/dags/realtime_pipeline.py
[2025-04-01T11:28:06.543+0000] {logging_mixin.py:151} INFO - [2025-04-01T11:28:06.543+0000] {dag.py:2907} INFO - Sync 1 DAGs
[2025-04-01T11:28:06.605+0000] {processor.py:179} INFO - Processing /opt/airflow/dags/realtime_pipeline.py took 0.105 seconds
[2025-04-01T11:28:36.697+0000] {processor.py:157} INFO - Started process (PID=742) to work on /opt/airflow/dags/realtime_pipeline.py
[2025-04-01T11:28:36.698+0000] {processor.py:829} INFO - Processing file /opt/airflow/dags/realtime_pipeline.py for tasks to queue
[2025-04-01T11:28:36.699+0000] {logging_mixin.py:151} INFO - [2025-04-01T11:28:36.699+0000] {dagbag.py:539} INFO - Filling up the DagBag from /opt/airflow/dags/realtime_pipeline.py
[2025-04-01T11:28:36.716+0000] {processor.py:839} INFO - DAG(s) dict_keys(['realtime_pipeline']) retrieved from /opt/airflow/dags/realtime_pipeline.py
[2025-04-01T11:28:36.739+0000] {logging_mixin.py:151} INFO - [2025-04-01T11:28:36.739+0000] {dag.py:2907} INFO - Sync 1 DAGs
[2025-04-01T11:28:36.834+0000] {processor.py:179} INFO - Processing /opt/airflow/dags/realtime_pipeline.py took 0.139 seconds
[2025-04-01T11:29:06.909+0000] {processor.py:157} INFO - Started process (PID=747) to work on /opt/airflow/dags/realtime_pipeline.py
[2025-04-01T11:29:06.910+0000] {processor.py:829} INFO - Processing file /opt/airflow/dags/realtime_pipeline.py for tasks to queue
[2025-04-01T11:29:06.910+0000] {logging_mixin.py:151} INFO - [2025-04-01T11:29:06.910+0000] {dagbag.py:539} INFO - Filling up the DagBag from /opt/airflow/dags/realtime_pipeline.py
[2025-04-01T11:29:06.926+0000] {processor.py:839} INFO - DAG(s) dict_keys(['realtime_pipeline']) retrieved from /opt/airflow/dags/realtime_pipeline.py
[2025-04-01T11:29:06.949+0000] {logging_mixin.py:151} INFO - [2025-04-01T11:29:06.949+0000] {dag.py:2907} INFO - Sync 1 DAGs
[2025-04-01T11:29:07.033+0000] {processor.py:179} INFO - Processing /opt/airflow/dags/realtime_pipeline.py took 0.126 seconds
[2025-04-01T11:29:37.162+0000] {processor.py:157} INFO - Started process (PID=784) to work on /opt/airflow/dags/realtime_pipeline.py
[2025-04-01T11:29:37.163+0000] {processor.py:829} INFO - Processing file /opt/airflow/dags/realtime_pipeline.py for tasks to queue
[2025-04-01T11:29:37.163+0000] {logging_mixin.py:151} INFO - [2025-04-01T11:29:37.163+0000] {dagbag.py:539} INFO - Filling up the DagBag from /opt/airflow/dags/realtime_pipeline.py
[2025-04-01T11:29:37.181+0000] {processor.py:839} INFO - DAG(s) dict_keys(['realtime_pipeline']) retrieved from /opt/airflow/dags/realtime_pipeline.py
[2025-04-01T11:29:37.204+0000] {logging_mixin.py:151} INFO - [2025-04-01T11:29:37.204+0000] {dag.py:2907} INFO - Sync 1 DAGs
[2025-04-01T11:29:37.224+0000] {logging_mixin.py:151} INFO - [2025-04-01T11:29:37.224+0000] {dag.py:3677} INFO - Setting next_dagrun for realtime_pipeline to 2024-04-01T07:30:00+00:00, run_after=2024-04-01T08:00:00+00:00
[2025-04-01T11:29:37.240+0000] {processor.py:179} INFO - Processing /opt/airflow/dags/realtime_pipeline.py took 0.080 seconds
[2025-04-01T11:30:07.364+0000] {processor.py:157} INFO - Started process (PID=853) to work on /opt/airflow/dags/realtime_pipeline.py
[2025-04-01T11:30:07.364+0000] {processor.py:829} INFO - Processing file /opt/airflow/dags/realtime_pipeline.py for tasks to queue
[2025-04-01T11:30:07.365+0000] {logging_mixin.py:151} INFO - [2025-04-01T11:30:07.365+0000] {dagbag.py:539} INFO - Filling up the DagBag from /opt/airflow/dags/realtime_pipeline.py
[2025-04-01T11:30:07.382+0000] {processor.py:839} INFO - DAG(s) dict_keys(['realtime_pipeline']) retrieved from /opt/airflow/dags/realtime_pipeline.py
[2025-04-01T11:30:07.403+0000] {logging_mixin.py:151} INFO - [2025-04-01T11:30:07.403+0000] {dag.py:2907} INFO - Sync 1 DAGs
[2025-04-01T11:30:07.435+0000] {processor.py:179} INFO - Processing /opt/airflow/dags/realtime_pipeline.py took 0.074 seconds
[2025-04-01T11:30:37.558+0000] {processor.py:157} INFO - Started process (PID=858) to work on /opt/airflow/dags/realtime_pipeline.py
[2025-04-01T11:30:37.559+0000] {processor.py:829} INFO - Processing file /opt/airflow/dags/realtime_pipeline.py for tasks to queue
[2025-04-01T11:30:37.559+0000] {logging_mixin.py:151} INFO - [2025-04-01T11:30:37.559+0000] {dagbag.py:539} INFO - Filling up the DagBag from /opt/airflow/dags/realtime_pipeline.py
[2025-04-01T11:30:37.575+0000] {processor.py:839} INFO - DAG(s) dict_keys(['realtime_pipeline']) retrieved from /opt/airflow/dags/realtime_pipeline.py
[2025-04-01T11:30:37.597+0000] {logging_mixin.py:151} INFO - [2025-04-01T11:30:37.596+0000] {dag.py:2907} INFO - Sync 1 DAGs
[2025-04-01T11:30:37.628+0000] {processor.py:179} INFO - Processing /opt/airflow/dags/realtime_pipeline.py took 0.073 seconds
[2025-04-01T11:31:07.764+0000] {processor.py:157} INFO - Started process (PID=863) to work on /opt/airflow/dags/realtime_pipeline.py
[2025-04-01T11:31:07.765+0000] {processor.py:829} INFO - Processing file /opt/airflow/dags/realtime_pipeline.py for tasks to queue
[2025-04-01T11:31:07.765+0000] {logging_mixin.py:151} INFO - [2025-04-01T11:31:07.765+0000] {dagbag.py:539} INFO - Filling up the DagBag from /opt/airflow/dags/realtime_pipeline.py
[2025-04-01T11:31:07.782+0000] {processor.py:839} INFO - DAG(s) dict_keys(['realtime_pipeline']) retrieved from /opt/airflow/dags/realtime_pipeline.py
[2025-04-01T11:31:07.804+0000] {logging_mixin.py:151} INFO - [2025-04-01T11:31:07.804+0000] {dag.py:2907} INFO - Sync 1 DAGs
[2025-04-01T11:31:07.838+0000] {processor.py:179} INFO - Processing /opt/airflow/dags/realtime_pipeline.py took 0.076 seconds
[2025-04-01T11:31:37.958+0000] {processor.py:157} INFO - Started process (PID=868) to work on /opt/airflow/dags/realtime_pipeline.py
[2025-04-01T11:31:37.958+0000] {processor.py:829} INFO - Processing file /opt/airflow/dags/realtime_pipeline.py for tasks to queue
[2025-04-01T11:31:37.959+0000] {logging_mixin.py:151} INFO - [2025-04-01T11:31:37.959+0000] {dagbag.py:539} INFO - Filling up the DagBag from /opt/airflow/dags/realtime_pipeline.py
[2025-04-01T11:31:37.976+0000] {processor.py:839} INFO - DAG(s) dict_keys(['realtime_pipeline']) retrieved from /opt/airflow/dags/realtime_pipeline.py
[2025-04-01T11:31:37.998+0000] {logging_mixin.py:151} INFO - [2025-04-01T11:31:37.998+0000] {dag.py:2907} INFO - Sync 1 DAGs
[2025-04-01T11:31:38.033+0000] {processor.py:179} INFO - Processing /opt/airflow/dags/realtime_pipeline.py took 0.078 seconds
[2025-04-01T11:32:08.234+0000] {processor.py:157} INFO - Started process (PID=873) to work on /opt/airflow/dags/realtime_pipeline.py
[2025-04-01T11:32:08.234+0000] {processor.py:829} INFO - Processing file /opt/airflow/dags/realtime_pipeline.py for tasks to queue
[2025-04-01T11:32:08.235+0000] {logging_mixin.py:151} INFO - [2025-04-01T11:32:08.235+0000] {dagbag.py:539} INFO - Filling up the DagBag from /opt/airflow/dags/realtime_pipeline.py
[2025-04-01T11:32:08.251+0000] {processor.py:839} INFO - DAG(s) dict_keys(['realtime_pipeline']) retrieved from /opt/airflow/dags/realtime_pipeline.py
[2025-04-01T11:32:08.272+0000] {logging_mixin.py:151} INFO - [2025-04-01T11:32:08.272+0000] {dag.py:2907} INFO - Sync 1 DAGs
[2025-04-01T11:32:08.306+0000] {processor.py:179} INFO - Processing /opt/airflow/dags/realtime_pipeline.py took 0.075 seconds
[2025-04-01T11:32:38.456+0000] {processor.py:157} INFO - Started process (PID=878) to work on /opt/airflow/dags/realtime_pipeline.py
[2025-04-01T11:32:38.456+0000] {processor.py:829} INFO - Processing file /opt/airflow/dags/realtime_pipeline.py for tasks to queue
[2025-04-01T11:32:38.457+0000] {logging_mixin.py:151} INFO - [2025-04-01T11:32:38.457+0000] {dagbag.py:539} INFO - Filling up the DagBag from /opt/airflow/dags/realtime_pipeline.py
[2025-04-01T11:32:38.474+0000] {processor.py:839} INFO - DAG(s) dict_keys(['realtime_pipeline']) retrieved from /opt/airflow/dags/realtime_pipeline.py
[2025-04-01T11:32:38.496+0000] {logging_mixin.py:151} INFO - [2025-04-01T11:32:38.496+0000] {dag.py:2907} INFO - Sync 1 DAGs
[2025-04-01T11:32:38.603+0000] {processor.py:179} INFO - Processing /opt/airflow/dags/realtime_pipeline.py took 0.150 seconds
[2025-04-01T11:33:08.663+0000] {processor.py:157} INFO - Started process (PID=883) to work on /opt/airflow/dags/realtime_pipeline.py
[2025-04-01T11:33:08.664+0000] {processor.py:829} INFO - Processing file /opt/airflow/dags/realtime_pipeline.py for tasks to queue
[2025-04-01T11:33:08.665+0000] {logging_mixin.py:151} INFO - [2025-04-01T11:33:08.664+0000] {dagbag.py:539} INFO - Filling up the DagBag from /opt/airflow/dags/realtime_pipeline.py
[2025-04-01T11:33:08.681+0000] {processor.py:839} INFO - DAG(s) dict_keys(['realtime_pipeline']) retrieved from /opt/airflow/dags/realtime_pipeline.py
[2025-04-01T11:33:08.704+0000] {logging_mixin.py:151} INFO - [2025-04-01T11:33:08.704+0000] {dag.py:2907} INFO - Sync 1 DAGs
[2025-04-01T11:33:08.739+0000] {processor.py:179} INFO - Processing /opt/airflow/dags/realtime_pipeline.py took 0.079 seconds
[2025-04-01T11:33:38.859+0000] {processor.py:157} INFO - Started process (PID=888) to work on /opt/airflow/dags/realtime_pipeline.py
[2025-04-01T11:33:38.859+0000] {processor.py:829} INFO - Processing file /opt/airflow/dags/realtime_pipeline.py for tasks to queue
[2025-04-01T11:33:38.860+0000] {logging_mixin.py:151} INFO - [2025-04-01T11:33:38.860+0000] {dagbag.py:539} INFO - Filling up the DagBag from /opt/airflow/dags/realtime_pipeline.py
[2025-04-01T11:33:38.877+0000] {processor.py:839} INFO - DAG(s) dict_keys(['realtime_pipeline']) retrieved from /opt/airflow/dags/realtime_pipeline.py
[2025-04-01T11:33:38.899+0000] {logging_mixin.py:151} INFO - [2025-04-01T11:33:38.899+0000] {dag.py:2907} INFO - Sync 1 DAGs
[2025-04-01T11:33:38.933+0000] {processor.py:179} INFO - Processing /opt/airflow/dags/realtime_pipeline.py took 0.077 seconds
[2025-04-01T11:34:09.042+0000] {processor.py:157} INFO - Started process (PID=893) to work on /opt/airflow/dags/realtime_pipeline.py
[2025-04-01T11:34:09.042+0000] {processor.py:829} INFO - Processing file /opt/airflow/dags/realtime_pipeline.py for tasks to queue
[2025-04-01T11:34:09.043+0000] {logging_mixin.py:151} INFO - [2025-04-01T11:34:09.043+0000] {dagbag.py:539} INFO - Filling up the DagBag from /opt/airflow/dags/realtime_pipeline.py
[2025-04-01T11:34:09.059+0000] {processor.py:839} INFO - DAG(s) dict_keys(['realtime_pipeline']) retrieved from /opt/airflow/dags/realtime_pipeline.py
[2025-04-01T11:34:09.080+0000] {logging_mixin.py:151} INFO - [2025-04-01T11:34:09.080+0000] {dag.py:2907} INFO - Sync 1 DAGs
[2025-04-01T11:34:09.111+0000] {processor.py:179} INFO - Processing /opt/airflow/dags/realtime_pipeline.py took 0.072 seconds
[2025-04-01T11:34:39.238+0000] {processor.py:157} INFO - Started process (PID=898) to work on /opt/airflow/dags/realtime_pipeline.py
[2025-04-01T11:34:39.239+0000] {processor.py:829} INFO - Processing file /opt/airflow/dags/realtime_pipeline.py for tasks to queue
[2025-04-01T11:34:39.240+0000] {logging_mixin.py:151} INFO - [2025-04-01T11:34:39.240+0000] {dagbag.py:539} INFO - Filling up the DagBag from /opt/airflow/dags/realtime_pipeline.py
[2025-04-01T11:34:39.255+0000] {processor.py:839} INFO - DAG(s) dict_keys(['realtime_pipeline']) retrieved from /opt/airflow/dags/realtime_pipeline.py
[2025-04-01T11:34:39.276+0000] {logging_mixin.py:151} INFO - [2025-04-01T11:34:39.276+0000] {dag.py:2907} INFO - Sync 1 DAGs
[2025-04-01T11:34:39.309+0000] {processor.py:179} INFO - Processing /opt/airflow/dags/realtime_pipeline.py took 0.073 seconds
[2025-04-01T11:35:09.414+0000] {processor.py:157} INFO - Started process (PID=999) to work on /opt/airflow/dags/realtime_pipeline.py
[2025-04-01T11:35:09.415+0000] {processor.py:829} INFO - Processing file /opt/airflow/dags/realtime_pipeline.py for tasks to queue
[2025-04-01T11:35:09.415+0000] {logging_mixin.py:151} INFO - [2025-04-01T11:35:09.415+0000] {dagbag.py:539} INFO - Filling up the DagBag from /opt/airflow/dags/realtime_pipeline.py
[2025-04-01T11:35:09.433+0000] {processor.py:839} INFO - DAG(s) dict_keys(['realtime_pipeline']) retrieved from /opt/airflow/dags/realtime_pipeline.py
[2025-04-01T11:35:09.455+0000] {logging_mixin.py:151} INFO - [2025-04-01T11:35:09.455+0000] {dag.py:2907} INFO - Sync 1 DAGs
[2025-04-01T11:35:09.491+0000] {processor.py:179} INFO - Processing /opt/airflow/dags/realtime_pipeline.py took 0.080 seconds
[2025-04-01T11:35:39.756+0000] {processor.py:157} INFO - Started process (PID=1004) to work on /opt/airflow/dags/realtime_pipeline.py
[2025-04-01T11:35:39.756+0000] {processor.py:829} INFO - Processing file /opt/airflow/dags/realtime_pipeline.py for tasks to queue
[2025-04-01T11:35:39.757+0000] {logging_mixin.py:151} INFO - [2025-04-01T11:35:39.757+0000] {dagbag.py:539} INFO - Filling up the DagBag from /opt/airflow/dags/realtime_pipeline.py
[2025-04-01T11:35:39.772+0000] {processor.py:839} INFO - DAG(s) dict_keys(['realtime_pipeline']) retrieved from /opt/airflow/dags/realtime_pipeline.py
[2025-04-01T11:35:39.793+0000] {logging_mixin.py:151} INFO - [2025-04-01T11:35:39.793+0000] {dag.py:2907} INFO - Sync 1 DAGs
[2025-04-01T11:35:39.826+0000] {processor.py:179} INFO - Processing /opt/airflow/dags/realtime_pipeline.py took 0.073 seconds
[2025-04-01T11:36:10.004+0000] {processor.py:157} INFO - Started process (PID=1009) to work on /opt/airflow/dags/realtime_pipeline.py
[2025-04-01T11:36:10.005+0000] {processor.py:829} INFO - Processing file /opt/airflow/dags/realtime_pipeline.py for tasks to queue
[2025-04-01T11:36:10.006+0000] {logging_mixin.py:151} INFO - [2025-04-01T11:36:10.005+0000] {dagbag.py:539} INFO - Filling up the DagBag from /opt/airflow/dags/realtime_pipeline.py
[2025-04-01T11:36:10.022+0000] {processor.py:839} INFO - DAG(s) dict_keys(['realtime_pipeline']) retrieved from /opt/airflow/dags/realtime_pipeline.py
[2025-04-01T11:36:10.046+0000] {logging_mixin.py:151} INFO - [2025-04-01T11:36:10.046+0000] {dag.py:2907} INFO - Sync 1 DAGs
[2025-04-01T11:36:10.079+0000] {processor.py:179} INFO - Processing /opt/airflow/dags/realtime_pipeline.py took 0.078 seconds
[2025-04-01T11:36:40.200+0000] {processor.py:157} INFO - Started process (PID=1014) to work on /opt/airflow/dags/realtime_pipeline.py
[2025-04-01T11:36:40.201+0000] {processor.py:829} INFO - Processing file /opt/airflow/dags/realtime_pipeline.py for tasks to queue
[2025-04-01T11:36:40.201+0000] {logging_mixin.py:151} INFO - [2025-04-01T11:36:40.201+0000] {dagbag.py:539} INFO - Filling up the DagBag from /opt/airflow/dags/realtime_pipeline.py
[2025-04-01T11:36:40.217+0000] {processor.py:839} INFO - DAG(s) dict_keys(['realtime_pipeline']) retrieved from /opt/airflow/dags/realtime_pipeline.py
[2025-04-01T11:36:40.240+0000] {logging_mixin.py:151} INFO - [2025-04-01T11:36:40.240+0000] {dag.py:2907} INFO - Sync 1 DAGs
[2025-04-01T11:36:40.337+0000] {processor.py:179} INFO - Processing /opt/airflow/dags/realtime_pipeline.py took 0.139 seconds
[2025-04-01T11:37:10.453+0000] {processor.py:157} INFO - Started process (PID=1019) to work on /opt/airflow/dags/realtime_pipeline.py
[2025-04-01T11:37:10.454+0000] {processor.py:829} INFO - Processing file /opt/airflow/dags/realtime_pipeline.py for tasks to queue
[2025-04-01T11:37:10.455+0000] {logging_mixin.py:151} INFO - [2025-04-01T11:37:10.455+0000] {dagbag.py:539} INFO - Filling up the DagBag from /opt/airflow/dags/realtime_pipeline.py
[2025-04-01T11:37:10.472+0000] {processor.py:839} INFO - DAG(s) dict_keys(['realtime_pipeline']) retrieved from /opt/airflow/dags/realtime_pipeline.py
[2025-04-01T11:37:10.494+0000] {logging_mixin.py:151} INFO - [2025-04-01T11:37:10.494+0000] {dag.py:2907} INFO - Sync 1 DAGs
[2025-04-01T11:37:10.527+0000] {processor.py:179} INFO - Processing /opt/airflow/dags/realtime_pipeline.py took 0.077 seconds
[2025-04-01T11:37:40.727+0000] {processor.py:157} INFO - Started process (PID=1024) to work on /opt/airflow/dags/realtime_pipeline.py
[2025-04-01T11:37:40.728+0000] {processor.py:829} INFO - Processing file /opt/airflow/dags/realtime_pipeline.py for tasks to queue
[2025-04-01T11:37:40.729+0000] {logging_mixin.py:151} INFO - [2025-04-01T11:37:40.729+0000] {dagbag.py:539} INFO - Filling up the DagBag from /opt/airflow/dags/realtime_pipeline.py
[2025-04-01T11:37:40.744+0000] {processor.py:839} INFO - DAG(s) dict_keys(['realtime_pipeline']) retrieved from /opt/airflow/dags/realtime_pipeline.py
[2025-04-01T11:37:40.765+0000] {logging_mixin.py:151} INFO - [2025-04-01T11:37:40.765+0000] {dag.py:2907} INFO - Sync 1 DAGs
[2025-04-01T11:37:40.797+0000] {processor.py:179} INFO - Processing /opt/airflow/dags/realtime_pipeline.py took 0.072 seconds
[2025-04-01T11:38:10.888+0000] {processor.py:157} INFO - Started process (PID=1029) to work on /opt/airflow/dags/realtime_pipeline.py
[2025-04-01T11:38:10.888+0000] {processor.py:829} INFO - Processing file /opt/airflow/dags/realtime_pipeline.py for tasks to queue
[2025-04-01T11:38:10.889+0000] {logging_mixin.py:151} INFO - [2025-04-01T11:38:10.889+0000] {dagbag.py:539} INFO - Filling up the DagBag from /opt/airflow/dags/realtime_pipeline.py
[2025-04-01T11:38:10.905+0000] {processor.py:839} INFO - DAG(s) dict_keys(['realtime_pipeline']) retrieved from /opt/airflow/dags/realtime_pipeline.py
[2025-04-01T11:38:10.926+0000] {logging_mixin.py:151} INFO - [2025-04-01T11:38:10.926+0000] {dag.py:2907} INFO - Sync 1 DAGs
[2025-04-01T11:38:11.014+0000] {processor.py:179} INFO - Processing /opt/airflow/dags/realtime_pipeline.py took 0.129 seconds
[2025-04-01T11:38:41.140+0000] {processor.py:157} INFO - Started process (PID=1034) to work on /opt/airflow/dags/realtime_pipeline.py
[2025-04-01T11:38:41.141+0000] {processor.py:829} INFO - Processing file /opt/airflow/dags/realtime_pipeline.py for tasks to queue
[2025-04-01T11:38:41.141+0000] {logging_mixin.py:151} INFO - [2025-04-01T11:38:41.141+0000] {dagbag.py:539} INFO - Filling up the DagBag from /opt/airflow/dags/realtime_pipeline.py
[2025-04-01T11:38:41.159+0000] {processor.py:839} INFO - DAG(s) dict_keys(['realtime_pipeline']) retrieved from /opt/airflow/dags/realtime_pipeline.py
[2025-04-01T11:38:41.183+0000] {logging_mixin.py:151} INFO - [2025-04-01T11:38:41.183+0000] {dag.py:2907} INFO - Sync 1 DAGs
[2025-04-01T11:38:41.215+0000] {processor.py:179} INFO - Processing /opt/airflow/dags/realtime_pipeline.py took 0.078 seconds
[2025-04-01T11:39:11.360+0000] {processor.py:157} INFO - Started process (PID=1039) to work on /opt/airflow/dags/realtime_pipeline.py
[2025-04-01T11:39:11.361+0000] {processor.py:829} INFO - Processing file /opt/airflow/dags/realtime_pipeline.py for tasks to queue
[2025-04-01T11:39:11.362+0000] {logging_mixin.py:151} INFO - [2025-04-01T11:39:11.361+0000] {dagbag.py:539} INFO - Filling up the DagBag from /opt/airflow/dags/realtime_pipeline.py
[2025-04-01T11:39:11.384+0000] {processor.py:839} INFO - DAG(s) dict_keys(['realtime_pipeline']) retrieved from /opt/airflow/dags/realtime_pipeline.py
[2025-04-01T11:39:11.415+0000] {logging_mixin.py:151} INFO - [2025-04-01T11:39:11.414+0000] {dag.py:2907} INFO - Sync 1 DAGs
[2025-04-01T11:39:11.454+0000] {processor.py:179} INFO - Processing /opt/airflow/dags/realtime_pipeline.py took 0.098 seconds
[2025-04-01T11:39:41.624+0000] {processor.py:157} INFO - Started process (PID=1044) to work on /opt/airflow/dags/realtime_pipeline.py
[2025-04-01T11:39:41.624+0000] {processor.py:829} INFO - Processing file /opt/airflow/dags/realtime_pipeline.py for tasks to queue
[2025-04-01T11:39:41.625+0000] {logging_mixin.py:151} INFO - [2025-04-01T11:39:41.625+0000] {dagbag.py:539} INFO - Filling up the DagBag from /opt/airflow/dags/realtime_pipeline.py
[2025-04-01T11:39:41.642+0000] {processor.py:839} INFO - DAG(s) dict_keys(['realtime_pipeline']) retrieved from /opt/airflow/dags/realtime_pipeline.py
[2025-04-01T11:39:41.664+0000] {logging_mixin.py:151} INFO - [2025-04-01T11:39:41.664+0000] {dag.py:2907} INFO - Sync 1 DAGs
[2025-04-01T11:39:41.721+0000] {processor.py:179} INFO - Processing /opt/airflow/dags/realtime_pipeline.py took 0.099 seconds
[2025-04-01T11:40:11.832+0000] {processor.py:157} INFO - Started process (PID=1145) to work on /opt/airflow/dags/realtime_pipeline.py
[2025-04-01T11:40:11.833+0000] {processor.py:829} INFO - Processing file /opt/airflow/dags/realtime_pipeline.py for tasks to queue
[2025-04-01T11:40:11.833+0000] {logging_mixin.py:151} INFO - [2025-04-01T11:40:11.833+0000] {dagbag.py:539} INFO - Filling up the DagBag from /opt/airflow/dags/realtime_pipeline.py
[2025-04-01T11:40:11.850+0000] {processor.py:839} INFO - DAG(s) dict_keys(['realtime_pipeline']) retrieved from /opt/airflow/dags/realtime_pipeline.py
[2025-04-01T11:40:11.873+0000] {logging_mixin.py:151} INFO - [2025-04-01T11:40:11.872+0000] {dag.py:2907} INFO - Sync 1 DAGs
[2025-04-01T11:40:11.907+0000] {processor.py:179} INFO - Processing /opt/airflow/dags/realtime_pipeline.py took 0.078 seconds
[2025-04-01T11:40:42.056+0000] {processor.py:157} INFO - Started process (PID=1150) to work on /opt/airflow/dags/realtime_pipeline.py
[2025-04-01T11:40:42.057+0000] {processor.py:829} INFO - Processing file /opt/airflow/dags/realtime_pipeline.py for tasks to queue
[2025-04-01T11:40:42.058+0000] {logging_mixin.py:151} INFO - [2025-04-01T11:40:42.058+0000] {dagbag.py:539} INFO - Filling up the DagBag from /opt/airflow/dags/realtime_pipeline.py
[2025-04-01T11:40:42.074+0000] {processor.py:839} INFO - DAG(s) dict_keys(['realtime_pipeline']) retrieved from /opt/airflow/dags/realtime_pipeline.py
[2025-04-01T11:40:42.095+0000] {logging_mixin.py:151} INFO - [2025-04-01T11:40:42.095+0000] {dag.py:2907} INFO - Sync 1 DAGs
[2025-04-01T11:40:42.132+0000] {processor.py:179} INFO - Processing /opt/airflow/dags/realtime_pipeline.py took 0.078 seconds
[2025-04-01T11:41:12.324+0000] {processor.py:157} INFO - Started process (PID=1155) to work on /opt/airflow/dags/realtime_pipeline.py
[2025-04-01T11:41:12.325+0000] {processor.py:829} INFO - Processing file /opt/airflow/dags/realtime_pipeline.py for tasks to queue
[2025-04-01T11:41:12.325+0000] {logging_mixin.py:151} INFO - [2025-04-01T11:41:12.325+0000] {dagbag.py:539} INFO - Filling up the DagBag from /opt/airflow/dags/realtime_pipeline.py
[2025-04-01T11:41:12.343+0000] {processor.py:839} INFO - DAG(s) dict_keys(['realtime_pipeline']) retrieved from /opt/airflow/dags/realtime_pipeline.py
[2025-04-01T11:41:12.367+0000] {logging_mixin.py:151} INFO - [2025-04-01T11:41:12.366+0000] {dag.py:2907} INFO - Sync 1 DAGs
[2025-04-01T11:41:12.401+0000] {processor.py:179} INFO - Processing /opt/airflow/dags/realtime_pipeline.py took 0.079 seconds
[2025-04-01T11:41:42.485+0000] {processor.py:157} INFO - Started process (PID=1160) to work on /opt/airflow/dags/realtime_pipeline.py
[2025-04-01T11:41:42.486+0000] {processor.py:829} INFO - Processing file /opt/airflow/dags/realtime_pipeline.py for tasks to queue
[2025-04-01T11:41:42.487+0000] {logging_mixin.py:151} INFO - [2025-04-01T11:41:42.487+0000] {dagbag.py:539} INFO - Filling up the DagBag from /opt/airflow/dags/realtime_pipeline.py
[2025-04-01T11:41:42.504+0000] {processor.py:839} INFO - DAG(s) dict_keys(['realtime_pipeline']) retrieved from /opt/airflow/dags/realtime_pipeline.py
[2025-04-01T11:41:42.528+0000] {logging_mixin.py:151} INFO - [2025-04-01T11:41:42.528+0000] {dag.py:2907} INFO - Sync 1 DAGs
[2025-04-01T11:41:42.561+0000] {processor.py:179} INFO - Processing /opt/airflow/dags/realtime_pipeline.py took 0.078 seconds
[2025-04-01T11:42:12.755+0000] {processor.py:157} INFO - Started process (PID=1165) to work on /opt/airflow/dags/realtime_pipeline.py
[2025-04-01T11:42:12.755+0000] {processor.py:829} INFO - Processing file /opt/airflow/dags/realtime_pipeline.py for tasks to queue
[2025-04-01T11:42:12.756+0000] {logging_mixin.py:151} INFO - [2025-04-01T11:42:12.756+0000] {dagbag.py:539} INFO - Filling up the DagBag from /opt/airflow/dags/realtime_pipeline.py
[2025-04-01T11:42:12.771+0000] {processor.py:839} INFO - DAG(s) dict_keys(['realtime_pipeline']) retrieved from /opt/airflow/dags/realtime_pipeline.py
[2025-04-01T11:42:12.791+0000] {logging_mixin.py:151} INFO - [2025-04-01T11:42:12.791+0000] {dag.py:2907} INFO - Sync 1 DAGs
[2025-04-01T11:42:12.823+0000] {processor.py:179} INFO - Processing /opt/airflow/dags/realtime_pipeline.py took 0.071 seconds
[2025-04-01T11:42:42.956+0000] {processor.py:157} INFO - Started process (PID=1170) to work on /opt/airflow/dags/realtime_pipeline.py
[2025-04-01T11:42:42.957+0000] {processor.py:829} INFO - Processing file /opt/airflow/dags/realtime_pipeline.py for tasks to queue
[2025-04-01T11:42:42.958+0000] {logging_mixin.py:151} INFO - [2025-04-01T11:42:42.958+0000] {dagbag.py:539} INFO - Filling up the DagBag from /opt/airflow/dags/realtime_pipeline.py
[2025-04-01T11:42:42.976+0000] {processor.py:839} INFO - DAG(s) dict_keys(['realtime_pipeline']) retrieved from /opt/airflow/dags/realtime_pipeline.py
[2025-04-01T11:42:42.998+0000] {logging_mixin.py:151} INFO - [2025-04-01T11:42:42.998+0000] {dag.py:2907} INFO - Sync 1 DAGs
[2025-04-01T11:42:43.031+0000] {processor.py:179} INFO - Processing /opt/airflow/dags/realtime_pipeline.py took 0.079 seconds
[2025-04-01T11:43:13.195+0000] {processor.py:157} INFO - Started process (PID=1175) to work on /opt/airflow/dags/realtime_pipeline.py
[2025-04-01T11:43:13.195+0000] {processor.py:829} INFO - Processing file /opt/airflow/dags/realtime_pipeline.py for tasks to queue
[2025-04-01T11:43:13.196+0000] {logging_mixin.py:151} INFO - [2025-04-01T11:43:13.196+0000] {dagbag.py:539} INFO - Filling up the DagBag from /opt/airflow/dags/realtime_pipeline.py
[2025-04-01T11:43:13.212+0000] {processor.py:839} INFO - DAG(s) dict_keys(['realtime_pipeline']) retrieved from /opt/airflow/dags/realtime_pipeline.py
[2025-04-01T11:43:13.234+0000] {logging_mixin.py:151} INFO - [2025-04-01T11:43:13.234+0000] {dag.py:2907} INFO - Sync 1 DAGs
[2025-04-01T11:43:13.266+0000] {processor.py:179} INFO - Processing /opt/airflow/dags/realtime_pipeline.py took 0.074 seconds
[2025-04-01T11:43:43.438+0000] {processor.py:157} INFO - Started process (PID=1180) to work on /opt/airflow/dags/realtime_pipeline.py
[2025-04-01T11:43:43.439+0000] {processor.py:829} INFO - Processing file /opt/airflow/dags/realtime_pipeline.py for tasks to queue
[2025-04-01T11:43:43.440+0000] {logging_mixin.py:151} INFO - [2025-04-01T11:43:43.439+0000] {dagbag.py:539} INFO - Filling up the DagBag from /opt/airflow/dags/realtime_pipeline.py
[2025-04-01T11:43:43.456+0000] {processor.py:839} INFO - DAG(s) dict_keys(['realtime_pipeline']) retrieved from /opt/airflow/dags/realtime_pipeline.py
[2025-04-01T11:43:43.479+0000] {logging_mixin.py:151} INFO - [2025-04-01T11:43:43.479+0000] {dag.py:2907} INFO - Sync 1 DAGs
[2025-04-01T11:43:43.513+0000] {processor.py:179} INFO - Processing /opt/airflow/dags/realtime_pipeline.py took 0.077 seconds
[2025-04-01T11:44:13.602+0000] {processor.py:157} INFO - Started process (PID=1185) to work on /opt/airflow/dags/realtime_pipeline.py
[2025-04-01T11:44:13.603+0000] {processor.py:829} INFO - Processing file /opt/airflow/dags/realtime_pipeline.py for tasks to queue
[2025-04-01T11:44:13.604+0000] {logging_mixin.py:151} INFO - [2025-04-01T11:44:13.603+0000] {dagbag.py:539} INFO - Filling up the DagBag from /opt/airflow/dags/realtime_pipeline.py
[2025-04-01T11:44:13.620+0000] {processor.py:839} INFO - DAG(s) dict_keys(['realtime_pipeline']) retrieved from /opt/airflow/dags/realtime_pipeline.py
[2025-04-01T11:44:13.641+0000] {logging_mixin.py:151} INFO - [2025-04-01T11:44:13.641+0000] {dag.py:2907} INFO - Sync 1 DAGs
[2025-04-01T11:44:13.673+0000] {processor.py:179} INFO - Processing /opt/airflow/dags/realtime_pipeline.py took 0.073 seconds
[2025-04-01T11:44:43.803+0000] {processor.py:157} INFO - Started process (PID=1190) to work on /opt/airflow/dags/realtime_pipeline.py
[2025-04-01T11:44:43.804+0000] {processor.py:829} INFO - Processing file /opt/airflow/dags/realtime_pipeline.py for tasks to queue
[2025-04-01T11:44:43.804+0000] {logging_mixin.py:151} INFO - [2025-04-01T11:44:43.804+0000] {dagbag.py:539} INFO - Filling up the DagBag from /opt/airflow/dags/realtime_pipeline.py
[2025-04-01T11:44:43.822+0000] {processor.py:839} INFO - DAG(s) dict_keys(['realtime_pipeline']) retrieved from /opt/airflow/dags/realtime_pipeline.py
[2025-04-01T11:44:43.844+0000] {logging_mixin.py:151} INFO - [2025-04-01T11:44:43.844+0000] {dag.py:2907} INFO - Sync 1 DAGs
[2025-04-01T11:44:43.879+0000] {processor.py:179} INFO - Processing /opt/airflow/dags/realtime_pipeline.py took 0.078 seconds
[2025-04-01T21:02:46.163+0000] {processor.py:157} INFO - Started process (PID=175) to work on /opt/airflow/dags/realtime_pipeline.py
[2025-04-01T21:02:46.164+0000] {processor.py:829} INFO - Processing file /opt/airflow/dags/realtime_pipeline.py for tasks to queue
[2025-04-01T21:02:46.165+0000] {logging_mixin.py:151} INFO - [2025-04-01T21:02:46.165+0000] {dagbag.py:539} INFO - Filling up the DagBag from /opt/airflow/dags/realtime_pipeline.py
[2025-04-01T21:02:46.186+0000] {processor.py:839} INFO - DAG(s) dict_keys(['realtime_pipeline']) retrieved from /opt/airflow/dags/realtime_pipeline.py
[2025-04-01T21:02:46.234+0000] {logging_mixin.py:151} INFO - [2025-04-01T21:02:46.234+0000] {dag.py:2907} INFO - Sync 1 DAGs
[2025-04-01T21:02:46.287+0000] {processor.py:179} INFO - Processing /opt/airflow/dags/realtime_pipeline.py took 0.127 seconds
[2025-04-01T21:03:16.335+0000] {processor.py:157} INFO - Started process (PID=277) to work on /opt/airflow/dags/realtime_pipeline.py
[2025-04-01T21:03:16.336+0000] {processor.py:829} INFO - Processing file /opt/airflow/dags/realtime_pipeline.py for tasks to queue
[2025-04-01T21:03:16.336+0000] {logging_mixin.py:151} INFO - [2025-04-01T21:03:16.336+0000] {dagbag.py:539} INFO - Filling up the DagBag from /opt/airflow/dags/realtime_pipeline.py
[2025-04-01T21:03:16.352+0000] {processor.py:839} INFO - DAG(s) dict_keys(['realtime_pipeline']) retrieved from /opt/airflow/dags/realtime_pipeline.py
[2025-04-01T21:03:16.374+0000] {logging_mixin.py:151} INFO - [2025-04-01T21:03:16.374+0000] {dag.py:2907} INFO - Sync 1 DAGs
[2025-04-01T21:03:16.407+0000] {processor.py:179} INFO - Processing /opt/airflow/dags/realtime_pipeline.py took 0.075 seconds
[2025-04-01T21:03:46.562+0000] {processor.py:157} INFO - Started process (PID=282) to work on /opt/airflow/dags/realtime_pipeline.py
[2025-04-01T21:03:46.563+0000] {processor.py:829} INFO - Processing file /opt/airflow/dags/realtime_pipeline.py for tasks to queue
[2025-04-01T21:03:46.563+0000] {logging_mixin.py:151} INFO - [2025-04-01T21:03:46.563+0000] {dagbag.py:539} INFO - Filling up the DagBag from /opt/airflow/dags/realtime_pipeline.py
[2025-04-01T21:03:46.582+0000] {processor.py:839} INFO - DAG(s) dict_keys(['realtime_pipeline']) retrieved from /opt/airflow/dags/realtime_pipeline.py
[2025-04-01T21:03:46.602+0000] {logging_mixin.py:151} INFO - [2025-04-01T21:03:46.602+0000] {dag.py:2907} INFO - Sync 1 DAGs
[2025-04-01T21:03:46.776+0000] {processor.py:179} INFO - Processing /opt/airflow/dags/realtime_pipeline.py took 0.217 seconds
[2025-04-01T21:04:16.849+0000] {processor.py:157} INFO - Started process (PID=287) to work on /opt/airflow/dags/realtime_pipeline.py
[2025-04-01T21:04:16.850+0000] {processor.py:829} INFO - Processing file /opt/airflow/dags/realtime_pipeline.py for tasks to queue
[2025-04-01T21:04:16.851+0000] {logging_mixin.py:151} INFO - [2025-04-01T21:04:16.850+0000] {dagbag.py:539} INFO - Filling up the DagBag from /opt/airflow/dags/realtime_pipeline.py
[2025-04-01T21:04:16.866+0000] {processor.py:839} INFO - DAG(s) dict_keys(['realtime_pipeline']) retrieved from /opt/airflow/dags/realtime_pipeline.py
[2025-04-01T21:04:16.887+0000] {logging_mixin.py:151} INFO - [2025-04-01T21:04:16.887+0000] {dag.py:2907} INFO - Sync 1 DAGs
[2025-04-01T21:04:16.957+0000] {processor.py:179} INFO - Processing /opt/airflow/dags/realtime_pipeline.py took 0.110 seconds
[2025-04-01T21:04:47.135+0000] {processor.py:157} INFO - Started process (PID=292) to work on /opt/airflow/dags/realtime_pipeline.py
[2025-04-01T21:04:47.135+0000] {processor.py:829} INFO - Processing file /opt/airflow/dags/realtime_pipeline.py for tasks to queue
[2025-04-01T21:04:47.136+0000] {logging_mixin.py:151} INFO - [2025-04-01T21:04:47.136+0000] {dagbag.py:539} INFO - Filling up the DagBag from /opt/airflow/dags/realtime_pipeline.py
[2025-04-01T21:04:47.151+0000] {processor.py:839} INFO - DAG(s) dict_keys(['realtime_pipeline']) retrieved from /opt/airflow/dags/realtime_pipeline.py
[2025-04-01T21:04:47.170+0000] {logging_mixin.py:151} INFO - [2025-04-01T21:04:47.170+0000] {dag.py:2907} INFO - Sync 1 DAGs
[2025-04-01T21:04:47.240+0000] {processor.py:179} INFO - Processing /opt/airflow/dags/realtime_pipeline.py took 0.107 seconds
[2025-04-01T21:05:17.337+0000] {processor.py:157} INFO - Started process (PID=297) to work on /opt/airflow/dags/realtime_pipeline.py
[2025-04-01T21:05:17.338+0000] {processor.py:829} INFO - Processing file /opt/airflow/dags/realtime_pipeline.py for tasks to queue
[2025-04-01T21:05:17.338+0000] {logging_mixin.py:151} INFO - [2025-04-01T21:05:17.338+0000] {dagbag.py:539} INFO - Filling up the DagBag from /opt/airflow/dags/realtime_pipeline.py
[2025-04-01T21:05:17.354+0000] {processor.py:839} INFO - DAG(s) dict_keys(['realtime_pipeline']) retrieved from /opt/airflow/dags/realtime_pipeline.py
[2025-04-01T21:05:17.376+0000] {logging_mixin.py:151} INFO - [2025-04-01T21:05:17.376+0000] {dag.py:2907} INFO - Sync 1 DAGs
[2025-04-01T21:05:17.555+0000] {processor.py:179} INFO - Processing /opt/airflow/dags/realtime_pipeline.py took 0.221 seconds
[2025-04-01T21:05:47.693+0000] {processor.py:157} INFO - Started process (PID=302) to work on /opt/airflow/dags/realtime_pipeline.py
[2025-04-01T21:05:47.694+0000] {processor.py:829} INFO - Processing file /opt/airflow/dags/realtime_pipeline.py for tasks to queue
[2025-04-01T21:05:47.695+0000] {logging_mixin.py:151} INFO - [2025-04-01T21:05:47.695+0000] {dagbag.py:539} INFO - Filling up the DagBag from /opt/airflow/dags/realtime_pipeline.py
[2025-04-01T21:05:47.714+0000] {processor.py:839} INFO - DAG(s) dict_keys(['realtime_pipeline']) retrieved from /opt/airflow/dags/realtime_pipeline.py
[2025-04-01T21:05:47.741+0000] {logging_mixin.py:151} INFO - [2025-04-01T21:05:47.741+0000] {dag.py:2907} INFO - Sync 1 DAGs
[2025-04-01T21:05:47.936+0000] {processor.py:179} INFO - Processing /opt/airflow/dags/realtime_pipeline.py took 0.247 seconds
[2025-04-01T21:06:18.128+0000] {processor.py:157} INFO - Started process (PID=307) to work on /opt/airflow/dags/realtime_pipeline.py
[2025-04-01T21:06:18.128+0000] {processor.py:829} INFO - Processing file /opt/airflow/dags/realtime_pipeline.py for tasks to queue
[2025-04-01T21:06:18.129+0000] {logging_mixin.py:151} INFO - [2025-04-01T21:06:18.129+0000] {dagbag.py:539} INFO - Filling up the DagBag from /opt/airflow/dags/realtime_pipeline.py
[2025-04-01T21:06:18.150+0000] {processor.py:839} INFO - DAG(s) dict_keys(['realtime_pipeline']) retrieved from /opt/airflow/dags/realtime_pipeline.py
[2025-04-01T21:06:18.186+0000] {logging_mixin.py:151} INFO - [2025-04-01T21:06:18.185+0000] {dag.py:2907} INFO - Sync 1 DAGs
[2025-04-01T21:06:18.232+0000] {processor.py:179} INFO - Processing /opt/airflow/dags/realtime_pipeline.py took 0.107 seconds
[2025-04-01T21:06:48.293+0000] {processor.py:157} INFO - Started process (PID=312) to work on /opt/airflow/dags/realtime_pipeline.py
[2025-04-01T21:06:48.293+0000] {processor.py:829} INFO - Processing file /opt/airflow/dags/realtime_pipeline.py for tasks to queue
[2025-04-01T21:06:48.294+0000] {logging_mixin.py:151} INFO - [2025-04-01T21:06:48.294+0000] {dagbag.py:539} INFO - Filling up the DagBag from /opt/airflow/dags/realtime_pipeline.py
[2025-04-01T21:06:48.313+0000] {processor.py:839} INFO - DAG(s) dict_keys(['realtime_pipeline']) retrieved from /opt/airflow/dags/realtime_pipeline.py
[2025-04-01T21:06:48.337+0000] {logging_mixin.py:151} INFO - [2025-04-01T21:06:48.337+0000] {dag.py:2907} INFO - Sync 1 DAGs
[2025-04-01T21:06:48.417+0000] {processor.py:179} INFO - Processing /opt/airflow/dags/realtime_pipeline.py took 0.127 seconds
[2025-04-01T21:07:18.582+0000] {processor.py:157} INFO - Started process (PID=317) to work on /opt/airflow/dags/realtime_pipeline.py
[2025-04-01T21:07:18.583+0000] {processor.py:829} INFO - Processing file /opt/airflow/dags/realtime_pipeline.py for tasks to queue
[2025-04-01T21:07:18.583+0000] {logging_mixin.py:151} INFO - [2025-04-01T21:07:18.583+0000] {dagbag.py:539} INFO - Filling up the DagBag from /opt/airflow/dags/realtime_pipeline.py
[2025-04-01T21:07:18.598+0000] {processor.py:839} INFO - DAG(s) dict_keys(['realtime_pipeline']) retrieved from /opt/airflow/dags/realtime_pipeline.py
[2025-04-01T21:07:18.619+0000] {logging_mixin.py:151} INFO - [2025-04-01T21:07:18.619+0000] {dag.py:2907} INFO - Sync 1 DAGs
[2025-04-01T21:07:18.652+0000] {processor.py:179} INFO - Processing /opt/airflow/dags/realtime_pipeline.py took 0.072 seconds
[2025-04-01T21:07:48.826+0000] {processor.py:157} INFO - Started process (PID=322) to work on /opt/airflow/dags/realtime_pipeline.py
[2025-04-01T21:07:48.827+0000] {processor.py:829} INFO - Processing file /opt/airflow/dags/realtime_pipeline.py for tasks to queue
[2025-04-01T21:07:48.827+0000] {logging_mixin.py:151} INFO - [2025-04-01T21:07:48.827+0000] {dagbag.py:539} INFO - Filling up the DagBag from /opt/airflow/dags/realtime_pipeline.py
[2025-04-01T21:07:48.842+0000] {processor.py:839} INFO - DAG(s) dict_keys(['realtime_pipeline']) retrieved from /opt/airflow/dags/realtime_pipeline.py
[2025-04-01T21:07:48.862+0000] {logging_mixin.py:151} INFO - [2025-04-01T21:07:48.862+0000] {dag.py:2907} INFO - Sync 1 DAGs
[2025-04-01T21:07:48.982+0000] {processor.py:179} INFO - Processing /opt/airflow/dags/realtime_pipeline.py took 0.158 seconds
[2025-04-01T21:08:19.144+0000] {processor.py:157} INFO - Started process (PID=423) to work on /opt/airflow/dags/realtime_pipeline.py
[2025-04-01T21:08:19.144+0000] {processor.py:829} INFO - Processing file /opt/airflow/dags/realtime_pipeline.py for tasks to queue
[2025-04-01T21:08:19.145+0000] {logging_mixin.py:151} INFO - [2025-04-01T21:08:19.145+0000] {dagbag.py:539} INFO - Filling up the DagBag from /opt/airflow/dags/realtime_pipeline.py
[2025-04-01T21:08:19.162+0000] {processor.py:839} INFO - DAG(s) dict_keys(['realtime_pipeline']) retrieved from /opt/airflow/dags/realtime_pipeline.py
[2025-04-01T21:08:19.184+0000] {logging_mixin.py:151} INFO - [2025-04-01T21:08:19.184+0000] {dag.py:2907} INFO - Sync 1 DAGs
[2025-04-01T21:08:19.306+0000] {processor.py:179} INFO - Processing /opt/airflow/dags/realtime_pipeline.py took 0.165 seconds
[2025-04-01T21:08:49.362+0000] {processor.py:157} INFO - Started process (PID=428) to work on /opt/airflow/dags/realtime_pipeline.py
[2025-04-01T21:08:49.363+0000] {processor.py:829} INFO - Processing file /opt/airflow/dags/realtime_pipeline.py for tasks to queue
[2025-04-01T21:08:49.364+0000] {logging_mixin.py:151} INFO - [2025-04-01T21:08:49.364+0000] {dagbag.py:539} INFO - Filling up the DagBag from /opt/airflow/dags/realtime_pipeline.py
[2025-04-01T21:08:49.379+0000] {processor.py:839} INFO - DAG(s) dict_keys(['realtime_pipeline']) retrieved from /opt/airflow/dags/realtime_pipeline.py
[2025-04-01T21:08:49.401+0000] {logging_mixin.py:151} INFO - [2025-04-01T21:08:49.401+0000] {dag.py:2907} INFO - Sync 1 DAGs
[2025-04-01T21:08:49.514+0000] {processor.py:179} INFO - Processing /opt/airflow/dags/realtime_pipeline.py took 0.155 seconds
[2025-04-01T21:09:19.759+0000] {processor.py:157} INFO - Started process (PID=433) to work on /opt/airflow/dags/realtime_pipeline.py
[2025-04-01T21:09:19.759+0000] {processor.py:829} INFO - Processing file /opt/airflow/dags/realtime_pipeline.py for tasks to queue
[2025-04-01T21:09:19.760+0000] {logging_mixin.py:151} INFO - [2025-04-01T21:09:19.760+0000] {dagbag.py:539} INFO - Filling up the DagBag from /opt/airflow/dags/realtime_pipeline.py
[2025-04-01T21:09:19.775+0000] {processor.py:839} INFO - DAG(s) dict_keys(['realtime_pipeline']) retrieved from /opt/airflow/dags/realtime_pipeline.py
[2025-04-01T21:09:19.874+0000] {logging_mixin.py:151} INFO - [2025-04-01T21:09:19.874+0000] {dag.py:2907} INFO - Sync 1 DAGs
[2025-04-01T21:09:19.904+0000] {processor.py:179} INFO - Processing /opt/airflow/dags/realtime_pipeline.py took 0.147 seconds
[2025-04-01T21:09:50.090+0000] {processor.py:157} INFO - Started process (PID=438) to work on /opt/airflow/dags/realtime_pipeline.py
[2025-04-01T21:09:50.091+0000] {processor.py:829} INFO - Processing file /opt/airflow/dags/realtime_pipeline.py for tasks to queue
[2025-04-01T21:09:50.092+0000] {logging_mixin.py:151} INFO - [2025-04-01T21:09:50.091+0000] {dagbag.py:539} INFO - Filling up the DagBag from /opt/airflow/dags/realtime_pipeline.py
[2025-04-01T21:09:50.107+0000] {processor.py:839} INFO - DAG(s) dict_keys(['realtime_pipeline']) retrieved from /opt/airflow/dags/realtime_pipeline.py
[2025-04-01T21:09:50.128+0000] {logging_mixin.py:151} INFO - [2025-04-01T21:09:50.128+0000] {dag.py:2907} INFO - Sync 1 DAGs
[2025-04-01T21:09:50.158+0000] {processor.py:179} INFO - Processing /opt/airflow/dags/realtime_pipeline.py took 0.070 seconds
[2025-04-01T21:10:20.390+0000] {processor.py:157} INFO - Started process (PID=443) to work on /opt/airflow/dags/realtime_pipeline.py
[2025-04-01T21:10:20.391+0000] {processor.py:829} INFO - Processing file /opt/airflow/dags/realtime_pipeline.py for tasks to queue
[2025-04-01T21:10:20.391+0000] {logging_mixin.py:151} INFO - [2025-04-01T21:10:20.391+0000] {dagbag.py:539} INFO - Filling up the DagBag from /opt/airflow/dags/realtime_pipeline.py
[2025-04-01T21:10:20.407+0000] {processor.py:839} INFO - DAG(s) dict_keys(['realtime_pipeline']) retrieved from /opt/airflow/dags/realtime_pipeline.py
[2025-04-01T21:10:20.427+0000] {logging_mixin.py:151} INFO - [2025-04-01T21:10:20.427+0000] {dag.py:2907} INFO - Sync 1 DAGs
[2025-04-01T21:10:20.460+0000] {processor.py:179} INFO - Processing /opt/airflow/dags/realtime_pipeline.py took 0.072 seconds
[2025-04-01T21:10:50.658+0000] {processor.py:157} INFO - Started process (PID=448) to work on /opt/airflow/dags/realtime_pipeline.py
[2025-04-01T21:10:50.658+0000] {processor.py:829} INFO - Processing file /opt/airflow/dags/realtime_pipeline.py for tasks to queue
[2025-04-01T21:10:50.659+0000] {logging_mixin.py:151} INFO - [2025-04-01T21:10:50.659+0000] {dagbag.py:539} INFO - Filling up the DagBag from /opt/airflow/dags/realtime_pipeline.py
[2025-04-01T21:10:50.674+0000] {processor.py:839} INFO - DAG(s) dict_keys(['realtime_pipeline']) retrieved from /opt/airflow/dags/realtime_pipeline.py
[2025-04-01T21:10:50.694+0000] {logging_mixin.py:151} INFO - [2025-04-01T21:10:50.694+0000] {dag.py:2907} INFO - Sync 1 DAGs
[2025-04-01T21:10:50.726+0000] {processor.py:179} INFO - Processing /opt/airflow/dags/realtime_pipeline.py took 0.071 seconds
[2025-04-01T21:11:20.988+0000] {processor.py:157} INFO - Started process (PID=453) to work on /opt/airflow/dags/realtime_pipeline.py
[2025-04-01T21:11:20.989+0000] {processor.py:829} INFO - Processing file /opt/airflow/dags/realtime_pipeline.py for tasks to queue
[2025-04-01T21:11:20.990+0000] {logging_mixin.py:151} INFO - [2025-04-01T21:11:20.989+0000] {dagbag.py:539} INFO - Filling up the DagBag from /opt/airflow/dags/realtime_pipeline.py
[2025-04-01T21:11:21.004+0000] {processor.py:839} INFO - DAG(s) dict_keys(['realtime_pipeline']) retrieved from /opt/airflow/dags/realtime_pipeline.py
[2025-04-01T21:11:21.024+0000] {logging_mixin.py:151} INFO - [2025-04-01T21:11:21.024+0000] {dag.py:2907} INFO - Sync 1 DAGs
[2025-04-01T21:11:21.055+0000] {processor.py:179} INFO - Processing /opt/airflow/dags/realtime_pipeline.py took 0.069 seconds
[2025-04-01T21:11:51.222+0000] {processor.py:157} INFO - Started process (PID=458) to work on /opt/airflow/dags/realtime_pipeline.py
[2025-04-01T21:11:51.223+0000] {processor.py:829} INFO - Processing file /opt/airflow/dags/realtime_pipeline.py for tasks to queue
[2025-04-01T21:11:51.224+0000] {logging_mixin.py:151} INFO - [2025-04-01T21:11:51.224+0000] {dagbag.py:539} INFO - Filling up the DagBag from /opt/airflow/dags/realtime_pipeline.py
[2025-04-01T21:11:51.242+0000] {processor.py:839} INFO - DAG(s) dict_keys(['realtime_pipeline']) retrieved from /opt/airflow/dags/realtime_pipeline.py
[2025-04-01T21:11:51.262+0000] {logging_mixin.py:151} INFO - [2025-04-01T21:11:51.262+0000] {dag.py:2907} INFO - Sync 1 DAGs
[2025-04-01T21:11:51.294+0000] {processor.py:179} INFO - Processing /opt/airflow/dags/realtime_pipeline.py took 0.076 seconds
[2025-04-01T21:12:21.564+0000] {processor.py:157} INFO - Started process (PID=463) to work on /opt/airflow/dags/realtime_pipeline.py
[2025-04-01T21:12:21.564+0000] {processor.py:829} INFO - Processing file /opt/airflow/dags/realtime_pipeline.py for tasks to queue
[2025-04-01T21:12:21.565+0000] {logging_mixin.py:151} INFO - [2025-04-01T21:12:21.565+0000] {dagbag.py:539} INFO - Filling up the DagBag from /opt/airflow/dags/realtime_pipeline.py
[2025-04-01T21:12:21.582+0000] {processor.py:839} INFO - DAG(s) dict_keys(['realtime_pipeline']) retrieved from /opt/airflow/dags/realtime_pipeline.py
[2025-04-01T21:12:21.607+0000] {logging_mixin.py:151} INFO - [2025-04-01T21:12:21.606+0000] {dag.py:2907} INFO - Sync 1 DAGs
[2025-04-01T21:12:21.655+0000] {processor.py:179} INFO - Processing /opt/airflow/dags/realtime_pipeline.py took 0.093 seconds
[2025-04-01T21:12:51.813+0000] {processor.py:157} INFO - Started process (PID=468) to work on /opt/airflow/dags/realtime_pipeline.py
[2025-04-01T21:12:51.813+0000] {processor.py:829} INFO - Processing file /opt/airflow/dags/realtime_pipeline.py for tasks to queue
[2025-04-01T21:12:51.814+0000] {logging_mixin.py:151} INFO - [2025-04-01T21:12:51.814+0000] {dagbag.py:539} INFO - Filling up the DagBag from /opt/airflow/dags/realtime_pipeline.py
[2025-04-01T21:12:51.829+0000] {processor.py:839} INFO - DAG(s) dict_keys(['realtime_pipeline']) retrieved from /opt/airflow/dags/realtime_pipeline.py
[2025-04-01T21:12:51.849+0000] {logging_mixin.py:151} INFO - [2025-04-01T21:12:51.849+0000] {dag.py:2907} INFO - Sync 1 DAGs
[2025-04-01T21:12:51.883+0000] {processor.py:179} INFO - Processing /opt/airflow/dags/realtime_pipeline.py took 0.072 seconds
[2025-04-01T21:13:21.990+0000] {processor.py:157} INFO - Started process (PID=569) to work on /opt/airflow/dags/realtime_pipeline.py
[2025-04-01T21:13:21.991+0000] {processor.py:829} INFO - Processing file /opt/airflow/dags/realtime_pipeline.py for tasks to queue
[2025-04-01T21:13:21.992+0000] {logging_mixin.py:151} INFO - [2025-04-01T21:13:21.991+0000] {dagbag.py:539} INFO - Filling up the DagBag from /opt/airflow/dags/realtime_pipeline.py
[2025-04-01T21:13:22.007+0000] {processor.py:839} INFO - DAG(s) dict_keys(['realtime_pipeline']) retrieved from /opt/airflow/dags/realtime_pipeline.py
[2025-04-01T21:13:22.030+0000] {logging_mixin.py:151} INFO - [2025-04-01T21:13:22.029+0000] {dag.py:2907} INFO - Sync 1 DAGs
[2025-04-01T21:13:22.063+0000] {processor.py:179} INFO - Processing /opt/airflow/dags/realtime_pipeline.py took 0.075 seconds
[2025-04-01T21:13:52.253+0000] {processor.py:157} INFO - Started process (PID=574) to work on /opt/airflow/dags/realtime_pipeline.py
[2025-04-01T21:13:52.253+0000] {processor.py:829} INFO - Processing file /opt/airflow/dags/realtime_pipeline.py for tasks to queue
[2025-04-01T21:13:52.254+0000] {logging_mixin.py:151} INFO - [2025-04-01T21:13:52.254+0000] {dagbag.py:539} INFO - Filling up the DagBag from /opt/airflow/dags/realtime_pipeline.py
[2025-04-01T21:13:52.270+0000] {processor.py:839} INFO - DAG(s) dict_keys(['realtime_pipeline']) retrieved from /opt/airflow/dags/realtime_pipeline.py
[2025-04-01T21:13:52.290+0000] {logging_mixin.py:151} INFO - [2025-04-01T21:13:52.290+0000] {dag.py:2907} INFO - Sync 1 DAGs
[2025-04-01T21:13:52.334+0000] {processor.py:179} INFO - Processing /opt/airflow/dags/realtime_pipeline.py took 0.083 seconds
[2025-04-01T21:14:22.475+0000] {processor.py:157} INFO - Started process (PID=579) to work on /opt/airflow/dags/realtime_pipeline.py
[2025-04-01T21:14:22.476+0000] {processor.py:829} INFO - Processing file /opt/airflow/dags/realtime_pipeline.py for tasks to queue
[2025-04-01T21:14:22.476+0000] {logging_mixin.py:151} INFO - [2025-04-01T21:14:22.476+0000] {dagbag.py:539} INFO - Filling up the DagBag from /opt/airflow/dags/realtime_pipeline.py
[2025-04-01T21:14:22.492+0000] {processor.py:839} INFO - DAG(s) dict_keys(['realtime_pipeline']) retrieved from /opt/airflow/dags/realtime_pipeline.py
[2025-04-01T21:14:22.514+0000] {logging_mixin.py:151} INFO - [2025-04-01T21:14:22.513+0000] {dag.py:2907} INFO - Sync 1 DAGs
[2025-04-01T21:14:22.546+0000] {processor.py:179} INFO - Processing /opt/airflow/dags/realtime_pipeline.py took 0.074 seconds
[2025-04-01T21:14:52.749+0000] {processor.py:157} INFO - Started process (PID=584) to work on /opt/airflow/dags/realtime_pipeline.py
[2025-04-01T21:14:52.749+0000] {processor.py:829} INFO - Processing file /opt/airflow/dags/realtime_pipeline.py for tasks to queue
[2025-04-01T21:14:52.750+0000] {logging_mixin.py:151} INFO - [2025-04-01T21:14:52.750+0000] {dagbag.py:539} INFO - Filling up the DagBag from /opt/airflow/dags/realtime_pipeline.py
[2025-04-01T21:14:52.766+0000] {processor.py:839} INFO - DAG(s) dict_keys(['realtime_pipeline']) retrieved from /opt/airflow/dags/realtime_pipeline.py
[2025-04-01T21:14:52.789+0000] {logging_mixin.py:151} INFO - [2025-04-01T21:14:52.788+0000] {dag.py:2907} INFO - Sync 1 DAGs
[2025-04-01T21:14:52.821+0000] {processor.py:179} INFO - Processing /opt/airflow/dags/realtime_pipeline.py took 0.075 seconds
[2025-04-01T21:15:22.990+0000] {processor.py:157} INFO - Started process (PID=589) to work on /opt/airflow/dags/realtime_pipeline.py
[2025-04-01T21:15:22.990+0000] {processor.py:829} INFO - Processing file /opt/airflow/dags/realtime_pipeline.py for tasks to queue
[2025-04-01T21:15:22.991+0000] {logging_mixin.py:151} INFO - [2025-04-01T21:15:22.991+0000] {dagbag.py:539} INFO - Filling up the DagBag from /opt/airflow/dags/realtime_pipeline.py
[2025-04-01T21:15:23.006+0000] {processor.py:839} INFO - DAG(s) dict_keys(['realtime_pipeline']) retrieved from /opt/airflow/dags/realtime_pipeline.py
[2025-04-01T21:15:23.026+0000] {logging_mixin.py:151} INFO - [2025-04-01T21:15:23.026+0000] {dag.py:2907} INFO - Sync 1 DAGs
[2025-04-01T21:15:23.058+0000] {processor.py:179} INFO - Processing /opt/airflow/dags/realtime_pipeline.py took 0.071 seconds
[2025-04-01T21:15:53.155+0000] {processor.py:157} INFO - Started process (PID=594) to work on /opt/airflow/dags/realtime_pipeline.py
[2025-04-01T21:15:53.155+0000] {processor.py:829} INFO - Processing file /opt/airflow/dags/realtime_pipeline.py for tasks to queue
[2025-04-01T21:15:53.156+0000] {logging_mixin.py:151} INFO - [2025-04-01T21:15:53.156+0000] {dagbag.py:539} INFO - Filling up the DagBag from /opt/airflow/dags/realtime_pipeline.py
[2025-04-01T21:15:53.173+0000] {processor.py:839} INFO - DAG(s) dict_keys(['realtime_pipeline']) retrieved from /opt/airflow/dags/realtime_pipeline.py
[2025-04-01T21:15:53.193+0000] {logging_mixin.py:151} INFO - [2025-04-01T21:15:53.193+0000] {dag.py:2907} INFO - Sync 1 DAGs
[2025-04-01T21:15:53.226+0000] {processor.py:179} INFO - Processing /opt/airflow/dags/realtime_pipeline.py took 0.074 seconds
[2025-04-01T21:16:23.407+0000] {processor.py:157} INFO - Started process (PID=599) to work on /opt/airflow/dags/realtime_pipeline.py
[2025-04-01T21:16:23.407+0000] {processor.py:829} INFO - Processing file /opt/airflow/dags/realtime_pipeline.py for tasks to queue
[2025-04-01T21:16:23.408+0000] {logging_mixin.py:151} INFO - [2025-04-01T21:16:23.408+0000] {dagbag.py:539} INFO - Filling up the DagBag from /opt/airflow/dags/realtime_pipeline.py
[2025-04-01T21:16:23.424+0000] {processor.py:839} INFO - DAG(s) dict_keys(['realtime_pipeline']) retrieved from /opt/airflow/dags/realtime_pipeline.py
[2025-04-01T21:16:23.445+0000] {logging_mixin.py:151} INFO - [2025-04-01T21:16:23.445+0000] {dag.py:2907} INFO - Sync 1 DAGs
[2025-04-01T21:16:23.477+0000] {processor.py:179} INFO - Processing /opt/airflow/dags/realtime_pipeline.py took 0.073 seconds
[2025-04-01T21:16:53.656+0000] {processor.py:157} INFO - Started process (PID=604) to work on /opt/airflow/dags/realtime_pipeline.py
[2025-04-01T21:16:53.656+0000] {processor.py:829} INFO - Processing file /opt/airflow/dags/realtime_pipeline.py for tasks to queue
[2025-04-01T21:16:53.657+0000] {logging_mixin.py:151} INFO - [2025-04-01T21:16:53.657+0000] {dagbag.py:539} INFO - Filling up the DagBag from /opt/airflow/dags/realtime_pipeline.py
[2025-04-01T21:16:53.674+0000] {processor.py:839} INFO - DAG(s) dict_keys(['realtime_pipeline']) retrieved from /opt/airflow/dags/realtime_pipeline.py
[2025-04-01T21:16:53.695+0000] {logging_mixin.py:151} INFO - [2025-04-01T21:16:53.695+0000] {dag.py:2907} INFO - Sync 1 DAGs
[2025-04-01T21:16:53.726+0000] {processor.py:179} INFO - Processing /opt/airflow/dags/realtime_pipeline.py took 0.073 seconds
[2025-04-01T21:17:23.890+0000] {processor.py:157} INFO - Started process (PID=609) to work on /opt/airflow/dags/realtime_pipeline.py
[2025-04-01T21:17:23.890+0000] {processor.py:829} INFO - Processing file /opt/airflow/dags/realtime_pipeline.py for tasks to queue
[2025-04-01T21:17:23.891+0000] {logging_mixin.py:151} INFO - [2025-04-01T21:17:23.891+0000] {dagbag.py:539} INFO - Filling up the DagBag from /opt/airflow/dags/realtime_pipeline.py
[2025-04-01T21:17:23.907+0000] {processor.py:839} INFO - DAG(s) dict_keys(['realtime_pipeline']) retrieved from /opt/airflow/dags/realtime_pipeline.py
[2025-04-01T21:17:23.930+0000] {logging_mixin.py:151} INFO - [2025-04-01T21:17:23.930+0000] {dag.py:2907} INFO - Sync 1 DAGs
[2025-04-01T21:17:23.967+0000] {processor.py:179} INFO - Processing /opt/airflow/dags/realtime_pipeline.py took 0.079 seconds
